PCAD Importer Log
Project : L298N.LibPkg

Section : E:\standCharger\electroparts\lib\L298N.lia
    Section : PCB Library - L298N.PcbLib
        Section : Load Messages
            Warning - 1 : Skipping Token L298N On Line 145
            Warning - 1 : Skipping Token attachedSymbol On Line 322
        EndSection

        Section : Import Messages
        EndSection
    EndSection

    Section : SCH Library - L298N.SchLib
        Section : Parsing Messages
            Warning - 1 : Skipping Token padStyleDef On Line 9
            Warning - 1 : Skipping Token padStyleDef On Line 21
            Warning - 1 : Skipping Token multiLayer On Line 96
            Warning - 1 : Skipping Token layerContents On Line 113
            Warning - 1 : Skipping Token layerContents On Line 122
            Warning - 1 : Skipping Token layerContents On Line 131
            Warning - 1 : Skipping Token layerContents On Line 137
        EndSection

        Section : Generating SCH Library - L298N.SchLib
        EndSection
    EndSection
EndSection
