Added Component: Designator=J2(PIN1)
Add component. Clean all parameters for all variants
Add component (AddParameter): Name = "LatestRevisionDate"; Value = "17-Jul-2002"; VariantName = "[No Variations]"
Add component (AddParameter): Name = "LatestRevisionNote"; Value = "Re-released for DXP Platform."; VariantName = "[No Variations]"
Add component (AddParameter): Name = "Publisher"; Value = "Altium Limited"; VariantName = "[No Variations]"
Added Component: Designator=J3(PIN1)
Add component. Clean all parameters for all variants
Add component (AddParameter): Name = "LatestRevisionDate"; Value = "17-Jul-2002"; VariantName = "[No Variations]"
Add component (AddParameter): Name = "LatestRevisionNote"; Value = "Re-released for DXP Platform."; VariantName = "[No Variations]"
Add component (AddParameter): Name = "Publisher"; Value = "Altium Limited"; VariantName = "[No Variations]"
Added Component: Designator=P1(HDR1X3)
Add component. Clean all parameters for all variants
Add component (AddParameter): Name = "LatestRevisionDate"; Value = "17-Jul-2002"; VariantName = "[No Variations]"
Add component (AddParameter): Name = "LatestRevisionNote"; Value = "Re-released for DXP Platform."; VariantName = "[No Variations]"
Add component (AddParameter): Name = "Publisher"; Value = "Altium Limited"; VariantName = "[No Variations]"
Added Component: Designator=R1(6-0805_L)
Add component. Clean all parameters for all variants
Add component (AddParameter): Name = ""; Value = "Res 0603"; VariantName = "[No Variations]"
Added Pin To Net: NetName=GND Pin=P1-2
Added Pin To Net: NetName=GND Pin=R1-2
Added Net: Name=GND
Added Pin To Net: NetName=Out Pin=J3-1
Added Pin To Net: NetName=Out Pin=P1-3
Added Pin To Net: NetName=Out Pin=R1-1
Added Net: Name=Out
Added Pin To Net: NetName=VCC Pin=J1-1
Added Pin To Net: NetName=VCC Pin=P1-1
Added Net: Name=VCC
Added Member To Class: ClassName=MicroSwitch Member=Component J2 Socket
Added Member To Class: ClassName=MicroSwitch Member=Component J3 Socket
Added Member To Class: ClassName=MicroSwitch Member=Component P1 Header 3
Added Member To Class: ClassName=MicroSwitch Member=Component R1 10K
