Removed Pin From Net: NetName=VIN Pin=P1-1
Removed Pin From Net: NetName=GND Pin=P1-2
Removed Member From Class: ClassName=regularCharger Member=P1
Added Component: Designator=D1(*DIOM5227X270N_S1M(Primary))
Add component. Clean all parameters for all variants
Add component (AddParameter): Name = "Availability"; Value = "Unavailable"; VariantName = "[No Variations]"
Add component (AddParameter): Name = "MF"; Value = "ON Semiconductor"; VariantName = "[No Variations]"
Add component (AddParameter): Name = "MP"; Value = "S1M"; VariantName = "[No Variations]"
Add component (AddParameter): Name = "Package"; Value = "DO-214AC-214 ON Semiconductor"; VariantName = "[No Variations]"
Add component (AddParameter): Name = "Price"; Value = "None"; VariantName = "[No Variations]"
Add component (AddParameter): Name = "SnapEDA_Link"; Value = "https://www.snapeda.com/parts/S1M/ON%20Semiconductor/view-part/?ref=snap"; VariantName = "[No Variations]"
Add component (AddParameter): Name = "Value"; Value = ""; VariantName = "[No Variations]"
Added Component: Designator=J1(*OST_OSTTA020161)
Add component. Clean all parameters for all variants
Add component (AddParameter): Name = "Availability"; Value = "Unavailable"; VariantName = "[No Variations]"
Add component (AddParameter): Name = "MF"; Value = "On Shore"; VariantName = "[No Variations]"
Add component (AddParameter): Name = "MP"; Value = "OSTTA020161"; VariantName = "[No Variations]"
Add component (AddParameter): Name = "Package"; Value = "None"; VariantName = "[No Variations]"
Add component (AddParameter): Name = "Price"; Value = "None"; VariantName = "[No Variations]"
Add component (AddParameter): Name = "SnapEDA_Link"; Value = "https://www.snapeda.com/parts/OSTTA020161/On%20Shore%20Technology%20Inc./view-part/?ref=snap"; VariantName = "[No Variations]"
Add component (AddParameter): Name = "Value"; Value = ""; VariantName = "[No Variations]"
Added Component: Designator=J?(*TE_1-292303-1_1-292303-1(Primary))
Add component. Clean all parameters for all variants
Add component (AddParameter): Name = "Availability"; Value = "Unavailable"; VariantName = "[No Variations]"
Add component (AddParameter): Name = "EU_RoHS_Compliance"; Value = "Compliant"; VariantName = "[No Variations]"
Add component (AddParameter): Name = "MF"; Value = "TE Connectivity"; VariantName = "[No Variations]"
Add component (AddParameter): Name = "MP"; Value = "1-292303-1"; VariantName = "[No Variations]"
Add component (AddParameter): Name = "Package"; Value = "None"; VariantName = "[No Variations]"
Add component (AddParameter): Name = "Price"; Value = "None"; VariantName = "[No Variations]"
Add component (AddParameter): Name = "SnapEDA_Link"; Value = "https://www.snapeda.com/parts/1-292303-1/TE%20Connectivity%20AMP%20Connectors/view-part/?ref=snap"; VariantName = "[No Variations]"
Add component (AddParameter): Name = "TE_purchase_URL"; Value = "https://www.te.com/usa-en/product-1-292303-1.html?te_bu=Cor&te_type=disp&te_campaign=seda_glo_cor-seda-global-disp-prtnr-fy19-seda-model-bom-cta_sma-317_1&elqCampaignId=32493"; VariantName = "[No Variations]"
Add component (AddParameter): Name = "Value"; Value = ""; VariantName = "[No Variations]"
Added Pin To Net: NetName=GND Pin=D1-A
Added Pin To Net: NetName=VIN Pin=J1-1
Added Pin To Net: NetName=GND Pin=J1-2
Added Pin To Net: NetName=V_OUT Pin=J?-1
Added Pin To Net: NetName=GND Pin=J?-4
Added Pin To Net: NetName=GND Pin=J?-S1
Added Pin To Net: NetName=GND Pin=J?-S2
Added Pin To Net: NetName=NetD1_C Pin=D1-C
Added Pin To Net: NetName=NetD1_C Pin=U1-2
Added Net: Name=NetD1_C
Added Member To Class: ClassName=regularCharger Member=Component D1 S1M
Added Member To Class: ClassName=regularCharger Member=Component J1 OSTTA020161
Added Member To Class: ClassName=regularCharger Member=Component J? 1-292303-1
