Removed Pin From Net: NetName=EncoderOut Pin=P5-1
Removed Pin From Net: NetName=MicroSwitchOut Pin=P5-2
Removed Pin From Net: NetName=LockSensorOut Pin=P5-3
Removed Pin From Net: NetName=PhoneSensorOut Pin=P5-4
Removed Member From Class: ClassName=shelfControl Member=P7
Change Component DesignItemId : Designator=P2 Old DesignItemId=Header 2 New DesignItemId=Header 3
Change Component DesignItemId : Designator=P3 Old DesignItemId=Header 2 New DesignItemId=Header 3
Change Component DesignItemId : Designator=P4 Old DesignItemId=Header 2 New DesignItemId=Header 3
Change Component DesignItemId : Designator=P6 Old DesignItemId=Header 2 New DesignItemId=Header 3
Change Component Footprint: Designator=P2 Old Footprint=HDR1X2 New Footprint=HDR1X3
Change Component Footprint: Designator=P3 Old Footprint=HDR1X2 New Footprint=HDR1X3
Change Component Footprint: Designator=P4 Old Footprint=HDR1X2 New Footprint=HDR1X3
Change Component Footprint: Designator=P6 Old Footprint=HDR1X2 New Footprint=HDR1X3
Change Component Comment : Designator=P2 Old Comment=Header 2 New Comment=Header 3
Change Component Comment : Designator=P3 Old Comment=Header 2 New Comment=Header 3
Change Component Comment : Designator=P4 Old Comment=Header 2 New Comment=Header 3
Change Component Comment : Designator=P6 Old Comment=Header 2 New Comment=Header 3
Change Component Designator: OldDesignator=P6 NewDesignator=P5
Change Component Designator: OldDesignator=P7 NewDesignator=P6
Change Component Description : Designator=P2 Old Description=Header, 2-Pin New Description=Header, 3-Pin
Change Component Description : Designator=P3 Old Description=Header, 2-Pin New Description=Header, 3-Pin
Change Component Description : Designator=P4 Old Description=Header, 2-Pin New Description=Header, 3-Pin
Change Component Description : Designator=P5 Old Description=Header, 2-Pin New Description=Header, 3-Pin
Added Pin To Net: NetName=NetD1_2 Pin=D1-A
Added Pin To Net: NetName=NetD2_2 Pin=D2-A
Added Pin To Net: NetName=NetD3_2 Pin=D3-A
Added Pin To Net: NetName=NetD4_1 Pin=D4-A
Added Pin To Net: NetName=NetD5_1 Pin=D5-A
Added Pin To Net: NetName=NetD6_1 Pin=D6-A
Added Pin To Net: NetName=EncoderOut Pin=P2-3
Added Pin To Net: NetName=MicroSwitchOut Pin=P3-3
Added Pin To Net: NetName=LockSensorOut Pin=P4-3
Added Pin To Net: NetName=PhoneSensorOut Pin=P5-3
Change Net Name : Old Net Name=NetP6_2 New Net Name=NetP5_2
