Removed Pin From Net: NetName=NetP2_2 Pin=Q5-1
Removed Pin From Net: NetName=GND Pin=Q5-3
Removed Pin From Net: NetName=NetP4_2 Pin=Q8-1
Removed Pin From Net: NetName=GND Pin=Q8-3
Removed Pin From Net: NetName=NetP6_2 Pin=Q11-1
Removed Pin From Net: NetName=GND Pin=Q11-3
Change Component Comment : Designator=Q5 Old Comment=s9012 New Comment=s9018
Change Component Comment : Designator=Q8 Old Comment=s9012 New Comment=s9018
Change component parameters: Designator = "R14"; Footprint = "6-0805_L"; UniqueID = "\BCETGTGI"
Change component parameters. Clean all parameters for all variants
Change component parameters (AddParameter): Name = "LatestRevisionDate"; Value = "17-Jul-2002"; VariantName = "[No Variations]"
Change component parameters (AddParameter): Name = "LatestRevisionNote"; Value = "Re-released for DXP Platform."; VariantName = "[No Variations]"
Change component parameters (AddParameter): Name = "PackageDescription"; Value = "Axial Device, Thru-Hole; 2 Leads; 0.3 in Pin Spacing"; VariantName = "[No Variations]"
Change component parameters (AddParameter): Name = "PackageReference"; Value = "AXIAL-0.3"; VariantName = "[No Variations]"
Change component parameters (AddParameter): Name = "Published"; Value = "8-Jun-2000"; VariantName = "[No Variations]"
Change component parameters (AddParameter): Name = "Publisher"; Value = "Altium Limited"; VariantName = "[No Variations]"
Change component parameters (AddParameter): Name = "Value"; Value = "10K"; VariantName = "[No Variations]"
Change component parameters: Designator = "R21"; Footprint = "6-0805_L"; UniqueID = "\UNROXSSC"
Change component parameters. Clean all parameters for all variants
Change component parameters (AddParameter): Name = "LatestRevisionDate"; Value = "17-Jul-2002"; VariantName = "[No Variations]"
Change component parameters (AddParameter): Name = "LatestRevisionNote"; Value = "Re-released for DXP Platform."; VariantName = "[No Variations]"
Change component parameters (AddParameter): Name = "PackageDescription"; Value = "Axial Device, Thru-Hole; 2 Leads; 0.3 in Pin Spacing"; VariantName = "[No Variations]"
Change component parameters (AddParameter): Name = "PackageReference"; Value = "AXIAL-0.3"; VariantName = "[No Variations]"
Change component parameters (AddParameter): Name = "Published"; Value = "8-Jun-2000"; VariantName = "[No Variations]"
Change component parameters (AddParameter): Name = "Publisher"; Value = "Altium Limited"; VariantName = "[No Variations]"
Change component parameters (AddParameter): Name = "Value"; Value = "10K"; VariantName = "[No Variations]"
Change component parameters: Designator = "R25"; Footprint = "6-0805_L"; UniqueID = "\MVTKQLCC"
Change component parameters. Clean all parameters for all variants
Change component parameters (AddParameter): Name = "LatestRevisionDate"; Value = "17-Jul-2002"; VariantName = "[No Variations]"
Change component parameters (AddParameter): Name = "LatestRevisionNote"; Value = "Re-released for DXP Platform."; VariantName = "[No Variations]"
Change component parameters (AddParameter): Name = "PackageDescription"; Value = "Axial Device, Thru-Hole; 2 Leads; 0.3 in Pin Spacing"; VariantName = "[No Variations]"
Change component parameters (AddParameter): Name = "PackageReference"; Value = "AXIAL-0.3"; VariantName = "[No Variations]"
Change component parameters (AddParameter): Name = "Published"; Value = "8-Jun-2000"; VariantName = "[No Variations]"
Change component parameters (AddParameter): Name = "Publisher"; Value = "Altium Limited"; VariantName = "[No Variations]"
Change component parameters (AddParameter): Name = "Value"; Value = "10K"; VariantName = "[No Variations]"
Added Pin To Net: NetName=NetD1_2 Pin=D1-A
Added Pin To Net: NetName=NetD2_2 Pin=D2-A
Added Pin To Net: NetName=NetD3_2 Pin=D3-A
Added Pin To Net: NetName=NetD4_2 Pin=D4-A
Added Pin To Net: NetName=NetD5_2 Pin=D5-A
Added Pin To Net: NetName=NetD6_2 Pin=D6-A
Added Pin To Net: NetName=GND Pin=Q5-2
Added Pin To Net: NetName=NetP2_2 Pin=Q5-3
Added Pin To Net: NetName=GND Pin=Q8-2
Added Pin To Net: NetName=NetP4_2 Pin=Q8-3
Added Pin To Net: NetName=GND Pin=Q11-2
Added Pin To Net: NetName=NetP6_2 Pin=Q11-3
Added Pin To Net: NetName=NetQ5_1 Pin=Q5-1
Added Pin To Net: NetName=NetQ5_1 Pin=R11-2
Added Pin To Net: NetName=NetQ5_1 Pin=R14-1
Added Net: Name=NetQ5_1
Added Pin To Net: NetName=NetQ8_1 Pin=Q8-1
Added Pin To Net: NetName=NetQ8_1 Pin=R19-2
Added Pin To Net: NetName=NetQ8_1 Pin=R21-1
Added Net: Name=NetQ8_1
Added Pin To Net: NetName=NetQ11_1 Pin=Q11-1
Added Pin To Net: NetName=NetQ11_1 Pin=R23-2
Added Pin To Net: NetName=NetQ11_1 Pin=R25-1
Added Net: Name=NetQ11_1
