Removed Pin From Net: NetName=5V Pin=J10-2
Removed Pin From Net: NetName=5V Pin=J12-2
Added Component: Designator=P9(HDR1X3)
Add component. Clean all parameters for all variants
Add component (AddParameter): Name = "LatestRevisionDate"; Value = "17-Jul-2002"; VariantName = "[No Variations]"
Add component (AddParameter): Name = "LatestRevisionNote"; Value = "Re-released for DXP Platform."; VariantName = "[No Variations]"
Add component (AddParameter): Name = "Publisher"; Value = "Altium Limited"; VariantName = "[No Variations]"
Added Component: Designator=P10(HDR1X3)
Add component. Clean all parameters for all variants
Add component (AddParameter): Name = "LatestRevisionDate"; Value = "17-Jul-2002"; VariantName = "[No Variations]"
Add component (AddParameter): Name = "LatestRevisionNote"; Value = "Re-released for DXP Platform."; VariantName = "[No Variations]"
Add component (AddParameter): Name = "Publisher"; Value = "Altium Limited"; VariantName = "[No Variations]"
Added Pin To Net: NetName=NetD1_2 Pin=D1-A
Added Pin To Net: NetName=NetD2_2 Pin=D2-A
Added Pin To Net: NetName=NetD3_2 Pin=D3-A
Added Pin To Net: NetName=NetD4_1 Pin=D4-A
Added Pin To Net: NetName=NetD5_1 Pin=D5-A
Added Pin To Net: NetName=NetD6_1 Pin=D6-A
Added Pin To Net: NetName=5V Pin=P9-1
Added Pin To Net: NetName=12V Pin=P9-3
Added Pin To Net: NetName=5V Pin=P10-1
Added Pin To Net: NetName=12V Pin=P10-3
Added Pin To Net: NetName=NetJ10_2 Pin=J10-2
Added Pin To Net: NetName=NetJ10_2 Pin=P9-2
Added Net: Name=NetJ10_2
Added Pin To Net: NetName=NetJ12_2 Pin=J12-2
Added Pin To Net: NetName=NetJ12_2 Pin=P10-2
Added Net: Name=NetJ12_2
Added Member To Class: ClassName=shelfControl Member=Component P9 Header 3
Added Member To Class: ClassName=shelfControl Member=Component P10 Header 3
Added Room: Name=shelfControl
