Removed Pin From Net: NetName=GreenLEDControl Pin=P1-1
Removed Pin From Net: NetName=RedLEDControl Pin=P1-2
Removed Pin From Net: NetName=LockControl Pin=P1-3
Removed Pin From Net: NetName=Motor Pin=P1-4
Removed Pin From Net: NetName=Fan Pin=P1-5
Removed Pin From Net: NetName=Encoder Pin=P1-6
Removed Pin From Net: NetName=MicroSwitch Pin=P1-7
Removed Pin From Net: NetName=LockSensor Pin=P1-8
Removed Pin From Net: NetName=PhoneSensor Pin=P1-9
Removed Pin From Net: NetName=Charger2Measure Pin=P1-10
Removed Pin From Net: NetName=Charger2Normal Pin=P1-11
Removed Pin From Net: NetName=Charger1Measure Pin=P1-12
Removed Pin From Net: NetName=Charger1Normal Pin=P1-13
Change Component DesignItemId : Designator=P1 Old DesignItemId=Header 13 New DesignItemId=Header 10
Change Component Footprint: Designator=P1 Old Footprint=HDR1X13 New Footprint=HDR1X10
Change Component Comment : Designator=P1 Old Comment=Header 13 New Comment=Header 10
Change Component Description : Designator=P1 Old Description=Header, 13-Pin New Description=Header, 10-Pin
Added Component: Designator=P8(HDR1X3)
Add component. Clean all parameters for all variants
Add component (AddParameter): Name = "LatestRevisionDate"; Value = "17-Jul-2002"; VariantName = "[No Variations]"
Add component (AddParameter): Name = "LatestRevisionNote"; Value = "Re-released for DXP Platform."; VariantName = "[No Variations]"
Add component (AddParameter): Name = "Publisher"; Value = "Altium Limited"; VariantName = "[No Variations]"
Added Pin To Net: NetName=Encoder Pin=P1-1
Added Pin To Net: NetName=MicroSwitch Pin=P1-2
Added Pin To Net: NetName=LockSensor Pin=P1-3
Added Pin To Net: NetName=PhoneSensor Pin=P1-4
Added Pin To Net: NetName=GreenLEDControl Pin=P1-5
Added Pin To Net: NetName=RedLEDControl Pin=P1-6
Added Pin To Net: NetName=Motor Pin=P1-7
Added Pin To Net: NetName=Fan Pin=P1-8
Added Pin To Net: NetName=LockControl Pin=P1-9
Added Pin To Net: NetName=Charger1Measure Pin=P1-10
Added Pin To Net: NetName=Charger1Normal Pin=P8-1
Added Pin To Net: NetName=Charger2Measure Pin=P8-2
Added Pin To Net: NetName=Charger2Normal Pin=P8-3
Added Member To Class: ClassName=shelfControl Member=Component P8 Header 3
