Removed Pin From Net: NetName=GreenLEDControl Pin=P1-1
Removed Pin From Net: NetName=RedLEDControl Pin=P1-2
Removed Pin From Net: NetName=LockControl Pin=P1-3
Removed Pin From Net: NetName=Motor Pin=P1-4
Removed Pin From Net: NetName=Fan Pin=P1-5
Removed Pin From Net: NetName=Encoder Pin=P1-6
Removed Pin From Net: NetName=MicroSwitch Pin=P1-7
Removed Pin From Net: NetName=LockSensor Pin=P1-8
Removed Pin From Net: NetName=PhoneSensor Pin=P1-9
Removed Pin From Net: NetName=Charger2Measure Pin=P1-10
Removed Pin From Net: NetName=Charger2Normal Pin=P1-11
Removed Pin From Net: NetName=Charger1Measure Pin=P1-12
Removed Pin From Net: NetName=Charger1Normal Pin=P1-13
Added Pin To Net: NetName=Encoder Pin=P1-1
Added Pin To Net: NetName=MicroSwitch Pin=P1-2
Added Pin To Net: NetName=LockSensor Pin=P1-3
Added Pin To Net: NetName=PhoneSensor Pin=P1-4
Added Pin To Net: NetName=GreenLEDControl Pin=P1-5
Added Pin To Net: NetName=RedLEDControl Pin=P1-6
Added Pin To Net: NetName=Motor Pin=P1-7
Added Pin To Net: NetName=Fan Pin=P1-8
Added Pin To Net: NetName=LockControl Pin=P1-9
Added Pin To Net: NetName=Charger1Measure Pin=P1-10
Added Pin To Net: NetName=Charger1Normal Pin=P1-11
Added Pin To Net: NetName=Charger2Measure Pin=P1-12
Added Pin To Net: NetName=Charger2Normal Pin=P1-13
