Removed Pin From Net: NetName=NetD2_2 Pin=J1-1
Removed Pin From Net: NetName=12V Pin=J1-2
Removed Pin From Net: NetName=DriverPin2 Pin=J3-2
Removed Pin From Net: NetName=5V Pin=J4-1
Removed Pin From Net: NetName=GND Pin=J4-2
Removed Pin From Net: NetName=DriverPin2 Pin=J5-1
Removed Pin From Net: NetName=DriverPin1 Pin=J5-2
Removed Pin From Net: NetName=12V Pin=J7-2
Removed Pin From Net: NetName=NetD3_1 Pin=J8-1
Removed Pin From Net: NetName=NetD5_1 Pin=J10-1
Change Component Footprint: Designator=J1 Old Footprint=*OST_OSTTA020161 New Footprint=*TE_6-1123723-2
Change Component Footprint: Designator=J2 Old Footprint=*OST_OSTTA020161 New Footprint=*TE_6-1123723-2
Change Component Footprint: Designator=J3 Old Footprint=*OST_OSTTA020161 New Footprint=*TE_6-1123723-2
Change Component Footprint: Designator=J4 Old Footprint=*OST_OSTTA020161 New Footprint=*TE_6-1123723-2
Change Component Footprint: Designator=J5 Old Footprint=*OST_OSTTA020161 New Footprint=*TE_6-1123723-2
Change Component Footprint: Designator=J6 Old Footprint=*OST_OSTTA020161 New Footprint=*TE_6-1123723-2
Change Component Footprint: Designator=J7 Old Footprint=*OST_OSTTA020161 New Footprint=*TE_6-1123723-2
Change Component Footprint: Designator=J8 Old Footprint=*OST_OSTTA020161 New Footprint=*TE_6-1123723-2
Change Component Footprint: Designator=J9 Old Footprint=*OST_OSTTA020161 New Footprint=*TE_6-1123723-2
Change Component Footprint: Designator=J10 Old Footprint=*OST_OSTTA020161 New Footprint=*TE_6-1123723-2
Change Component Comment : Designator=J7 Old Comment=ACS712Measure New Comment=6-1123723-2
Change Component Comment : Designator=J1 Old Comment=Power Pin New Comment=6-1123723-2
Change Component Comment : Designator=J2 Old Comment=Power Pin New Comment=6-1123723-2
Change Component Comment : Designator=J3 Old Comment=Power Pin New Comment=6-1123723-2
Change Component Comment : Designator=J4 Old Comment=Power Pin New Comment=6-1123723-2
Change Component Comment : Designator=J5 Old Comment=Power Pin New Comment=6-1123723-2
Change Component Comment : Designator=J6 Old Comment=Power Pin New Comment=6-1123723-2
Change Component Comment : Designator=J8 Old Comment=Power Pin New Comment=6-1123723-2
Change Component Comment : Designator=J10 Old Comment=Power Pin New Comment=6-1123723-2
Change component parameters: Designator = "J1"; Footprint = "*TE_6-1123723-2"; UniqueID = "\KWIJSRQC"
Change component parameters. Clean all parameters for all variants
Change component parameters (AddParameter): Name = "Availability"; Value = "Unavailable"; VariantName = "[No Variations]"
Change component parameters (AddParameter): Name = "Centerline_Pitch"; Value = "3.96 mm[.156 in]"; VariantName = "[No Variations]"
Change component parameters (AddParameter): Name = "EU_RoHS_Compliance"; Value = "Compliant"; VariantName = "[No Variations]"
Change component parameters (AddParameter): Name = "MF"; Value = "TE Connectivity"; VariantName = "[No Variations]"
Change component parameters (AddParameter): Name = "MP"; Value = "6-1123723-2"; VariantName = "[No Variations]"
Change component parameters (AddParameter): Name = "Number_of_Positions"; Value = "2"; VariantName = "[No Variations]"
Change component parameters (AddParameter): Name = "Package"; Value = "None"; VariantName = "[No Variations]"
Change component parameters (AddParameter): Name = "Price"; Value = "None"; VariantName = "[No Variations]"
Change component parameters (AddParameter): Name = "Product_Type"; Value = "Header"; VariantName = "[No Variations]"
Change component parameters (AddParameter): Name = "SnapEDA_Link"; Value = "https://www.snapeda.com/parts/6-1123723-2/TE%20Connectivity%20AMP%20Connectors/view-part/?ref=snap"; VariantName = "[No Variations]"
Change component parameters (AddParameter): Name = "TE_purchase_URL"; Value = "https://www.te.com/usa-en/product-6-1123723-2.html?te_bu=Cor&te_type=disp&te_campaign=seda_glo_cor-seda-global-disp-prtnr-fy19-seda-model-bom-cta_sma-317_1&elqCampaignId=32493"; VariantName = "[No Variations]"
Change component parameters (AddParameter): Name = "Value"; Value = ""; VariantName = "[No Variations]"
Change component parameters: Designator = "J2"; Footprint = "*TE_6-1123723-2"; UniqueID = "\ARKEOHPC"
Change component parameters. Clean all parameters for all variants
Change component parameters (AddParameter): Name = "Availability"; Value = "Unavailable"; VariantName = "[No Variations]"
Change component parameters (AddParameter): Name = "Centerline_Pitch"; Value = "3.96 mm[.156 in]"; VariantName = "[No Variations]"
Change component parameters (AddParameter): Name = "EU_RoHS_Compliance"; Value = "Compliant"; VariantName = "[No Variations]"
Change component parameters (AddParameter): Name = "MF"; Value = "TE Connectivity"; VariantName = "[No Variations]"
Change component parameters (AddParameter): Name = "MP"; Value = "6-1123723-2"; VariantName = "[No Variations]"
Change component parameters (AddParameter): Name = "Number_of_Positions"; Value = "2"; VariantName = "[No Variations]"
Change component parameters (AddParameter): Name = "Package"; Value = "None"; VariantName = "[No Variations]"
Change component parameters (AddParameter): Name = "Price"; Value = "None"; VariantName = "[No Variations]"
Change component parameters (AddParameter): Name = "Product_Type"; Value = "Header"; VariantName = "[No Variations]"
Change component parameters (AddParameter): Name = "SnapEDA_Link"; Value = "https://www.snapeda.com/parts/6-1123723-2/TE%20Connectivity%20AMP%20Connectors/view-part/?ref=snap"; VariantName = "[No Variations]"
Change component parameters (AddParameter): Name = "TE_purchase_URL"; Value = "https://www.te.com/usa-en/product-6-1123723-2.html?te_bu=Cor&te_type=disp&te_campaign=seda_glo_cor-seda-global-disp-prtnr-fy19-seda-model-bom-cta_sma-317_1&elqCampaignId=32493"; VariantName = "[No Variations]"
Change component parameters (AddParameter): Name = "Value"; Value = ""; VariantName = "[No Variations]"
Change component parameters: Designator = "J3"; Footprint = "*TE_6-1123723-2"; UniqueID = "\XIEBMGIC"
Change component parameters. Clean all parameters for all variants
Change component parameters (AddParameter): Name = "Availability"; Value = "Unavailable"; VariantName = "[No Variations]"
Change component parameters (AddParameter): Name = "Centerline_Pitch"; Value = "3.96 mm[.156 in]"; VariantName = "[No Variations]"
Change component parameters (AddParameter): Name = "EU_RoHS_Compliance"; Value = "Compliant"; VariantName = "[No Variations]"
Change component parameters (AddParameter): Name = "MF"; Value = "TE Connectivity"; VariantName = "[No Variations]"
Change component parameters (AddParameter): Name = "MP"; Value = "6-1123723-2"; VariantName = "[No Variations]"
Change component parameters (AddParameter): Name = "Number_of_Positions"; Value = "2"; VariantName = "[No Variations]"
Change component parameters (AddParameter): Name = "Package"; Value = "None"; VariantName = "[No Variations]"
Change component parameters (AddParameter): Name = "Price"; Value = "None"; VariantName = "[No Variations]"
Change component parameters (AddParameter): Name = "Product_Type"; Value = "Header"; VariantName = "[No Variations]"
Change component parameters (AddParameter): Name = "SnapEDA_Link"; Value = "https://www.snapeda.com/parts/6-1123723-2/TE%20Connectivity%20AMP%20Connectors/view-part/?ref=snap"; VariantName = "[No Variations]"
Change component parameters (AddParameter): Name = "TE_purchase_URL"; Value = "https://www.te.com/usa-en/product-6-1123723-2.html?te_bu=Cor&te_type=disp&te_campaign=seda_glo_cor-seda-global-disp-prtnr-fy19-seda-model-bom-cta_sma-317_1&elqCampaignId=32493"; VariantName = "[No Variations]"
Change component parameters (AddParameter): Name = "Value"; Value = ""; VariantName = "[No Variations]"
Change component parameters: Designator = "J4"; Footprint = "*TE_6-1123723-2"; UniqueID = "\REQIVQIL"
Change component parameters. Clean all parameters for all variants
Change component parameters (AddParameter): Name = "Availability"; Value = "Unavailable"; VariantName = "[No Variations]"
Change component parameters (AddParameter): Name = "Centerline_Pitch"; Value = "3.96 mm[.156 in]"; VariantName = "[No Variations]"
Change component parameters (AddParameter): Name = "EU_RoHS_Compliance"; Value = "Compliant"; VariantName = "[No Variations]"
Change component parameters (AddParameter): Name = "MF"; Value = "TE Connectivity"; VariantName = "[No Variations]"
Change component parameters (AddParameter): Name = "MP"; Value = "6-1123723-2"; VariantName = "[No Variations]"
Change component parameters (AddParameter): Name = "Number_of_Positions"; Value = "2"; VariantName = "[No Variations]"
Change component parameters (AddParameter): Name = "Package"; Value = "None"; VariantName = "[No Variations]"
Change component parameters (AddParameter): Name = "Price"; Value = "None"; VariantName = "[No Variations]"
Change component parameters (AddParameter): Name = "Product_Type"; Value = "Header"; VariantName = "[No Variations]"
Change component parameters (AddParameter): Name = "SnapEDA_Link"; Value = "https://www.snapeda.com/parts/6-1123723-2/TE%20Connectivity%20AMP%20Connectors/view-part/?ref=snap"; VariantName = "[No Variations]"
Change component parameters (AddParameter): Name = "TE_purchase_URL"; Value = "https://www.te.com/usa-en/product-6-1123723-2.html?te_bu=Cor&te_type=disp&te_campaign=seda_glo_cor-seda-global-disp-prtnr-fy19-seda-model-bom-cta_sma-317_1&elqCampaignId=32493"; VariantName = "[No Variations]"
Change component parameters (AddParameter): Name = "Value"; Value = ""; VariantName = "[No Variations]"
Change component parameters: Designator = "J5"; Footprint = "*TE_6-1123723-2"; UniqueID = "\BNKFQEAB"
Change component parameters. Clean all parameters for all variants
Change component parameters (AddParameter): Name = "Availability"; Value = "Unavailable"; VariantName = "[No Variations]"
Change component parameters (AddParameter): Name = "Centerline_Pitch"; Value = "3.96 mm[.156 in]"; VariantName = "[No Variations]"
Change component parameters (AddParameter): Name = "EU_RoHS_Compliance"; Value = "Compliant"; VariantName = "[No Variations]"
Change component parameters (AddParameter): Name = "MF"; Value = "TE Connectivity"; VariantName = "[No Variations]"
Change component parameters (AddParameter): Name = "MP"; Value = "6-1123723-2"; VariantName = "[No Variations]"
Change component parameters (AddParameter): Name = "Number_of_Positions"; Value = "2"; VariantName = "[No Variations]"
Change component parameters (AddParameter): Name = "Package"; Value = "None"; VariantName = "[No Variations]"
Change component parameters (AddParameter): Name = "Price"; Value = "None"; VariantName = "[No Variations]"
Change component parameters (AddParameter): Name = "Product_Type"; Value = "Header"; VariantName = "[No Variations]"
Change component parameters (AddParameter): Name = "SnapEDA_Link"; Value = "https://www.snapeda.com/parts/6-1123723-2/TE%20Connectivity%20AMP%20Connectors/view-part/?ref=snap"; VariantName = "[No Variations]"
Change component parameters (AddParameter): Name = "TE_purchase_URL"; Value = "https://www.te.com/usa-en/product-6-1123723-2.html?te_bu=Cor&te_type=disp&te_campaign=seda_glo_cor-seda-global-disp-prtnr-fy19-seda-model-bom-cta_sma-317_1&elqCampaignId=32493"; VariantName = "[No Variations]"
Change component parameters (AddParameter): Name = "Value"; Value = ""; VariantName = "[No Variations]"
Change component parameters: Designator = "J6"; Footprint = "*TE_6-1123723-2"; UniqueID = "\AVVMNLCS"
Change component parameters. Clean all parameters for all variants
Change component parameters (AddParameter): Name = "Availability"; Value = "Unavailable"; VariantName = "[No Variations]"
Change component parameters (AddParameter): Name = "Centerline_Pitch"; Value = "3.96 mm[.156 in]"; VariantName = "[No Variations]"
Change component parameters (AddParameter): Name = "EU_RoHS_Compliance"; Value = "Compliant"; VariantName = "[No Variations]"
Change component parameters (AddParameter): Name = "MF"; Value = "TE Connectivity"; VariantName = "[No Variations]"
Change component parameters (AddParameter): Name = "MP"; Value = "6-1123723-2"; VariantName = "[No Variations]"
Change component parameters (AddParameter): Name = "Number_of_Positions"; Value = "2"; VariantName = "[No Variations]"
Change component parameters (AddParameter): Name = "Package"; Value = "None"; VariantName = "[No Variations]"
Change component parameters (AddParameter): Name = "Price"; Value = "None"; VariantName = "[No Variations]"
Change component parameters (AddParameter): Name = "Product_Type"; Value = "Header"; VariantName = "[No Variations]"
Change component parameters (AddParameter): Name = "SnapEDA_Link"; Value = "https://www.snapeda.com/parts/6-1123723-2/TE%20Connectivity%20AMP%20Connectors/view-part/?ref=snap"; VariantName = "[No Variations]"
Change component parameters (AddParameter): Name = "TE_purchase_URL"; Value = "https://www.te.com/usa-en/product-6-1123723-2.html?te_bu=Cor&te_type=disp&te_campaign=seda_glo_cor-seda-global-disp-prtnr-fy19-seda-model-bom-cta_sma-317_1&elqCampaignId=32493"; VariantName = "[No Variations]"
Change component parameters (AddParameter): Name = "Value"; Value = ""; VariantName = "[No Variations]"
Change component parameters: Designator = "J7"; Footprint = "*TE_6-1123723-2"; UniqueID = "\AAEASISY"
Change component parameters. Clean all parameters for all variants
Change component parameters (AddParameter): Name = "Availability"; Value = "Unavailable"; VariantName = "[No Variations]"
Change component parameters (AddParameter): Name = "Centerline_Pitch"; Value = "3.96 mm[.156 in]"; VariantName = "[No Variations]"
Change component parameters (AddParameter): Name = "EU_RoHS_Compliance"; Value = "Compliant"; VariantName = "[No Variations]"
Change component parameters (AddParameter): Name = "MF"; Value = "TE Connectivity"; VariantName = "[No Variations]"
Change component parameters (AddParameter): Name = "MP"; Value = "6-1123723-2"; VariantName = "[No Variations]"
Change component parameters (AddParameter): Name = "Number_of_Positions"; Value = "2"; VariantName = "[No Variations]"
Change component parameters (AddParameter): Name = "Package"; Value = "None"; VariantName = "[No Variations]"
Change component parameters (AddParameter): Name = "Price"; Value = "None"; VariantName = "[No Variations]"
Change component parameters (AddParameter): Name = "Product_Type"; Value = "Header"; VariantName = "[No Variations]"
Change component parameters (AddParameter): Name = "SnapEDA_Link"; Value = "https://www.snapeda.com/parts/6-1123723-2/TE%20Connectivity%20AMP%20Connectors/view-part/?ref=snap"; VariantName = "[No Variations]"
Change component parameters (AddParameter): Name = "TE_purchase_URL"; Value = "https://www.te.com/usa-en/product-6-1123723-2.html?te_bu=Cor&te_type=disp&te_campaign=seda_glo_cor-seda-global-disp-prtnr-fy19-seda-model-bom-cta_sma-317_1&elqCampaignId=32493"; VariantName = "[No Variations]"
Change component parameters (AddParameter): Name = "Value"; Value = ""; VariantName = "[No Variations]"
Change component parameters: Designator = "J8"; Footprint = "*TE_6-1123723-2"; UniqueID = "\HCMESYSE"
Change component parameters. Clean all parameters for all variants
Change component parameters (AddParameter): Name = "Availability"; Value = "Unavailable"; VariantName = "[No Variations]"
Change component parameters (AddParameter): Name = "Centerline_Pitch"; Value = "3.96 mm[.156 in]"; VariantName = "[No Variations]"
Change component parameters (AddParameter): Name = "EU_RoHS_Compliance"; Value = "Compliant"; VariantName = "[No Variations]"
Change component parameters (AddParameter): Name = "MF"; Value = "TE Connectivity"; VariantName = "[No Variations]"
Change component parameters (AddParameter): Name = "MP"; Value = "6-1123723-2"; VariantName = "[No Variations]"
Change component parameters (AddParameter): Name = "Number_of_Positions"; Value = "2"; VariantName = "[No Variations]"
Change component parameters (AddParameter): Name = "Package"; Value = "None"; VariantName = "[No Variations]"
Change component parameters (AddParameter): Name = "Price"; Value = "None"; VariantName = "[No Variations]"
Change component parameters (AddParameter): Name = "Product_Type"; Value = "Header"; VariantName = "[No Variations]"
Change component parameters (AddParameter): Name = "SnapEDA_Link"; Value = "https://www.snapeda.com/parts/6-1123723-2/TE%20Connectivity%20AMP%20Connectors/view-part/?ref=snap"; VariantName = "[No Variations]"
Change component parameters (AddParameter): Name = "TE_purchase_URL"; Value = "https://www.te.com/usa-en/product-6-1123723-2.html?te_bu=Cor&te_type=disp&te_campaign=seda_glo_cor-seda-global-disp-prtnr-fy19-seda-model-bom-cta_sma-317_1&elqCampaignId=32493"; VariantName = "[No Variations]"
Change component parameters (AddParameter): Name = "Value"; Value = ""; VariantName = "[No Variations]"
Change component parameters: Designator = "J9"; Footprint = "*TE_6-1123723-2"; UniqueID = "\XKCUFWTU"
Change component parameters. Clean all parameters for all variants
Change component parameters (AddParameter): Name = "Availability"; Value = "Unavailable"; VariantName = "[No Variations]"
Change component parameters (AddParameter): Name = "Centerline_Pitch"; Value = "3.96 mm[.156 in]"; VariantName = "[No Variations]"
Change component parameters (AddParameter): Name = "EU_RoHS_Compliance"; Value = "Compliant"; VariantName = "[No Variations]"
Change component parameters (AddParameter): Name = "MF"; Value = "TE Connectivity"; VariantName = "[No Variations]"
Change component parameters (AddParameter): Name = "MP"; Value = "6-1123723-2"; VariantName = "[No Variations]"
Change component parameters (AddParameter): Name = "Number_of_Positions"; Value = "2"; VariantName = "[No Variations]"
Change component parameters (AddParameter): Name = "Package"; Value = "None"; VariantName = "[No Variations]"
Change component parameters (AddParameter): Name = "Price"; Value = "None"; VariantName = "[No Variations]"
Change component parameters (AddParameter): Name = "Product_Type"; Value = "Header"; VariantName = "[No Variations]"
Change component parameters (AddParameter): Name = "SnapEDA_Link"; Value = "https://www.snapeda.com/parts/6-1123723-2/TE%20Connectivity%20AMP%20Connectors/view-part/?ref=snap"; VariantName = "[No Variations]"
Change component parameters (AddParameter): Name = "TE_purchase_URL"; Value = "https://www.te.com/usa-en/product-6-1123723-2.html?te_bu=Cor&te_type=disp&te_campaign=seda_glo_cor-seda-global-disp-prtnr-fy19-seda-model-bom-cta_sma-317_1&elqCampaignId=32493"; VariantName = "[No Variations]"
Change component parameters (AddParameter): Name = "Value"; Value = ""; VariantName = "[No Variations]"
Change component parameters: Designator = "J10"; Footprint = "*TE_6-1123723-2"; UniqueID = "\FKCQMTNV"
Change component parameters. Clean all parameters for all variants
Change component parameters (AddParameter): Name = "Availability"; Value = "Unavailable"; VariantName = "[No Variations]"
Change component parameters (AddParameter): Name = "Centerline_Pitch"; Value = "3.96 mm[.156 in]"; VariantName = "[No Variations]"
Change component parameters (AddParameter): Name = "EU_RoHS_Compliance"; Value = "Compliant"; VariantName = "[No Variations]"
Change component parameters (AddParameter): Name = "MF"; Value = "TE Connectivity"; VariantName = "[No Variations]"
Change component parameters (AddParameter): Name = "MP"; Value = "6-1123723-2"; VariantName = "[No Variations]"
Change component parameters (AddParameter): Name = "Number_of_Positions"; Value = "2"; VariantName = "[No Variations]"
Change component parameters (AddParameter): Name = "Package"; Value = "None"; VariantName = "[No Variations]"
Change component parameters (AddParameter): Name = "Price"; Value = "None"; VariantName = "[No Variations]"
Change component parameters (AddParameter): Name = "Product_Type"; Value = "Header"; VariantName = "[No Variations]"
Change component parameters (AddParameter): Name = "SnapEDA_Link"; Value = "https://www.snapeda.com/parts/6-1123723-2/TE%20Connectivity%20AMP%20Connectors/view-part/?ref=snap"; VariantName = "[No Variations]"
Change component parameters (AddParameter): Name = "TE_purchase_URL"; Value = "https://www.te.com/usa-en/product-6-1123723-2.html?te_bu=Cor&te_type=disp&te_campaign=seda_glo_cor-seda-global-disp-prtnr-fy19-seda-model-bom-cta_sma-317_1&elqCampaignId=32493"; VariantName = "[No Variations]"
Change component parameters (AddParameter): Name = "Value"; Value = ""; VariantName = "[No Variations]"
Added Component: Designator=J11(*TE_6-1123723-2)
Add component. Clean all parameters for all variants
Add component (AddParameter): Name = "Availability"; Value = "Unavailable"; VariantName = "[No Variations]"
Add component (AddParameter): Name = "Centerline_Pitch"; Value = "3.96 mm[.156 in]"; VariantName = "[No Variations]"
Add component (AddParameter): Name = "EU_RoHS_Compliance"; Value = "Compliant"; VariantName = "[No Variations]"
Add component (AddParameter): Name = "MF"; Value = "TE Connectivity"; VariantName = "[No Variations]"
Add component (AddParameter): Name = "MP"; Value = "6-1123723-2"; VariantName = "[No Variations]"
Add component (AddParameter): Name = "Number_of_Positions"; Value = "2"; VariantName = "[No Variations]"
Add component (AddParameter): Name = "Package"; Value = "None"; VariantName = "[No Variations]"
Add component (AddParameter): Name = "Price"; Value = "None"; VariantName = "[No Variations]"
Add component (AddParameter): Name = "Product_Type"; Value = "Header"; VariantName = "[No Variations]"
Add component (AddParameter): Name = "SnapEDA_Link"; Value = "https://www.snapeda.com/parts/6-1123723-2/TE%20Connectivity%20AMP%20Connectors/view-part/?ref=snap"; VariantName = "[No Variations]"
Add component (AddParameter): Name = "TE_purchase_URL"; Value = "https://www.te.com/usa-en/product-6-1123723-2.html?te_bu=Cor&te_type=disp&te_campaign=seda_glo_cor-seda-global-disp-prtnr-fy19-seda-model-bom-cta_sma-317_1&elqCampaignId=32493"; VariantName = "[No Variations]"
Add component (AddParameter): Name = "Value"; Value = ""; VariantName = "[No Variations]"
Added Component: Designator=J12(*TE_6-1123723-2)
Add component. Clean all parameters for all variants
Add component (AddParameter): Name = "Availability"; Value = "Unavailable"; VariantName = "[No Variations]"
Add component (AddParameter): Name = "Centerline_Pitch"; Value = "3.96 mm[.156 in]"; VariantName = "[No Variations]"
Add component (AddParameter): Name = "EU_RoHS_Compliance"; Value = "Compliant"; VariantName = "[No Variations]"
Add component (AddParameter): Name = "MF"; Value = "TE Connectivity"; VariantName = "[No Variations]"
Add component (AddParameter): Name = "MP"; Value = "6-1123723-2"; VariantName = "[No Variations]"
Add component (AddParameter): Name = "Number_of_Positions"; Value = "2"; VariantName = "[No Variations]"
Add component (AddParameter): Name = "Package"; Value = "None"; VariantName = "[No Variations]"
Add component (AddParameter): Name = "Price"; Value = "None"; VariantName = "[No Variations]"
Add component (AddParameter): Name = "Product_Type"; Value = "Header"; VariantName = "[No Variations]"
Add component (AddParameter): Name = "SnapEDA_Link"; Value = "https://www.snapeda.com/parts/6-1123723-2/TE%20Connectivity%20AMP%20Connectors/view-part/?ref=snap"; VariantName = "[No Variations]"
Add component (AddParameter): Name = "TE_purchase_URL"; Value = "https://www.te.com/usa-en/product-6-1123723-2.html?te_bu=Cor&te_type=disp&te_campaign=seda_glo_cor-seda-global-disp-prtnr-fy19-seda-model-bom-cta_sma-317_1&elqCampaignId=32493"; VariantName = "[No Variations]"
Add component (AddParameter): Name = "Value"; Value = ""; VariantName = "[No Variations]"
Added Pin To Net: NetName=NetD1_2 Pin=D1-A
Added Pin To Net: NetName=NetD2_2 Pin=D2-A
Added Pin To Net: NetName=NetD3_2 Pin=D3-A
Added Pin To Net: NetName=NetD4_2 Pin=D4-A
Added Pin To Net: NetName=NetD5_2 Pin=D5-A
Added Pin To Net: NetName=NetD6_2 Pin=D6-A
Added Pin To Net: NetName=3.3V Pin=J1-1
Added Pin To Net: NetName=GND Pin=J1-2
Added Pin To Net: NetName=5V Pin=J3-1
Added Pin To Net: NetName=GND Pin=J3-2
Added Pin To Net: NetName=DriverPin2 Pin=J4-1
Added Pin To Net: NetName=DriverPin1 Pin=J4-2
Added Pin To Net: NetName=DriverPin2 Pin=J5-2
Added Pin To Net: NetName=2.5V Pin=J7-1
Added Pin To Net: NetName=GND Pin=J7-2
Added Pin To Net: NetName=NetD2_2 Pin=J8-1
Added Pin To Net: NetName=12V Pin=J8-2
Added Pin To Net: NetName=NetD3_1 Pin=J10-1
Added Pin To Net: NetName=12V Pin=J11-2
Added Pin To Net: NetName=NetD5_1 Pin=J12-1
Added Pin To Net: NetName=NetJ5_1 Pin=J5-1
Added Pin To Net: NetName=NetJ5_1 Pin=Q1-2
Added Net: Name=NetJ5_1
Added Pin To Net: NetName=NetJ11_1 Pin=J11-1
Added Pin To Net: NetName=NetJ11_1 Pin=J12-2
Added Net: Name=NetJ11_1
Added Member To Class: ClassName=shelfControl Member=Component J11 ACS712Measure
Added Member To Class: ClassName=shelfControl Member=Component J12 6-1123723-2
