Removed Pin From Net: NetName=0_00 Pin=P0-1
Removed Pin From Net: NetName=0_01 Pin=P0-2
Removed Pin From Net: NetName=0_02 Pin=P0-3
Removed Pin From Net: NetName=0_03 Pin=P0-4
Removed Pin From Net: NetName=0_04 Pin=P0-5
Removed Pin From Net: NetName=0_05 Pin=P0-6
Removed Pin From Net: NetName=0_06 Pin=P0-7
Removed Pin From Net: NetName=0_07 Pin=P0-8
Removed Pin From Net: NetName=0_08 Pin=P0-9
Removed Pin From Net: NetName=0_09 Pin=P0-10
Removed Pin From Net: NetName=0_10 Pin=P0-11
Removed Pin From Net: NetName=0_00 Pin=P0-12
Removed Pin From Net: NetName=0_00 Pin=SR1-3
Removed Pin From Net: NetName=GND Pin=SR2-8
Removed Pin From Net: NetName=VCC Pin=SR2-10
Removed Pin From Net: NetName=SH_CP_11 Pin=SR2-11
Removed Pin From Net: NetName=ST_CP_10 Pin=SR2-12
Removed Pin From Net: NetName=GND Pin=SR2-13
Removed Pin From Net: NetName=TO_SR2 Pin=SR2-14
Removed Pin From Net: NetName=VCC Pin=SR2-16
Removed Member From Class: ClassName=divisor Member=P1
Removed Member From Class: ClassName=divisor Member=SR2
Added Component: Designator=P0(HDR1X13)
Add component. Clean all parameters for all variants
Add component (AddParameter): Name = "LatestRevisionDate"; Value = "17-Jul-2002"; VariantName = "[No Variations]"
Add component (AddParameter): Name = "LatestRevisionNote"; Value = "Re-released for DXP Platform."; VariantName = "[No Variations]"
Add component (AddParameter): Name = "Publisher"; Value = "Altium Limited"; VariantName = "[No Variations]"
Added Pin To Net: NetName=0_00 Pin=P0-1
Added Pin To Net: NetName=0_01 Pin=P0-2
Added Pin To Net: NetName=0_02 Pin=P0-3
Added Pin To Net: NetName=0_03 Pin=P0-4
Added Pin To Net: NetName=0_04 Pin=P0-5
Added Pin To Net: NetName=0_05 Pin=P0-6
Added Pin To Net: NetName=0_06 Pin=P0-7
Added Pin To Net: NetName=0_07 Pin=P0-8
Added Pin To Net: NetName=0_08 Pin=P0-9
Added Pin To Net: NetName=0_09 Pin=P0-10
Added Pin To Net: NetName=0_10 Pin=P0-11
Added Pin To Net: NetName=0-12 Pin=P0-13
Added Net: Name=0-12
Added Pin To Net: NetName=0_11 Pin=P0-12
Added Pin To Net: NetName=0_11 Pin=SR1-3
Added Net: Name=0_11
Added Pin To Net: NetName=0_12 Pin=SR1-4
Added Net: Name=0_12
Added Pin To Net: NetName=0_NC0 Pin=SR1-5
Added Net: Name=0_NC0
Added Pin To Net: NetName=0_NC1 Pin=SR1-6
Added Net: Name=0_NC1
Added Pin To Net: NetName=0_NC2 Pin=SR1-7
Added Net: Name=0_NC2
