Added Component: Designator=P1(HDR1X16)
Add component. Clean all parameters for all variants
Add component (AddParameter): Name = "LatestRevisionDate"; Value = "17-Jul-2002"; VariantName = "[No Variations]"
Add component (AddParameter): Name = "LatestRevisionNote"; Value = "Re-released for DXP Platform."; VariantName = "[No Variations]"
Add component (AddParameter): Name = "Publisher"; Value = "Altium Limited"; VariantName = "[No Variations]"
Added Component: Designator=SR2(SO-16_L)
Add component. Clean all parameters for all variants
Add component (AddParameter): Name = "Code_IPC"; Value = "SOIC127P600-16"; VariantName = "[No Variations]"
Add component (AddParameter): Name = "Code_JEDEC"; Value = "MS-012-AC"; VariantName = "[No Variations]"
Add component (AddParameter): Name = "LatestRevisionDate"; Value = "29-May-2009"; VariantName = "[No Variations]"
Add component (AddParameter): Name = "LatestRevisionNote"; Value = "IPC-7351 Footprint Added."; VariantName = "[No Variations]"
Add component (AddParameter): Name = "PackageDescription"; Value = "16-Pin Small Outline Integrated Circuit 1.27 mm Pitch"; VariantName = "[No Variations]"
Add component (AddParameter): Name = "PackageReference"; Value = "SO-16"; VariantName = "[No Variations]"
Add component (AddParameter): Name = "Published"; Value = "24-Mar-1999"; VariantName = "[No Variations]"
Add component (AddParameter): Name = "Publisher"; Value = "Altium Limited"; VariantName = "[No Variations]"
Add component (AddParameter): Name = "Value"; Value = "8bit"; VariantName = "[No Variations]"
Added Component: Designator=SR3(SO-16_L)
Add component. Clean all parameters for all variants
Add component (AddParameter): Name = "Code_IPC"; Value = "SOIC127P600-16"; VariantName = "[No Variations]"
Add component (AddParameter): Name = "Code_JEDEC"; Value = "MS-012-AC"; VariantName = "[No Variations]"
Add component (AddParameter): Name = "LatestRevisionDate"; Value = "29-May-2009"; VariantName = "[No Variations]"
Add component (AddParameter): Name = "LatestRevisionNote"; Value = "IPC-7351 Footprint Added."; VariantName = "[No Variations]"
Add component (AddParameter): Name = "PackageDescription"; Value = "16-Pin Small Outline Integrated Circuit 1.27 mm Pitch"; VariantName = "[No Variations]"
Add component (AddParameter): Name = "PackageReference"; Value = "SO-16"; VariantName = "[No Variations]"
Add component (AddParameter): Name = "Published"; Value = "24-Mar-1999"; VariantName = "[No Variations]"
Add component (AddParameter): Name = "Publisher"; Value = "Altium Limited"; VariantName = "[No Variations]"
Add component (AddParameter): Name = "Value"; Value = "8bit"; VariantName = "[No Variations]"
Added Pin To Net: NetName=0_11 Pin=P1-12
Added Pin To Net: NetName=GND Pin=SR2-8
Added Pin To Net: NetName=VCC Pin=SR2-10
Added Pin To Net: NetName=SH_CP_11 Pin=SR2-11
Added Pin To Net: NetName=ST_CP_10 Pin=SR2-12
Added Pin To Net: NetName=GND Pin=SR2-13
Added Pin To Net: NetName=TO_SR2 Pin=SR2-14
Added Pin To Net: NetName=VCC Pin=SR2-16
Added Pin To Net: NetName=0_11 Pin=SR3-3
Added Pin To Net: NetName=GND Pin=SR3-8
Added Pin To Net: NetName=VCC Pin=SR3-10
Added Pin To Net: NetName=SH_CP_11 Pin=SR3-11
Added Pin To Net: NetName=ST_CP_10 Pin=SR3-12
Added Pin To Net: NetName=GND Pin=SR3-13
Added Pin To Net: NetName=VCC Pin=SR3-16
Added Pin To Net: NetName=1-12 Pin=P1-13
Added Net: Name=1-12
Added Pin To Net: NetName=1_00 Pin=P1-1
Added Pin To Net: NetName=1_00 Pin=SR2-15
Added Net: Name=1_00
Added Pin To Net: NetName=1_01 Pin=P1-2
Added Pin To Net: NetName=1_01 Pin=SR2-1
Added Net: Name=1_01
Added Pin To Net: NetName=1_02 Pin=P1-3
Added Pin To Net: NetName=1_02 Pin=SR2-2
Added Net: Name=1_02
Added Pin To Net: NetName=1_03 Pin=P1-4
Added Pin To Net: NetName=1_03 Pin=SR2-3
Added Net: Name=1_03
Added Pin To Net: NetName=1_04 Pin=P1-5
Added Pin To Net: NetName=1_04 Pin=SR2-4
Added Net: Name=1_04
Added Pin To Net: NetName=1_05 Pin=P1-6
Added Pin To Net: NetName=1_05 Pin=SR2-5
Added Net: Name=1_05
Added Pin To Net: NetName=1_06 Pin=P1-7
Added Pin To Net: NetName=1_06 Pin=SR2-6
Added Net: Name=1_06
Added Pin To Net: NetName=1_07 Pin=P1-8
Added Pin To Net: NetName=1_07 Pin=SR2-7
Added Net: Name=1_07
Added Pin To Net: NetName=1_08 Pin=P1-9
Added Pin To Net: NetName=1_08 Pin=SR3-15
Added Net: Name=1_08
Added Pin To Net: NetName=1_09 Pin=P1-10
Added Pin To Net: NetName=1_09 Pin=SR3-1
Added Net: Name=1_09
Added Pin To Net: NetName=1_10 Pin=P1-11
Added Pin To Net: NetName=1_10 Pin=SR3-2
Added Net: Name=1_10
Added Pin To Net: NetName=1_12 Pin=SR3-4
Added Net: Name=1_12
Added Pin To Net: NetName=1_NC0 Pin=P1-14
Added Pin To Net: NetName=1_NC0 Pin=SR3-5
Added Net: Name=1_NC0
Added Pin To Net: NetName=1_NC1 Pin=P1-15
Added Pin To Net: NetName=1_NC1 Pin=SR3-6
Added Net: Name=1_NC1
Added Pin To Net: NetName=1_NC2 Pin=P1-16
Added Pin To Net: NetName=1_NC2 Pin=SR3-7
Added Net: Name=1_NC2
Added Pin To Net: NetName=TO_SR3 Pin=SR2-9
Added Pin To Net: NetName=TO_SR3 Pin=SR3-14
Added Net: Name=TO_SR3
Added Pin To Net: NetName=TO_SR4 Pin=SR3-9
Added Net: Name=TO_SR4
Added Member To Class: ClassName=divisor Member=Component P1 Header 16
Added Member To Class: ClassName=divisor Member=Component SR2 74HC595 Shift Register
Added Member To Class: ClassName=divisor Member=Component SR3 74HC595 Shift Register
Added Room: Name=divisor
