PCAD Importer Log
Project : 1-292303-1.LibPkg

Section : E:\standCharger\electroparts\1-292303-1.lia
    Section : PCB Library - 1-292303-1.PcbLib
        Section : Load Messages
            Warning - 1 : Skipping Token 1-292303-1 On Line 157
            Warning - 1 : Skipping Token attachedSymbol On Line 247
        EndSection

        Section : Import Messages
            Warning - 0 : PCAD Pattern Graphics [*TE_1-292303-1][Primary] associated with PCAD Component [1-292303-1] has been renamed to PCB FootPrint [*TE_1-292303-1_1-292303-1(Primary)].
        EndSection
    EndSection

    Section : SCH Library - 1-292303-1.SchLib
        Section : Parsing Messages
            Warning - 1 : Skipping Token padStyleDef On Line 9
            Warning - 1 : Skipping Token padStyleDef On Line 21
            Warning - 1 : Skipping Token padStyleDef On Line 33
            Warning - 1 : Skipping Token multiLayer On Line 108
            Warning - 1 : Skipping Token layerContents On Line 116
            Warning - 1 : Skipping Token layerContents On Line 130
            Warning - 1 : Skipping Token layerContents On Line 138
            Warning - 1 : Skipping Token layerContents On Line 146
        EndSection

        Section : Generating SCH Library - 1-292303-1.SchLib
            Warning - 0 : PCAD Pattern Graphics [*TE_1-292303-1][Primary] associated with PCAD Component [1-292303-1] has been renamed to PCB FootPrint [*TE_1-292303-1_1-292303-1(Primary)].
        EndSection
    EndSection
EndSection
