Change Component Description : Designator=optSupAnd_Ch1 Old Description=ÇÑ ÔÇÑÑ æÑæÏí 12 æáÊ ÏÇÔÊå ÈÇÔÏ Çíä ÌÇãÑ 12 æáÊ ÈÇíÓÊí æÕá ÔæÏ New Description=ÇÑ ÔÇÑÑ æÑæÏí 12 æáÊ ÏÇÔÊå ÈÇÔÏ Çíä ÌÇãÑ 12 æáÊ ÈÇíÓÊí æÕá ÔæÏ
Change Component Description : Designator=optSupAnd_Ch2 Old Description=ÇÑ ÔÇÑÑ æÑæÏí 12 æáÊ ÏÇÔÊå ÈÇÔÏ Çíä ÌÇãÑ 12 æáÊ ÈÇíÓÊí æÕá ÔæÏ New Description=ÇÑ ÔÇÑÑ æÑæÏí 12 æáÊ ÏÇÔÊå ÈÇÔÏ Çíä ÌÇãÑ 12 æáÊ ÈÇíÓÊí æÕá ÔæÏ
Change Component Description : Designator=optSupAnd_Ch3 Old Description=ÇÑ ÔÇÑÑ æÑæÏí 12 æáÊ ÏÇÔÊå ÈÇÔÏ Çíä ÌÇãÑ 12 æáÊ ÈÇíÓÊí æÕá ÔæÏ New Description=ÇÑ ÔÇÑÑ æÑæÏí 12 æáÊ ÏÇÔÊå ÈÇÔÏ Çíä ÌÇãÑ 12 æáÊ ÈÇíÓÊí æÕá ÔæÏ
Change Component Description : Designator=optSupAnd_Ch4 Old Description=ÇÑ ÔÇÑÑ æÑæÏí 12 æáÊ ÏÇÔÊå ÈÇÔÏ Çíä ÌÇãÑ 12 æáÊ ÈÇíÓÊí æÕá ÔæÏ New Description=ÇÑ ÔÇÑÑ æÑæÏí 12 æáÊ ÏÇÔÊå ÈÇÔÏ Çíä ÌÇãÑ 12 æáÊ ÈÇíÓÊí æÕá ÔæÏ
Change Component Description : Designator=optSupAnd_Ch5 Old Description=ÇÑ ÔÇÑÑ æÑæÏí 12 æáÊ ÏÇÔÊå ÈÇÔÏ Çíä ÌÇãÑ 12 æáÊ ÈÇíÓÊí æÕá ÔæÏ New Description=ÇÑ ÔÇÑÑ æÑæÏí 12 æáÊ ÏÇÔÊå ÈÇÔÏ Çíä ÌÇãÑ 12 æáÊ ÈÇíÓÊí æÕá ÔæÏ
Change Component Description : Designator=optSupAnd_Ch6 Old Description=ÇÑ ÔÇÑÑ æÑæÏí 12 æáÊ ÏÇÔÊå ÈÇÔÏ Çíä ÌÇãÑ 12 æáÊ ÈÇíÓÊí æÕá ÔæÏ New Description=ÇÑ ÔÇÑÑ æÑæÏí 12 æáÊ ÏÇÔÊå ÈÇÔÏ Çíä ÌÇãÑ 12 æáÊ ÈÇíÓÊí æÕá ÔæÏ
Change Component Description : Designator=optSupAnd_Ch7 Old Description=ÇÑ ÔÇÑÑ æÑæÏí 12 æáÊ ÏÇÔÊå ÈÇÔÏ Çíä ÌÇãÑ 12 æáÊ ÈÇíÓÊí æÕá ÔæÏ New Description=ÇÑ ÔÇÑÑ æÑæÏí 12 æáÊ ÏÇÔÊå ÈÇÔÏ Çíä ÌÇãÑ 12 æáÊ ÈÇíÓÊí æÕá ÔæÏ
Change Component Description : Designator=optSupAnd_Ch8 Old Description=ÇÑ ÔÇÑÑ æÑæÏí 12 æáÊ ÏÇÔÊå ÈÇÔÏ Çíä ÌÇãÑ 12 æáÊ ÈÇíÓÊí æÕá ÔæÏ New Description=ÇÑ ÔÇÑÑ æÑæÏí 12 æáÊ ÏÇÔÊå ÈÇÔÏ Çíä ÌÇãÑ 12 æáÊ ÈÇíÓÊí æÕá ÔæÏ
Change Component Description : Designator=optSupAnd_Ch9 Old Description=ÇÑ ÔÇÑÑ æÑæÏí 12 æáÊ ÏÇÔÊå ÈÇÔÏ Çíä ÌÇãÑ 12 æáÊ ÈÇíÓÊí æÕá ÔæÏ New Description=ÇÑ ÔÇÑÑ æÑæÏí 12 æáÊ ÏÇÔÊå ÈÇÔÏ Çíä ÌÇãÑ 12 æáÊ ÈÇíÓÊí æÕá ÔæÏ
Change Component Description : Designator=optSupAnd_Ch10 Old Description=ÇÑ ÔÇÑÑ æÑæÏí 12 æáÊ ÏÇÔÊå ÈÇÔÏ Çíä ÌÇãÑ 12 æáÊ ÈÇíÓÊí æÕá ÔæÏ New Description=ÇÑ ÔÇÑÑ æÑæÏí 12 æáÊ ÏÇÔÊå ÈÇÔÏ Çíä ÌÇãÑ 12 æáÊ ÈÇíÓÊí æÕá ÔæÏ
Change Component Description : Designator=optSupIP_Ch1 Old Description=ÇÑ ÔÇÑÑ æÑæÏí 12 æáÊ ÏÇÔÊå ÈÇÔÏ Çíä ÌÇãÑ 12 æáÊ ÈÇíÓÊí æÕá ÔæÏ New Description=ÇÑ ÔÇÑÑ æÑæÏí 12 æáÊ ÏÇÔÊå ÈÇÔÏ Çíä ÌÇãÑ 12 æáÊ ÈÇíÓÊí æÕá ÔæÏ
Change Component Description : Designator=optSupIP_Ch2 Old Description=ÇÑ ÔÇÑÑ æÑæÏí 12 æáÊ ÏÇÔÊå ÈÇÔÏ Çíä ÌÇãÑ 12 æáÊ ÈÇíÓÊí æÕá ÔæÏ New Description=ÇÑ ÔÇÑÑ æÑæÏí 12 æáÊ ÏÇÔÊå ÈÇÔÏ Çíä ÌÇãÑ 12 æáÊ ÈÇíÓÊí æÕá ÔæÏ
Change Component Description : Designator=optSupIP_Ch3 Old Description=ÇÑ ÔÇÑÑ æÑæÏí 12 æáÊ ÏÇÔÊå ÈÇÔÏ Çíä ÌÇãÑ 12 æáÊ ÈÇíÓÊí æÕá ÔæÏ New Description=ÇÑ ÔÇÑÑ æÑæÏí 12 æáÊ ÏÇÔÊå ÈÇÔÏ Çíä ÌÇãÑ 12 æáÊ ÈÇíÓÊí æÕá ÔæÏ
Change Component Description : Designator=optSupIP_Ch4 Old Description=ÇÑ ÔÇÑÑ æÑæÏí 12 æáÊ ÏÇÔÊå ÈÇÔÏ Çíä ÌÇãÑ 12 æáÊ ÈÇíÓÊí æÕá ÔæÏ New Description=ÇÑ ÔÇÑÑ æÑæÏí 12 æáÊ ÏÇÔÊå ÈÇÔÏ Çíä ÌÇãÑ 12 æáÊ ÈÇíÓÊí æÕá ÔæÏ
Change Component Description : Designator=optSupIP_Ch5 Old Description=ÇÑ ÔÇÑÑ æÑæÏí 12 æáÊ ÏÇÔÊå ÈÇÔÏ Çíä ÌÇãÑ 12 æáÊ ÈÇíÓÊí æÕá ÔæÏ New Description=ÇÑ ÔÇÑÑ æÑæÏí 12 æáÊ ÏÇÔÊå ÈÇÔÏ Çíä ÌÇãÑ 12 æáÊ ÈÇíÓÊí æÕá ÔæÏ
Change Component Description : Designator=optSupIP_Ch6 Old Description=ÇÑ ÔÇÑÑ æÑæÏí 12 æáÊ ÏÇÔÊå ÈÇÔÏ Çíä ÌÇãÑ 12 æáÊ ÈÇíÓÊí æÕá ÔæÏ New Description=ÇÑ ÔÇÑÑ æÑæÏí 12 æáÊ ÏÇÔÊå ÈÇÔÏ Çíä ÌÇãÑ 12 æáÊ ÈÇíÓÊí æÕá ÔæÏ
Change Component Description : Designator=optSupIP_Ch7 Old Description=ÇÑ ÔÇÑÑ æÑæÏí 12 æáÊ ÏÇÔÊå ÈÇÔÏ Çíä ÌÇãÑ 12 æáÊ ÈÇíÓÊí æÕá ÔæÏ New Description=ÇÑ ÔÇÑÑ æÑæÏí 12 æáÊ ÏÇÔÊå ÈÇÔÏ Çíä ÌÇãÑ 12 æáÊ ÈÇíÓÊí æÕá ÔæÏ
Change Component Description : Designator=optSupIP_Ch8 Old Description=ÇÑ ÔÇÑÑ æÑæÏí 12 æáÊ ÏÇÔÊå ÈÇÔÏ Çíä ÌÇãÑ 12 æáÊ ÈÇíÓÊí æÕá ÔæÏ New Description=ÇÑ ÔÇÑÑ æÑæÏí 12 æáÊ ÏÇÔÊå ÈÇÔÏ Çíä ÌÇãÑ 12 æáÊ ÈÇíÓÊí æÕá ÔæÏ
Change Component Description : Designator=optSupIP_Ch9 Old Description=ÇÑ ÔÇÑÑ æÑæÏí 12 æáÊ ÏÇÔÊå ÈÇÔÏ Çíä ÌÇãÑ 12 æáÊ ÈÇíÓÊí æÕá ÔæÏ New Description=ÇÑ ÔÇÑÑ æÑæÏí 12 æáÊ ÏÇÔÊå ÈÇÔÏ Çíä ÌÇãÑ 12 æáÊ ÈÇíÓÊí æÕá ÔæÏ
Change Component Description : Designator=optSupIP_Ch10 Old Description=ÇÑ ÔÇÑÑ æÑæÏí 12 æáÊ ÏÇÔÊå ÈÇÔÏ Çíä ÌÇãÑ 12 æáÊ ÈÇíÓÊí æÕá ÔæÏ New Description=ÇÑ ÔÇÑÑ æÑæÏí 12 æáÊ ÏÇÔÊå ÈÇÔÏ Çíä ÌÇãÑ 12 æáÊ ÈÇíÓÊí æÕá ÔæÏ
Change Component Description : Designator=optSupTC_Ch1 Old Description=ÇÑ ÔÇÑÑ æÑæÏí 12 æáÊ ÏÇÔÊå ÈÇÔÏ Çíä ÌÇãÑ 12 æáÊ ÈÇíÓÊí æÕá ÔæÏ New Description=ÇÑ ÔÇÑÑ æÑæÏí 12 æáÊ ÏÇÔÊå ÈÇÔÏ Çíä ÌÇãÑ 12 æáÊ ÈÇíÓÊí æÕá ÔæÏ
Change Component Description : Designator=optSupTC_Ch2 Old Description=ÇÑ ÔÇÑÑ æÑæÏí 12 æáÊ ÏÇÔÊå ÈÇÔÏ Çíä ÌÇãÑ 12 æáÊ ÈÇíÓÊí æÕá ÔæÏ New Description=ÇÑ ÔÇÑÑ æÑæÏí 12 æáÊ ÏÇÔÊå ÈÇÔÏ Çíä ÌÇãÑ 12 æáÊ ÈÇíÓÊí æÕá ÔæÏ
Change Component Description : Designator=optSupTC_Ch3 Old Description=ÇÑ ÔÇÑÑ æÑæÏí 12 æáÊ ÏÇÔÊå ÈÇÔÏ Çíä ÌÇãÑ 12 æáÊ ÈÇíÓÊí æÕá ÔæÏ New Description=ÇÑ ÔÇÑÑ æÑæÏí 12 æáÊ ÏÇÔÊå ÈÇÔÏ Çíä ÌÇãÑ 12 æáÊ ÈÇíÓÊí æÕá ÔæÏ
Change Component Description : Designator=optSupTC_Ch4 Old Description=ÇÑ ÔÇÑÑ æÑæÏí 12 æáÊ ÏÇÔÊå ÈÇÔÏ Çíä ÌÇãÑ 12 æáÊ ÈÇíÓÊí æÕá ÔæÏ New Description=ÇÑ ÔÇÑÑ æÑæÏí 12 æáÊ ÏÇÔÊå ÈÇÔÏ Çíä ÌÇãÑ 12 æáÊ ÈÇíÓÊí æÕá ÔæÏ
Change Component Description : Designator=optSupTC_Ch5 Old Description=ÇÑ ÔÇÑÑ æÑæÏí 12 æáÊ ÏÇÔÊå ÈÇÔÏ Çíä ÌÇãÑ 12 æáÊ ÈÇíÓÊí æÕá ÔæÏ New Description=ÇÑ ÔÇÑÑ æÑæÏí 12 æáÊ ÏÇÔÊå ÈÇÔÏ Çíä ÌÇãÑ 12 æáÊ ÈÇíÓÊí æÕá ÔæÏ
Change Component Description : Designator=optSupTC_Ch6 Old Description=ÇÑ ÔÇÑÑ æÑæÏí 12 æáÊ ÏÇÔÊå ÈÇÔÏ Çíä ÌÇãÑ 12 æáÊ ÈÇíÓÊí æÕá ÔæÏ New Description=ÇÑ ÔÇÑÑ æÑæÏí 12 æáÊ ÏÇÔÊå ÈÇÔÏ Çíä ÌÇãÑ 12 æáÊ ÈÇíÓÊí æÕá ÔæÏ
Change Component Description : Designator=optSupTC_Ch7 Old Description=ÇÑ ÔÇÑÑ æÑæÏí 12 æáÊ ÏÇÔÊå ÈÇÔÏ Çíä ÌÇãÑ 12 æáÊ ÈÇíÓÊí æÕá ÔæÏ New Description=ÇÑ ÔÇÑÑ æÑæÏí 12 æáÊ ÏÇÔÊå ÈÇÔÏ Çíä ÌÇãÑ 12 æáÊ ÈÇíÓÊí æÕá ÔæÏ
Change Component Description : Designator=optSupTC_Ch8 Old Description=ÇÑ ÔÇÑÑ æÑæÏí 12 æáÊ ÏÇÔÊå ÈÇÔÏ Çíä ÌÇãÑ 12 æáÊ ÈÇíÓÊí æÕá ÔæÏ New Description=ÇÑ ÔÇÑÑ æÑæÏí 12 æáÊ ÏÇÔÊå ÈÇÔÏ Çíä ÌÇãÑ 12 æáÊ ÈÇíÓÊí æÕá ÔæÏ
Change Component Description : Designator=optSupTC_Ch9 Old Description=ÇÑ ÔÇÑÑ æÑæÏí 12 æáÊ ÏÇÔÊå ÈÇÔÏ Çíä ÌÇãÑ 12 æáÊ ÈÇíÓÊí æÕá ÔæÏ New Description=ÇÑ ÔÇÑÑ æÑæÏí 12 æáÊ ÏÇÔÊå ÈÇÔÏ Çíä ÌÇãÑ 12 æáÊ ÈÇíÓÊí æÕá ÔæÏ
Change Component Description : Designator=optSupTC_Ch10 Old Description=ÇÑ ÔÇÑÑ æÑæÏí 12 æáÊ ÏÇÔÊå ÈÇÔÏ Çíä ÌÇãÑ 12 æáÊ ÈÇíÓÊí æÕá ÔæÏ New Description=ÇÑ ÔÇÑÑ æÑæÏí 12 æáÊ ÏÇÔÊå ÈÇÔÏ Çíä ÌÇãÑ 12 æáÊ ÈÇíÓÊí æÕá ÔæÏ
Change Component Description : Designator=optSupUSB_Ch1 Old Description=ÇÑ ÔÇÑÑ æÑæÏí 12 æáÊ ÏÇÔÊå ÈÇÔÏ Çíä ÌÇãÑ 12 æáÊ ÈÇíÓÊí æÕá ÔæÏ New Description=ÇÑ ÔÇÑÑ æÑæÏí 12 æáÊ ÏÇÔÊå ÈÇÔÏ Çíä ÌÇãÑ 12 æáÊ ÈÇíÓÊí æÕá ÔæÏ
Change Component Description : Designator=optSupUSB_Ch2 Old Description=ÇÑ ÔÇÑÑ æÑæÏí 12 æáÊ ÏÇÔÊå ÈÇÔÏ Çíä ÌÇãÑ 12 æáÊ ÈÇíÓÊí æÕá ÔæÏ New Description=ÇÑ ÔÇÑÑ æÑæÏí 12 æáÊ ÏÇÔÊå ÈÇÔÏ Çíä ÌÇãÑ 12 æáÊ ÈÇíÓÊí æÕá ÔæÏ
Change Component Description : Designator=optSupUSB_Ch3 Old Description=ÇÑ ÔÇÑÑ æÑæÏí 12 æáÊ ÏÇÔÊå ÈÇÔÏ Çíä ÌÇãÑ 12 æáÊ ÈÇíÓÊí æÕá ÔæÏ New Description=ÇÑ ÔÇÑÑ æÑæÏí 12 æáÊ ÏÇÔÊå ÈÇÔÏ Çíä ÌÇãÑ 12 æáÊ ÈÇíÓÊí æÕá ÔæÏ
Change Component Description : Designator=optSupUSB_Ch4 Old Description=ÇÑ ÔÇÑÑ æÑæÏí 12 æáÊ ÏÇÔÊå ÈÇÔÏ Çíä ÌÇãÑ 12 æáÊ ÈÇíÓÊí æÕá ÔæÏ New Description=ÇÑ ÔÇÑÑ æÑæÏí 12 æáÊ ÏÇÔÊå ÈÇÔÏ Çíä ÌÇãÑ 12 æáÊ ÈÇíÓÊí æÕá ÔæÏ
Change Component Description : Designator=optSupUSB_Ch5 Old Description=ÇÑ ÔÇÑÑ æÑæÏí 12 æáÊ ÏÇÔÊå ÈÇÔÏ Çíä ÌÇãÑ 12 æáÊ ÈÇíÓÊí æÕá ÔæÏ New Description=ÇÑ ÔÇÑÑ æÑæÏí 12 æáÊ ÏÇÔÊå ÈÇÔÏ Çíä ÌÇãÑ 12 æáÊ ÈÇíÓÊí æÕá ÔæÏ
Change Component Description : Designator=optSupUSB_Ch6 Old Description=ÇÑ ÔÇÑÑ æÑæÏí 12 æáÊ ÏÇÔÊå ÈÇÔÏ Çíä ÌÇãÑ 12 æáÊ ÈÇíÓÊí æÕá ÔæÏ New Description=ÇÑ ÔÇÑÑ æÑæÏí 12 æáÊ ÏÇÔÊå ÈÇÔÏ Çíä ÌÇãÑ 12 æáÊ ÈÇíÓÊí æÕá ÔæÏ
Change Component Description : Designator=optSupUSB_Ch7 Old Description=ÇÑ ÔÇÑÑ æÑæÏí 12 æáÊ ÏÇÔÊå ÈÇÔÏ Çíä ÌÇãÑ 12 æáÊ ÈÇíÓÊí æÕá ÔæÏ New Description=ÇÑ ÔÇÑÑ æÑæÏí 12 æáÊ ÏÇÔÊå ÈÇÔÏ Çíä ÌÇãÑ 12 æáÊ ÈÇíÓÊí æÕá ÔæÏ
Change Component Description : Designator=optSupUSB_Ch8 Old Description=ÇÑ ÔÇÑÑ æÑæÏí 12 æáÊ ÏÇÔÊå ÈÇÔÏ Çíä ÌÇãÑ 12 æáÊ ÈÇíÓÊí æÕá ÔæÏ New Description=ÇÑ ÔÇÑÑ æÑæÏí 12 æáÊ ÏÇÔÊå ÈÇÔÏ Çíä ÌÇãÑ 12 æáÊ ÈÇíÓÊí æÕá ÔæÏ
Change Component Description : Designator=optSupUSB_Ch9 Old Description=ÇÑ ÔÇÑÑ æÑæÏí 12 æáÊ ÏÇÔÊå ÈÇÔÏ Çíä ÌÇãÑ 12 æáÊ ÈÇíÓÊí æÕá ÔæÏ New Description=ÇÑ ÔÇÑÑ æÑæÏí 12 æáÊ ÏÇÔÊå ÈÇÔÏ Çíä ÌÇãÑ 12 æáÊ ÈÇíÓÊí æÕá ÔæÏ
Change Component Description : Designator=optSupUSB_Ch10 Old Description=ÇÑ ÔÇÑÑ æÑæÏí 12 æáÊ ÏÇÔÊå ÈÇÔÏ Çíä ÌÇãÑ 12 æáÊ ÈÇíÓÊí æÕá ÔæÏ New Description=ÇÑ ÔÇÑÑ æÑæÏí 12 æáÊ ÏÇÔÊå ÈÇÔÏ Çíä ÌÇãÑ 12 æáÊ ÈÇíÓÊí æÕá ÔæÏ
Change Component Description : Designator=JAnd_Ch1 Old Description=ÌÇãÑ ÇäÊÎÇÈ Èíä 5 ËÇÈÊ ÎÑæÌí (ãäÈÚ ÊÛĞíå ËÇÈÊ) íÇ ÇäÊÎÇÈ ÎÑæÌí ÔÇÑÑ ÈÑÇí ŞİÓå New Description=ÌÇãÑ ÇäÊÎÇÈ Èíä 5 ËÇÈÊ ÎÑæÌí (ãäÈÚ ÊÛĞíå ËÇÈÊ) íÇ ÇäÊÎÇÈ ÎÑæÌí ÔÇÑÑ ÈÑÇí ŞİÓå
Change Component Description : Designator=JAnd_Ch2 Old Description=ÌÇãÑ ÇäÊÎÇÈ Èíä 5 ËÇÈÊ ÎÑæÌí (ãäÈÚ ÊÛĞíå ËÇÈÊ) íÇ ÇäÊÎÇÈ ÎÑæÌí ÔÇÑÑ ÈÑÇí ŞİÓå New Description=ÌÇãÑ ÇäÊÎÇÈ Èíä 5 ËÇÈÊ ÎÑæÌí (ãäÈÚ ÊÛĞíå ËÇÈÊ) íÇ ÇäÊÎÇÈ ÎÑæÌí ÔÇÑÑ ÈÑÇí ŞİÓå
Change Component Description : Designator=JAnd_Ch3 Old Description=ÌÇãÑ ÇäÊÎÇÈ Èíä 5 ËÇÈÊ ÎÑæÌí (ãäÈÚ ÊÛĞíå ËÇÈÊ) íÇ ÇäÊÎÇÈ ÎÑæÌí ÔÇÑÑ ÈÑÇí ŞİÓå New Description=ÌÇãÑ ÇäÊÎÇÈ Èíä 5 ËÇÈÊ ÎÑæÌí (ãäÈÚ ÊÛĞíå ËÇÈÊ) íÇ ÇäÊÎÇÈ ÎÑæÌí ÔÇÑÑ ÈÑÇí ŞİÓå
Change Component Description : Designator=JAnd_Ch4 Old Description=ÌÇãÑ ÇäÊÎÇÈ Èíä 5 ËÇÈÊ ÎÑæÌí (ãäÈÚ ÊÛĞíå ËÇÈÊ) íÇ ÇäÊÎÇÈ ÎÑæÌí ÔÇÑÑ ÈÑÇí ŞİÓå New Description=ÌÇãÑ ÇäÊÎÇÈ Èíä 5 ËÇÈÊ ÎÑæÌí (ãäÈÚ ÊÛĞíå ËÇÈÊ) íÇ ÇäÊÎÇÈ ÎÑæÌí ÔÇÑÑ ÈÑÇí ŞİÓå
Change Component Description : Designator=JAnd_Ch5 Old Description=ÌÇãÑ ÇäÊÎÇÈ Èíä 5 ËÇÈÊ ÎÑæÌí (ãäÈÚ ÊÛĞíå ËÇÈÊ) íÇ ÇäÊÎÇÈ ÎÑæÌí ÔÇÑÑ ÈÑÇí ŞİÓå New Description=ÌÇãÑ ÇäÊÎÇÈ Èíä 5 ËÇÈÊ ÎÑæÌí (ãäÈÚ ÊÛĞíå ËÇÈÊ) íÇ ÇäÊÎÇÈ ÎÑæÌí ÔÇÑÑ ÈÑÇí ŞİÓå
Change Component Description : Designator=JAnd_Ch6 Old Description=ÌÇãÑ ÇäÊÎÇÈ Èíä 5 ËÇÈÊ ÎÑæÌí (ãäÈÚ ÊÛĞíå ËÇÈÊ) íÇ ÇäÊÎÇÈ ÎÑæÌí ÔÇÑÑ ÈÑÇí ŞİÓå New Description=ÌÇãÑ ÇäÊÎÇÈ Èíä 5 ËÇÈÊ ÎÑæÌí (ãäÈÚ ÊÛĞíå ËÇÈÊ) íÇ ÇäÊÎÇÈ ÎÑæÌí ÔÇÑÑ ÈÑÇí ŞİÓå
Change Component Description : Designator=JAnd_Ch7 Old Description=ÌÇãÑ ÇäÊÎÇÈ Èíä 5 ËÇÈÊ ÎÑæÌí (ãäÈÚ ÊÛĞíå ËÇÈÊ) íÇ ÇäÊÎÇÈ ÎÑæÌí ÔÇÑÑ ÈÑÇí ŞİÓå New Description=ÌÇãÑ ÇäÊÎÇÈ Èíä 5 ËÇÈÊ ÎÑæÌí (ãäÈÚ ÊÛĞíå ËÇÈÊ) íÇ ÇäÊÎÇÈ ÎÑæÌí ÔÇÑÑ ÈÑÇí ŞİÓå
Change Component Description : Designator=JAnd_Ch8 Old Description=ÌÇãÑ ÇäÊÎÇÈ Èíä 5 ËÇÈÊ ÎÑæÌí (ãäÈÚ ÊÛĞíå ËÇÈÊ) íÇ ÇäÊÎÇÈ ÎÑæÌí ÔÇÑÑ ÈÑÇí ŞİÓå New Description=ÌÇãÑ ÇäÊÎÇÈ Èíä 5 ËÇÈÊ ÎÑæÌí (ãäÈÚ ÊÛĞíå ËÇÈÊ) íÇ ÇäÊÎÇÈ ÎÑæÌí ÔÇÑÑ ÈÑÇí ŞİÓå
Change Component Description : Designator=JAnd_Ch9 Old Description=ÌÇãÑ ÇäÊÎÇÈ Èíä 5 ËÇÈÊ ÎÑæÌí (ãäÈÚ ÊÛĞíå ËÇÈÊ) íÇ ÇäÊÎÇÈ ÎÑæÌí ÔÇÑÑ ÈÑÇí ŞİÓå New Description=ÌÇãÑ ÇäÊÎÇÈ Èíä 5 ËÇÈÊ ÎÑæÌí (ãäÈÚ ÊÛĞíå ËÇÈÊ) íÇ ÇäÊÎÇÈ ÎÑæÌí ÔÇÑÑ ÈÑÇí ŞİÓå
Change Component Description : Designator=JAnd_Ch10 Old Description=ÌÇãÑ ÇäÊÎÇÈ Èíä 5 ËÇÈÊ ÎÑæÌí (ãäÈÚ ÊÛĞíå ËÇÈÊ) íÇ ÇäÊÎÇÈ ÎÑæÌí ÔÇÑÑ ÈÑÇí ŞİÓå New Description=ÌÇãÑ ÇäÊÎÇÈ Èíä 5 ËÇÈÊ ÎÑæÌí (ãäÈÚ ÊÛĞíå ËÇÈÊ) íÇ ÇäÊÎÇÈ ÎÑæÌí ÔÇÑÑ ÈÑÇí ŞİÓå
Change Component Description : Designator=JIP_Ch1 Old Description=ÌÇãÑ ÇäÊÎÇÈ Èíä 5 ËÇÈÊ ÎÑæÌí (ãäÈÚ ÊÛĞíå ËÇÈÊ) íÇ ÇäÊÎÇÈ ÎÑæÌí ÔÇÑÑ ÈÑÇí ŞİÓå New Description=ÌÇãÑ ÇäÊÎÇÈ Èíä 5 ËÇÈÊ ÎÑæÌí (ãäÈÚ ÊÛĞíå ËÇÈÊ) íÇ ÇäÊÎÇÈ ÎÑæÌí ÔÇÑÑ ÈÑÇí ŞİÓå
Change Component Description : Designator=JIP_Ch2 Old Description=ÌÇãÑ ÇäÊÎÇÈ Èíä 5 ËÇÈÊ ÎÑæÌí (ãäÈÚ ÊÛĞíå ËÇÈÊ) íÇ ÇäÊÎÇÈ ÎÑæÌí ÔÇÑÑ ÈÑÇí ŞİÓå New Description=ÌÇãÑ ÇäÊÎÇÈ Èíä 5 ËÇÈÊ ÎÑæÌí (ãäÈÚ ÊÛĞíå ËÇÈÊ) íÇ ÇäÊÎÇÈ ÎÑæÌí ÔÇÑÑ ÈÑÇí ŞİÓå
Change Component Description : Designator=JIP_Ch3 Old Description=ÌÇãÑ ÇäÊÎÇÈ Èíä 5 ËÇÈÊ ÎÑæÌí (ãäÈÚ ÊÛĞíå ËÇÈÊ) íÇ ÇäÊÎÇÈ ÎÑæÌí ÔÇÑÑ ÈÑÇí ŞİÓå New Description=ÌÇãÑ ÇäÊÎÇÈ Èíä 5 ËÇÈÊ ÎÑæÌí (ãäÈÚ ÊÛĞíå ËÇÈÊ) íÇ ÇäÊÎÇÈ ÎÑæÌí ÔÇÑÑ ÈÑÇí ŞİÓå
Change Component Description : Designator=JIP_Ch4 Old Description=ÌÇãÑ ÇäÊÎÇÈ Èíä 5 ËÇÈÊ ÎÑæÌí (ãäÈÚ ÊÛĞíå ËÇÈÊ) íÇ ÇäÊÎÇÈ ÎÑæÌí ÔÇÑÑ ÈÑÇí ŞİÓå New Description=ÌÇãÑ ÇäÊÎÇÈ Èíä 5 ËÇÈÊ ÎÑæÌí (ãäÈÚ ÊÛĞíå ËÇÈÊ) íÇ ÇäÊÎÇÈ ÎÑæÌí ÔÇÑÑ ÈÑÇí ŞİÓå
Change Component Description : Designator=JIP_Ch5 Old Description=ÌÇãÑ ÇäÊÎÇÈ Èíä 5 ËÇÈÊ ÎÑæÌí (ãäÈÚ ÊÛĞíå ËÇÈÊ) íÇ ÇäÊÎÇÈ ÎÑæÌí ÔÇÑÑ ÈÑÇí ŞİÓå New Description=ÌÇãÑ ÇäÊÎÇÈ Èíä 5 ËÇÈÊ ÎÑæÌí (ãäÈÚ ÊÛĞíå ËÇÈÊ) íÇ ÇäÊÎÇÈ ÎÑæÌí ÔÇÑÑ ÈÑÇí ŞİÓå
Change Component Description : Designator=JIP_Ch6 Old Description=ÌÇãÑ ÇäÊÎÇÈ Èíä 5 ËÇÈÊ ÎÑæÌí (ãäÈÚ ÊÛĞíå ËÇÈÊ) íÇ ÇäÊÎÇÈ ÎÑæÌí ÔÇÑÑ ÈÑÇí ŞİÓå New Description=ÌÇãÑ ÇäÊÎÇÈ Èíä 5 ËÇÈÊ ÎÑæÌí (ãäÈÚ ÊÛĞíå ËÇÈÊ) íÇ ÇäÊÎÇÈ ÎÑæÌí ÔÇÑÑ ÈÑÇí ŞİÓå
Change Component Description : Designator=JIP_Ch7 Old Description=ÌÇãÑ ÇäÊÎÇÈ Èíä 5 ËÇÈÊ ÎÑæÌí (ãäÈÚ ÊÛĞíå ËÇÈÊ) íÇ ÇäÊÎÇÈ ÎÑæÌí ÔÇÑÑ ÈÑÇí ŞİÓå New Description=ÌÇãÑ ÇäÊÎÇÈ Èíä 5 ËÇÈÊ ÎÑæÌí (ãäÈÚ ÊÛĞíå ËÇÈÊ) íÇ ÇäÊÎÇÈ ÎÑæÌí ÔÇÑÑ ÈÑÇí ŞİÓå
Change Component Description : Designator=JIP_Ch8 Old Description=ÌÇãÑ ÇäÊÎÇÈ Èíä 5 ËÇÈÊ ÎÑæÌí (ãäÈÚ ÊÛĞíå ËÇÈÊ) íÇ ÇäÊÎÇÈ ÎÑæÌí ÔÇÑÑ ÈÑÇí ŞİÓå New Description=ÌÇãÑ ÇäÊÎÇÈ Èíä 5 ËÇÈÊ ÎÑæÌí (ãäÈÚ ÊÛĞíå ËÇÈÊ) íÇ ÇäÊÎÇÈ ÎÑæÌí ÔÇÑÑ ÈÑÇí ŞİÓå
Change Component Description : Designator=JIP_Ch9 Old Description=ÌÇãÑ ÇäÊÎÇÈ Èíä 5 ËÇÈÊ ÎÑæÌí (ãäÈÚ ÊÛĞíå ËÇÈÊ) íÇ ÇäÊÎÇÈ ÎÑæÌí ÔÇÑÑ ÈÑÇí ŞİÓå New Description=ÌÇãÑ ÇäÊÎÇÈ Èíä 5 ËÇÈÊ ÎÑæÌí (ãäÈÚ ÊÛĞíå ËÇÈÊ) íÇ ÇäÊÎÇÈ ÎÑæÌí ÔÇÑÑ ÈÑÇí ŞİÓå
Change Component Description : Designator=JIP_Ch10 Old Description=ÌÇãÑ ÇäÊÎÇÈ Èíä 5 ËÇÈÊ ÎÑæÌí (ãäÈÚ ÊÛĞíå ËÇÈÊ) íÇ ÇäÊÎÇÈ ÎÑæÌí ÔÇÑÑ ÈÑÇí ŞİÓå New Description=ÌÇãÑ ÇäÊÎÇÈ Èíä 5 ËÇÈÊ ÎÑæÌí (ãäÈÚ ÊÛĞíå ËÇÈÊ) íÇ ÇäÊÎÇÈ ÎÑæÌí ÔÇÑÑ ÈÑÇí ŞİÓå
Change Component Description : Designator=JTC_Ch1 Old Description=ÌÇãÑ ÇäÊÎÇÈ Èíä 5 ËÇÈÊ ÎÑæÌí (ãäÈÚ ÊÛĞíå ËÇÈÊ) íÇ ÇäÊÎÇÈ ÎÑæÌí ÔÇÑÑ ÈÑÇí ŞİÓå New Description=ÌÇãÑ ÇäÊÎÇÈ Èíä 5 ËÇÈÊ ÎÑæÌí (ãäÈÚ ÊÛĞíå ËÇÈÊ) íÇ ÇäÊÎÇÈ ÎÑæÌí ÔÇÑÑ ÈÑÇí ŞİÓå
Change Component Description : Designator=JTC_Ch2 Old Description=ÌÇãÑ ÇäÊÎÇÈ Èíä 5 ËÇÈÊ ÎÑæÌí (ãäÈÚ ÊÛĞíå ËÇÈÊ) íÇ ÇäÊÎÇÈ ÎÑæÌí ÔÇÑÑ ÈÑÇí ŞİÓå New Description=ÌÇãÑ ÇäÊÎÇÈ Èíä 5 ËÇÈÊ ÎÑæÌí (ãäÈÚ ÊÛĞíå ËÇÈÊ) íÇ ÇäÊÎÇÈ ÎÑæÌí ÔÇÑÑ ÈÑÇí ŞİÓå
Change Component Description : Designator=JTC_Ch3 Old Description=ÌÇãÑ ÇäÊÎÇÈ Èíä 5 ËÇÈÊ ÎÑæÌí (ãäÈÚ ÊÛĞíå ËÇÈÊ) íÇ ÇäÊÎÇÈ ÎÑæÌí ÔÇÑÑ ÈÑÇí ŞİÓå New Description=ÌÇãÑ ÇäÊÎÇÈ Èíä 5 ËÇÈÊ ÎÑæÌí (ãäÈÚ ÊÛĞíå ËÇÈÊ) íÇ ÇäÊÎÇÈ ÎÑæÌí ÔÇÑÑ ÈÑÇí ŞİÓå
Change Component Description : Designator=JTC_Ch4 Old Description=ÌÇãÑ ÇäÊÎÇÈ Èíä 5 ËÇÈÊ ÎÑæÌí (ãäÈÚ ÊÛĞíå ËÇÈÊ) íÇ ÇäÊÎÇÈ ÎÑæÌí ÔÇÑÑ ÈÑÇí ŞİÓå New Description=ÌÇãÑ ÇäÊÎÇÈ Èíä 5 ËÇÈÊ ÎÑæÌí (ãäÈÚ ÊÛĞíå ËÇÈÊ) íÇ ÇäÊÎÇÈ ÎÑæÌí ÔÇÑÑ ÈÑÇí ŞİÓå
Change Component Description : Designator=JTC_Ch5 Old Description=ÌÇãÑ ÇäÊÎÇÈ Èíä 5 ËÇÈÊ ÎÑæÌí (ãäÈÚ ÊÛĞíå ËÇÈÊ) íÇ ÇäÊÎÇÈ ÎÑæÌí ÔÇÑÑ ÈÑÇí ŞİÓå New Description=ÌÇãÑ ÇäÊÎÇÈ Èíä 5 ËÇÈÊ ÎÑæÌí (ãäÈÚ ÊÛĞíå ËÇÈÊ) íÇ ÇäÊÎÇÈ ÎÑæÌí ÔÇÑÑ ÈÑÇí ŞİÓå
Change Component Description : Designator=JTC_Ch6 Old Description=ÌÇãÑ ÇäÊÎÇÈ Èíä 5 ËÇÈÊ ÎÑæÌí (ãäÈÚ ÊÛĞíå ËÇÈÊ) íÇ ÇäÊÎÇÈ ÎÑæÌí ÔÇÑÑ ÈÑÇí ŞİÓå New Description=ÌÇãÑ ÇäÊÎÇÈ Èíä 5 ËÇÈÊ ÎÑæÌí (ãäÈÚ ÊÛĞíå ËÇÈÊ) íÇ ÇäÊÎÇÈ ÎÑæÌí ÔÇÑÑ ÈÑÇí ŞİÓå
Change Component Description : Designator=JTC_Ch7 Old Description=ÌÇãÑ ÇäÊÎÇÈ Èíä 5 ËÇÈÊ ÎÑæÌí (ãäÈÚ ÊÛĞíå ËÇÈÊ) íÇ ÇäÊÎÇÈ ÎÑæÌí ÔÇÑÑ ÈÑÇí ŞİÓå New Description=ÌÇãÑ ÇäÊÎÇÈ Èíä 5 ËÇÈÊ ÎÑæÌí (ãäÈÚ ÊÛĞíå ËÇÈÊ) íÇ ÇäÊÎÇÈ ÎÑæÌí ÔÇÑÑ ÈÑÇí ŞİÓå
Change Component Description : Designator=JTC_Ch8 Old Description=ÌÇãÑ ÇäÊÎÇÈ Èíä 5 ËÇÈÊ ÎÑæÌí (ãäÈÚ ÊÛĞíå ËÇÈÊ) íÇ ÇäÊÎÇÈ ÎÑæÌí ÔÇÑÑ ÈÑÇí ŞİÓå New Description=ÌÇãÑ ÇäÊÎÇÈ Èíä 5 ËÇÈÊ ÎÑæÌí (ãäÈÚ ÊÛĞíå ËÇÈÊ) íÇ ÇäÊÎÇÈ ÎÑæÌí ÔÇÑÑ ÈÑÇí ŞİÓå
Change Component Description : Designator=JTC_Ch9 Old Description=ÌÇãÑ ÇäÊÎÇÈ Èíä 5 ËÇÈÊ ÎÑæÌí (ãäÈÚ ÊÛĞíå ËÇÈÊ) íÇ ÇäÊÎÇÈ ÎÑæÌí ÔÇÑÑ ÈÑÇí ŞİÓå New Description=ÌÇãÑ ÇäÊÎÇÈ Èíä 5 ËÇÈÊ ÎÑæÌí (ãäÈÚ ÊÛĞíå ËÇÈÊ) íÇ ÇäÊÎÇÈ ÎÑæÌí ÔÇÑÑ ÈÑÇí ŞİÓå
Change Component Description : Designator=JTC_Ch10 Old Description=ÌÇãÑ ÇäÊÎÇÈ Èíä 5 ËÇÈÊ ÎÑæÌí (ãäÈÚ ÊÛĞíå ËÇÈÊ) íÇ ÇäÊÎÇÈ ÎÑæÌí ÔÇÑÑ ÈÑÇí ŞİÓå New Description=ÌÇãÑ ÇäÊÎÇÈ Èíä 5 ËÇÈÊ ÎÑæÌí (ãäÈÚ ÊÛĞíå ËÇÈÊ) íÇ ÇäÊÎÇÈ ÎÑæÌí ÔÇÑÑ ÈÑÇí ŞİÓå
Change Component Description : Designator=JUSB_Ch1 Old Description=ÌÇãÑ ÇäÊÎÇÈ Èíä 5 ËÇÈÊ ÎÑæÌí (ãäÈÚ ÊÛĞíå ËÇÈÊ) íÇ ÇäÊÎÇÈ ÎÑæÌí ÔÇÑÑ ÈÑÇí ŞİÓå New Description=ÌÇãÑ ÇäÊÎÇÈ Èíä 5 ËÇÈÊ ÎÑæÌí (ãäÈÚ ÊÛĞíå ËÇÈÊ) íÇ ÇäÊÎÇÈ ÎÑæÌí ÔÇÑÑ ÈÑÇí ŞİÓå
Change Component Description : Designator=JUSB_Ch2 Old Description=ÌÇãÑ ÇäÊÎÇÈ Èíä 5 ËÇÈÊ ÎÑæÌí (ãäÈÚ ÊÛĞíå ËÇÈÊ) íÇ ÇäÊÎÇÈ ÎÑæÌí ÔÇÑÑ ÈÑÇí ŞİÓå New Description=ÌÇãÑ ÇäÊÎÇÈ Èíä 5 ËÇÈÊ ÎÑæÌí (ãäÈÚ ÊÛĞíå ËÇÈÊ) íÇ ÇäÊÎÇÈ ÎÑæÌí ÔÇÑÑ ÈÑÇí ŞİÓå
Change Component Description : Designator=JUSB_Ch3 Old Description=ÌÇãÑ ÇäÊÎÇÈ Èíä 5 ËÇÈÊ ÎÑæÌí (ãäÈÚ ÊÛĞíå ËÇÈÊ) íÇ ÇäÊÎÇÈ ÎÑæÌí ÔÇÑÑ ÈÑÇí ŞİÓå New Description=ÌÇãÑ ÇäÊÎÇÈ Èíä 5 ËÇÈÊ ÎÑæÌí (ãäÈÚ ÊÛĞíå ËÇÈÊ) íÇ ÇäÊÎÇÈ ÎÑæÌí ÔÇÑÑ ÈÑÇí ŞİÓå
Change Component Description : Designator=JUSB_Ch4 Old Description=ÌÇãÑ ÇäÊÎÇÈ Èíä 5 ËÇÈÊ ÎÑæÌí (ãäÈÚ ÊÛĞíå ËÇÈÊ) íÇ ÇäÊÎÇÈ ÎÑæÌí ÔÇÑÑ ÈÑÇí ŞİÓå New Description=ÌÇãÑ ÇäÊÎÇÈ Èíä 5 ËÇÈÊ ÎÑæÌí (ãäÈÚ ÊÛĞíå ËÇÈÊ) íÇ ÇäÊÎÇÈ ÎÑæÌí ÔÇÑÑ ÈÑÇí ŞİÓå
Change Component Description : Designator=JUSB_Ch5 Old Description=ÌÇãÑ ÇäÊÎÇÈ Èíä 5 ËÇÈÊ ÎÑæÌí (ãäÈÚ ÊÛĞíå ËÇÈÊ) íÇ ÇäÊÎÇÈ ÎÑæÌí ÔÇÑÑ ÈÑÇí ŞİÓå New Description=ÌÇãÑ ÇäÊÎÇÈ Èíä 5 ËÇÈÊ ÎÑæÌí (ãäÈÚ ÊÛĞíå ËÇÈÊ) íÇ ÇäÊÎÇÈ ÎÑæÌí ÔÇÑÑ ÈÑÇí ŞİÓå
Change Component Description : Designator=JUSB_Ch6 Old Description=ÌÇãÑ ÇäÊÎÇÈ Èíä 5 ËÇÈÊ ÎÑæÌí (ãäÈÚ ÊÛĞíå ËÇÈÊ) íÇ ÇäÊÎÇÈ ÎÑæÌí ÔÇÑÑ ÈÑÇí ŞİÓå New Description=ÌÇãÑ ÇäÊÎÇÈ Èíä 5 ËÇÈÊ ÎÑæÌí (ãäÈÚ ÊÛĞíå ËÇÈÊ) íÇ ÇäÊÎÇÈ ÎÑæÌí ÔÇÑÑ ÈÑÇí ŞİÓå
Change Component Description : Designator=JUSB_Ch7 Old Description=ÌÇãÑ ÇäÊÎÇÈ Èíä 5 ËÇÈÊ ÎÑæÌí (ãäÈÚ ÊÛĞíå ËÇÈÊ) íÇ ÇäÊÎÇÈ ÎÑæÌí ÔÇÑÑ ÈÑÇí ŞİÓå New Description=ÌÇãÑ ÇäÊÎÇÈ Èíä 5 ËÇÈÊ ÎÑæÌí (ãäÈÚ ÊÛĞíå ËÇÈÊ) íÇ ÇäÊÎÇÈ ÎÑæÌí ÔÇÑÑ ÈÑÇí ŞİÓå
Change Component Description : Designator=JUSB_Ch8 Old Description=ÌÇãÑ ÇäÊÎÇÈ Èíä 5 ËÇÈÊ ÎÑæÌí (ãäÈÚ ÊÛĞíå ËÇÈÊ) íÇ ÇäÊÎÇÈ ÎÑæÌí ÔÇÑÑ ÈÑÇí ŞİÓå New Description=ÌÇãÑ ÇäÊÎÇÈ Èíä 5 ËÇÈÊ ÎÑæÌí (ãäÈÚ ÊÛĞíå ËÇÈÊ) íÇ ÇäÊÎÇÈ ÎÑæÌí ÔÇÑÑ ÈÑÇí ŞİÓå
Change Component Description : Designator=JUSB_Ch9 Old Description=ÌÇãÑ ÇäÊÎÇÈ Èíä 5 ËÇÈÊ ÎÑæÌí (ãäÈÚ ÊÛĞíå ËÇÈÊ) íÇ ÇäÊÎÇÈ ÎÑæÌí ÔÇÑÑ ÈÑÇí ŞİÓå New Description=ÌÇãÑ ÇäÊÎÇÈ Èíä 5 ËÇÈÊ ÎÑæÌí (ãäÈÚ ÊÛĞíå ËÇÈÊ) íÇ ÇäÊÎÇÈ ÎÑæÌí ÔÇÑÑ ÈÑÇí ŞİÓå
Change Component Description : Designator=JUSB_Ch10 Old Description=ÌÇãÑ ÇäÊÎÇÈ Èíä 5 ËÇÈÊ ÎÑæÌí (ãäÈÚ ÊÛĞíå ËÇÈÊ) íÇ ÇäÊÎÇÈ ÎÑæÌí ÔÇÑÑ ÈÑÇí ŞİÓå New Description=ÌÇãÑ ÇäÊÎÇÈ Èíä 5 ËÇÈÊ ÎÑæÌí (ãäÈÚ ÊÛĞíå ËÇÈÊ) íÇ ÇäÊÎÇÈ ÎÑæÌí ÔÇÑÑ ÈÑÇí ŞİÓå
Change Component Description : Designator=ChAnd_Ch1 Old Description=æÑæÏí ÇÒ ÔÇÑÑ ÇäÏÑæííÏ New Description=æÑæÏí ÇÒ ÔÇÑÑ ÇäÏÑæííÏ
Change Component Description : Designator=ChAnd_Ch2 Old Description=æÑæÏí ÇÒ ÔÇÑÑ ÇäÏÑæííÏ New Description=æÑæÏí ÇÒ ÔÇÑÑ ÇäÏÑæííÏ
Change Component Description : Designator=ChAnd_Ch3 Old Description=æÑæÏí ÇÒ ÔÇÑÑ ÇäÏÑæííÏ New Description=æÑæÏí ÇÒ ÔÇÑÑ ÇäÏÑæííÏ
Change Component Description : Designator=ChAnd_Ch4 Old Description=æÑæÏí ÇÒ ÔÇÑÑ ÇäÏÑæííÏ New Description=æÑæÏí ÇÒ ÔÇÑÑ ÇäÏÑæííÏ
Change Component Description : Designator=ChAnd_Ch5 Old Description=æÑæÏí ÇÒ ÔÇÑÑ ÇäÏÑæííÏ New Description=æÑæÏí ÇÒ ÔÇÑÑ ÇäÏÑæííÏ
Change Component Description : Designator=ChAnd_Ch6 Old Description=æÑæÏí ÇÒ ÔÇÑÑ ÇäÏÑæííÏ New Description=æÑæÏí ÇÒ ÔÇÑÑ ÇäÏÑæííÏ
Change Component Description : Designator=ChAnd_Ch7 Old Description=æÑæÏí ÇÒ ÔÇÑÑ ÇäÏÑæííÏ New Description=æÑæÏí ÇÒ ÔÇÑÑ ÇäÏÑæííÏ
Change Component Description : Designator=ChAnd_Ch8 Old Description=æÑæÏí ÇÒ ÔÇÑÑ ÇäÏÑæííÏ New Description=æÑæÏí ÇÒ ÔÇÑÑ ÇäÏÑæííÏ
Change Component Description : Designator=ChAnd_Ch9 Old Description=æÑæÏí ÇÒ ÔÇÑÑ ÇäÏÑæííÏ New Description=æÑæÏí ÇÒ ÔÇÑÑ ÇäÏÑæííÏ
Change Component Description : Designator=ChAnd_Ch10 Old Description=æÑæÏí ÇÒ ÔÇÑÑ ÇäÏÑæííÏ New Description=æÑæÏí ÇÒ ÔÇÑÑ ÇäÏÑæííÏ
Change Component Description : Designator=ChIP_Ch1 Old Description=æÑæÏí ÇÒ ÔÇÑÑ ÇäÏÑæííÏ New Description=æÑæÏí ÇÒ ÔÇÑÑ ÇäÏÑæííÏ
Change Component Description : Designator=ChIP_Ch2 Old Description=æÑæÏí ÇÒ ÔÇÑÑ ÇäÏÑæííÏ New Description=æÑæÏí ÇÒ ÔÇÑÑ ÇäÏÑæííÏ
Change Component Description : Designator=ChIP_Ch3 Old Description=æÑæÏí ÇÒ ÔÇÑÑ ÇäÏÑæííÏ New Description=æÑæÏí ÇÒ ÔÇÑÑ ÇäÏÑæííÏ
Change Component Description : Designator=ChIP_Ch4 Old Description=æÑæÏí ÇÒ ÔÇÑÑ ÇäÏÑæííÏ New Description=æÑæÏí ÇÒ ÔÇÑÑ ÇäÏÑæííÏ
Change Component Description : Designator=ChIP_Ch5 Old Description=æÑæÏí ÇÒ ÔÇÑÑ ÇäÏÑæííÏ New Description=æÑæÏí ÇÒ ÔÇÑÑ ÇäÏÑæííÏ
Change Component Description : Designator=ChIP_Ch6 Old Description=æÑæÏí ÇÒ ÔÇÑÑ ÇäÏÑæííÏ New Description=æÑæÏí ÇÒ ÔÇÑÑ ÇäÏÑæííÏ
Change Component Description : Designator=ChIP_Ch7 Old Description=æÑæÏí ÇÒ ÔÇÑÑ ÇäÏÑæííÏ New Description=æÑæÏí ÇÒ ÔÇÑÑ ÇäÏÑæííÏ
Change Component Description : Designator=ChIP_Ch8 Old Description=æÑæÏí ÇÒ ÔÇÑÑ ÇäÏÑæííÏ New Description=æÑæÏí ÇÒ ÔÇÑÑ ÇäÏÑæííÏ
Change Component Description : Designator=ChIP_Ch9 Old Description=æÑæÏí ÇÒ ÔÇÑÑ ÇäÏÑæííÏ New Description=æÑæÏí ÇÒ ÔÇÑÑ ÇäÏÑæííÏ
Change Component Description : Designator=ChIP_Ch10 Old Description=æÑæÏí ÇÒ ÔÇÑÑ ÇäÏÑæííÏ New Description=æÑæÏí ÇÒ ÔÇÑÑ ÇäÏÑæííÏ
Change Component Description : Designator=ChTC_Ch1 Old Description=æÑæÏí ÇÒ ÔÇÑÑ ÇäÏÑæííÏ New Description=æÑæÏí ÇÒ ÔÇÑÑ ÇäÏÑæííÏ
Change Component Description : Designator=ChTC_Ch2 Old Description=æÑæÏí ÇÒ ÔÇÑÑ ÇäÏÑæííÏ New Description=æÑæÏí ÇÒ ÔÇÑÑ ÇäÏÑæííÏ
Change Component Description : Designator=ChTC_Ch3 Old Description=æÑæÏí ÇÒ ÔÇÑÑ ÇäÏÑæííÏ New Description=æÑæÏí ÇÒ ÔÇÑÑ ÇäÏÑæííÏ
Change Component Description : Designator=ChTC_Ch4 Old Description=æÑæÏí ÇÒ ÔÇÑÑ ÇäÏÑæííÏ New Description=æÑæÏí ÇÒ ÔÇÑÑ ÇäÏÑæííÏ
Change Component Description : Designator=ChTC_Ch5 Old Description=æÑæÏí ÇÒ ÔÇÑÑ ÇäÏÑæííÏ New Description=æÑæÏí ÇÒ ÔÇÑÑ ÇäÏÑæííÏ
Change Component Description : Designator=ChTC_Ch6 Old Description=æÑæÏí ÇÒ ÔÇÑÑ ÇäÏÑæííÏ New Description=æÑæÏí ÇÒ ÔÇÑÑ ÇäÏÑæííÏ
Change Component Description : Designator=ChTC_Ch7 Old Description=æÑæÏí ÇÒ ÔÇÑÑ ÇäÏÑæííÏ New Description=æÑæÏí ÇÒ ÔÇÑÑ ÇäÏÑæííÏ
Change Component Description : Designator=ChTC_Ch8 Old Description=æÑæÏí ÇÒ ÔÇÑÑ ÇäÏÑæííÏ New Description=æÑæÏí ÇÒ ÔÇÑÑ ÇäÏÑæííÏ
Change Component Description : Designator=ChTC_Ch9 Old Description=æÑæÏí ÇÒ ÔÇÑÑ ÇäÏÑæííÏ New Description=æÑæÏí ÇÒ ÔÇÑÑ ÇäÏÑæííÏ
Change Component Description : Designator=ChTC_Ch10 Old Description=æÑæÏí ÇÒ ÔÇÑÑ ÇäÏÑæííÏ New Description=æÑæÏí ÇÒ ÔÇÑÑ ÇäÏÑæííÏ
Change Component Description : Designator=ChUSB_Ch1 Old Description=æÑæÏí ÇÒ ÔÇÑÑ ÇäÏÑæííÏ New Description=æÑæÏí ÇÒ ÔÇÑÑ ÇäÏÑæííÏ
Change Component Description : Designator=ChUSB_Ch2 Old Description=æÑæÏí ÇÒ ÔÇÑÑ ÇäÏÑæííÏ New Description=æÑæÏí ÇÒ ÔÇÑÑ ÇäÏÑæííÏ
Change Component Description : Designator=ChUSB_Ch3 Old Description=æÑæÏí ÇÒ ÔÇÑÑ ÇäÏÑæííÏ New Description=æÑæÏí ÇÒ ÔÇÑÑ ÇäÏÑæííÏ
Change Component Description : Designator=ChUSB_Ch4 Old Description=æÑæÏí ÇÒ ÔÇÑÑ ÇäÏÑæííÏ New Description=æÑæÏí ÇÒ ÔÇÑÑ ÇäÏÑæííÏ
Change Component Description : Designator=ChUSB_Ch5 Old Description=æÑæÏí ÇÒ ÔÇÑÑ ÇäÏÑæííÏ New Description=æÑæÏí ÇÒ ÔÇÑÑ ÇäÏÑæííÏ
Change Component Description : Designator=ChUSB_Ch6 Old Description=æÑæÏí ÇÒ ÔÇÑÑ ÇäÏÑæííÏ New Description=æÑæÏí ÇÒ ÔÇÑÑ ÇäÏÑæííÏ
Change Component Description : Designator=ChUSB_Ch7 Old Description=æÑæÏí ÇÒ ÔÇÑÑ ÇäÏÑæííÏ New Description=æÑæÏí ÇÒ ÔÇÑÑ ÇäÏÑæííÏ
Change Component Description : Designator=ChUSB_Ch8 Old Description=æÑæÏí ÇÒ ÔÇÑÑ ÇäÏÑæííÏ New Description=æÑæÏí ÇÒ ÔÇÑÑ ÇäÏÑæííÏ
Change Component Description : Designator=ChUSB_Ch9 Old Description=æÑæÏí ÇÒ ÔÇÑÑ ÇäÏÑæííÏ New Description=æÑæÏí ÇÒ ÔÇÑÑ ÇäÏÑæííÏ
Change Component Description : Designator=ChUSB_Ch10 Old Description=æÑæÏí ÇÒ ÔÇÑÑ ÇäÏÑæííÏ New Description=æÑæÏí ÇÒ ÔÇÑÑ ÇäÏÑæííÏ
Added Pin To Net: NetName=NetD1_Ch1_2 Pin=D1_Ch1-A
Added Pin To Net: NetName=NetD1_Ch2_2 Pin=D1_Ch2-A
Added Pin To Net: NetName=NetD1_Ch3_2 Pin=D1_Ch3-A
Added Pin To Net: NetName=NetD1_Ch4_2 Pin=D1_Ch4-A
Added Pin To Net: NetName=NetD1_Ch5_2 Pin=D1_Ch5-A
Added Pin To Net: NetName=NetD1_Ch6_2 Pin=D1_Ch6-A
Added Pin To Net: NetName=NetD1_Ch7_2 Pin=D1_Ch7-A
Added Pin To Net: NetName=NetD1_Ch8_2 Pin=D1_Ch8-A
Added Pin To Net: NetName=NetD1_Ch9_2 Pin=D1_Ch9-A
Added Pin To Net: NetName=NetD1_Ch10_2 Pin=D1_Ch10-A
Added Pin To Net: NetName=NetD2_Ch1_2 Pin=D2_Ch1-A
Added Pin To Net: NetName=NetD2_Ch2_2 Pin=D2_Ch2-A
Added Pin To Net: NetName=NetD2_Ch3_2 Pin=D2_Ch3-A
Added Pin To Net: NetName=NetD2_Ch4_2 Pin=D2_Ch4-A
Added Pin To Net: NetName=NetD2_Ch5_2 Pin=D2_Ch5-A
Added Pin To Net: NetName=NetD2_Ch6_2 Pin=D2_Ch6-A
Added Pin To Net: NetName=NetD2_Ch7_2 Pin=D2_Ch7-A
Added Pin To Net: NetName=NetD2_Ch8_2 Pin=D2_Ch8-A
Added Pin To Net: NetName=NetD2_Ch9_2 Pin=D2_Ch9-A
Added Pin To Net: NetName=NetD2_Ch10_2 Pin=D2_Ch10-A
Added Pin To Net: NetName=NetD3_Ch1_2 Pin=D3_Ch1-A
Added Pin To Net: NetName=NetD3_Ch2_2 Pin=D3_Ch2-A
Added Pin To Net: NetName=NetD3_Ch3_2 Pin=D3_Ch3-A
Added Pin To Net: NetName=NetD3_Ch4_2 Pin=D3_Ch4-A
Added Pin To Net: NetName=NetD3_Ch5_2 Pin=D3_Ch5-A
Added Pin To Net: NetName=NetD3_Ch6_2 Pin=D3_Ch6-A
Added Pin To Net: NetName=NetD3_Ch7_2 Pin=D3_Ch7-A
Added Pin To Net: NetName=NetD3_Ch8_2 Pin=D3_Ch8-A
Added Pin To Net: NetName=NetD3_Ch9_2 Pin=D3_Ch9-A
Added Pin To Net: NetName=NetD3_Ch10_2 Pin=D3_Ch10-A
Added Pin To Net: NetName=NetD4_Ch1_2 Pin=D4_Ch1-A
Added Pin To Net: NetName=NetD4_Ch2_2 Pin=D4_Ch2-A
Added Pin To Net: NetName=NetD4_Ch3_2 Pin=D4_Ch3-A
Added Pin To Net: NetName=NetD4_Ch4_2 Pin=D4_Ch4-A
Added Pin To Net: NetName=NetD4_Ch5_2 Pin=D4_Ch5-A
Added Pin To Net: NetName=NetD4_Ch6_2 Pin=D4_Ch6-A
Added Pin To Net: NetName=NetD4_Ch7_2 Pin=D4_Ch7-A
Added Pin To Net: NetName=NetD4_Ch8_2 Pin=D4_Ch8-A
Added Pin To Net: NetName=NetD4_Ch9_2 Pin=D4_Ch9-A
Added Pin To Net: NetName=NetD4_Ch10_2 Pin=D4_Ch10-A
Added Pin To Net: NetName=NetD5_Ch1_2 Pin=D5_Ch1-A
Added Pin To Net: NetName=NetD5_Ch2_2 Pin=D5_Ch2-A
Added Pin To Net: NetName=NetD5_Ch3_2 Pin=D5_Ch3-A
Added Pin To Net: NetName=NetD5_Ch4_2 Pin=D5_Ch4-A
Added Pin To Net: NetName=NetD5_Ch5_2 Pin=D5_Ch5-A
Added Pin To Net: NetName=NetD5_Ch6_2 Pin=D5_Ch6-A
Added Pin To Net: NetName=NetD5_Ch7_2 Pin=D5_Ch7-A
Added Pin To Net: NetName=NetD5_Ch8_2 Pin=D5_Ch8-A
Added Pin To Net: NetName=NetD5_Ch9_2 Pin=D5_Ch9-A
Added Pin To Net: NetName=NetD5_Ch10_2 Pin=D5_Ch10-A
Added Pin To Net: NetName=USBGND_Ch1 Pin=D6_Ch1-A
Added Pin To Net: NetName=USBGND_Ch2 Pin=D6_Ch2-A
Added Pin To Net: NetName=USBGND_Ch3 Pin=D6_Ch3-A
Added Pin To Net: NetName=USBGND_Ch4 Pin=D6_Ch4-A
Added Pin To Net: NetName=USBGND_Ch5 Pin=D6_Ch5-A
Added Pin To Net: NetName=USBGND_Ch6 Pin=D6_Ch6-A
Added Pin To Net: NetName=USBGND_Ch7 Pin=D6_Ch7-A
Added Pin To Net: NetName=USBGND_Ch8 Pin=D6_Ch8-A
Added Pin To Net: NetName=USBGND_Ch9 Pin=D6_Ch9-A
Added Pin To Net: NetName=USBGND_Ch10 Pin=D6_Ch10-A
Added Pin To Net: NetName=NetD7_Ch1_2 Pin=D7_Ch1-A
Added Pin To Net: NetName=NetD7_Ch2_2 Pin=D7_Ch2-A
Added Pin To Net: NetName=NetD7_Ch3_2 Pin=D7_Ch3-A
Added Pin To Net: NetName=NetD7_Ch4_2 Pin=D7_Ch4-A
Added Pin To Net: NetName=NetD7_Ch5_2 Pin=D7_Ch5-A
Added Pin To Net: NetName=NetD7_Ch6_2 Pin=D7_Ch6-A
Added Pin To Net: NetName=NetD7_Ch7_2 Pin=D7_Ch7-A
Added Pin To Net: NetName=NetD7_Ch8_2 Pin=D7_Ch8-A
Added Pin To Net: NetName=NetD7_Ch9_2 Pin=D7_Ch9-A
Added Pin To Net: NetName=NetD7_Ch10_2 Pin=D7_Ch10-A
Added Pin To Net: NetName=USBGND_Ch1 Pin=D8_Ch1-A
Added Pin To Net: NetName=USBGND_Ch2 Pin=D8_Ch2-A
Added Pin To Net: NetName=USBGND_Ch3 Pin=D8_Ch3-A
Added Pin To Net: NetName=USBGND_Ch4 Pin=D8_Ch4-A
Added Pin To Net: NetName=USBGND_Ch5 Pin=D8_Ch5-A
Added Pin To Net: NetName=USBGND_Ch6 Pin=D8_Ch6-A
Added Pin To Net: NetName=USBGND_Ch7 Pin=D8_Ch7-A
Added Pin To Net: NetName=USBGND_Ch8 Pin=D8_Ch8-A
Added Pin To Net: NetName=USBGND_Ch9 Pin=D8_Ch9-A
Added Pin To Net: NetName=USBGND_Ch10 Pin=D8_Ch10-A
Added Pin To Net: NetName=NetD11_HCFetG1_2 Pin=D11_HCFetG1-A
Added Pin To Net: NetName=NetD11_HCFetG2_2 Pin=D11_HCFetG2-A
Added Pin To Net: NetName=NetD11_HCFetG3_2 Pin=D11_HCFetG3-A
Added Pin To Net: NetName=NetD11_HCFetG4_2 Pin=D11_HCFetG4-A
Added Pin To Net: NetName=NetD11_HCFetG5_2 Pin=D11_HCFetG5-A
Added Pin To Net: NetName=NetD11_HCFetG6_2 Pin=D11_HCFetG6-A
Added Pin To Net: NetName=NetD11_HCFetG7_2 Pin=D11_HCFetG7-A
Added Pin To Net: NetName=NetD11_HCFetG8_2 Pin=D11_HCFetG8-A
Added Pin To Net: NetName=NetD11_HCFetG9_2 Pin=D11_HCFetG9-A
Added Pin To Net: NetName=NetD11_HCFetG10_2 Pin=D11_HCFetG10-A
Added Pin To Net: NetName=NetD12_HCFetV1_1 Pin=D12_HCFetV1-A
Added Pin To Net: NetName=NetD12_HCFetV2_1 Pin=D12_HCFetV2-A
Added Pin To Net: NetName=NetD12_HCFetV3_1 Pin=D12_HCFetV3-A
Added Pin To Net: NetName=NetD12_HCFetV4_1 Pin=D12_HCFetV4-A
Added Pin To Net: NetName=NetD12_HCFetV5_1 Pin=D12_HCFetV5-A
Added Pin To Net: NetName=NetD12_HCFetV6_1 Pin=D12_HCFetV6-A
Added Pin To Net: NetName=NetD12_HCFetV7_1 Pin=D12_HCFetV7-A
Added Pin To Net: NetName=NetD12_HCFetV8_1 Pin=D12_HCFetV8-A
Added Pin To Net: NetName=NetD12_HCFetV9_1 Pin=D12_HCFetV9-A
Added Pin To Net: NetName=NetD12_HCFetV10_1 Pin=D12_HCFetV10-A
Added Pin To Net: NetName=MSWSen Pin=D14_SenIn1-A
Added Pin To Net: NetName=MSWSen Pin=D14_SenIn2-A
Added Pin To Net: NetName=MSWSen Pin=D14_SenIn3-A
Added Pin To Net: NetName=MSWSen Pin=D14_SenIn4-A
Added Pin To Net: NetName=MSWSen Pin=D14_SenIn5-A
Added Pin To Net: NetName=MSWSen Pin=D14_SenIn6-A
Added Pin To Net: NetName=MSWSen Pin=D14_SenIn7-A
Added Pin To Net: NetName=MSWSen Pin=D14_SenIn8-A
Added Pin To Net: NetName=MSWSen Pin=D14_SenIn9-A
Added Pin To Net: NetName=MSWSen Pin=D14_SenIn10-A
Added Pin To Net: NetName=SCL Pin=D15_SenIn1-A
Added Pin To Net: NetName=SCL Pin=D15_SenIn2-A
Added Pin To Net: NetName=SCL Pin=D15_SenIn3-A
Added Pin To Net: NetName=SCL Pin=D15_SenIn4-A
Added Pin To Net: NetName=SCL Pin=D15_SenIn5-A
Added Pin To Net: NetName=SCL Pin=D15_SenIn6-A
Added Pin To Net: NetName=SCL Pin=D15_SenIn7-A
Added Pin To Net: NetName=SCL Pin=D15_SenIn8-A
Added Pin To Net: NetName=SCL Pin=D15_SenIn9-A
Added Pin To Net: NetName=SCL Pin=D15_SenIn10-A
Added Pin To Net: NetName=SDA Pin=D16_SenIn1-A
Added Pin To Net: NetName=SDA Pin=D16_SenIn2-A
Added Pin To Net: NetName=SDA Pin=D16_SenIn3-A
Added Pin To Net: NetName=SDA Pin=D16_SenIn4-A
Added Pin To Net: NetName=SDA Pin=D16_SenIn5-A
Added Pin To Net: NetName=SDA Pin=D16_SenIn6-A
Added Pin To Net: NetName=SDA Pin=D16_SenIn7-A
Added Pin To Net: NetName=SDA Pin=D16_SenIn8-A
Added Pin To Net: NetName=SDA Pin=D16_SenIn9-A
Added Pin To Net: NetName=SDA Pin=D16_SenIn10-A
Added Pin To Net: NetName=PhSen Pin=D17_SenIn1-A
Added Pin To Net: NetName=PhSen Pin=D17_SenIn2-A
Added Pin To Net: NetName=PhSen Pin=D17_SenIn3-A
Added Pin To Net: NetName=PhSen Pin=D17_SenIn4-A
Added Pin To Net: NetName=PhSen Pin=D17_SenIn5-A
Added Pin To Net: NetName=PhSen Pin=D17_SenIn6-A
Added Pin To Net: NetName=PhSen Pin=D17_SenIn7-A
Added Pin To Net: NetName=PhSen Pin=D17_SenIn8-A
Added Pin To Net: NetName=PhSen Pin=D17_SenIn9-A
Added Pin To Net: NetName=PhSen Pin=D17_SenIn10-A
Added Pin To Net: NetName=GMAnd_Ch1 Pin=R6_Ch1-1
Added Pin To Net: NetName=NetQ4_Ch1_1 Pin=R6_Ch1-2
Added Pin To Net: NetName=GND_Ch1 Pin=R8_Ch1-1
Added Pin To Net: NetName=NetQ4_Ch1_1 Pin=R8_Ch1-2
Added Member To Class: ClassName=Ch1 Member=Component R6_Ch1 (R6) R100
Added Member To Class: ClassName=Ch1 Member=Component R8_Ch1 (R8) R430
