Removed Pin From Net: NetName=GRIP_Ch1 Pin=R2_Ch1-1
Removed Pin From Net: NetName=GRIP_Ch2 Pin=R2_Ch2-1
Removed Pin From Net: NetName=GRIP_Ch3 Pin=R2_Ch3-1
Removed Pin From Net: NetName=GRIP_Ch4 Pin=R2_Ch4-1
Removed Pin From Net: NetName=GRIP_Ch5 Pin=R2_Ch5-1
Removed Pin From Net: NetName=GRIP_Ch6 Pin=R2_Ch6-1
Removed Pin From Net: NetName=GRIP_Ch7 Pin=R2_Ch7-1
Removed Pin From Net: NetName=GRIP_Ch8 Pin=R2_Ch8-1
Removed Pin From Net: NetName=GRIP_Ch9 Pin=R2_Ch9-1
Removed Pin From Net: NetName=GRIP_Ch10 Pin=R2_Ch10-1
Removed Pin From Net: NetName=GMIP_Ch1 Pin=R6_Ch1-1
Removed Pin From Net: NetName=GMIP_Ch2 Pin=R6_Ch2-1
Removed Pin From Net: NetName=GMIP_Ch3 Pin=R6_Ch3-1
Removed Pin From Net: NetName=GMIP_Ch4 Pin=R6_Ch4-1
Removed Pin From Net: NetName=GMIP_Ch5 Pin=R6_Ch5-1
Removed Pin From Net: NetName=GMIP_Ch6 Pin=R6_Ch6-1
Removed Pin From Net: NetName=GMIP_Ch7 Pin=R6_Ch7-1
Removed Pin From Net: NetName=GMIP_Ch8 Pin=R6_Ch8-1
Removed Pin From Net: NetName=GMIP_Ch9 Pin=R6_Ch9-1
Removed Pin From Net: NetName=GMIP_Ch10 Pin=R6_Ch10-1
Change Component DesignItemId : Designator=PHC_Ch1 Old DesignItemId=Header 10 New DesignItemId=Header 12
Change Component DesignItemId : Designator=PHC_Ch2 Old DesignItemId=Header 10 New DesignItemId=Header 12
Change Component DesignItemId : Designator=PHC_Ch3 Old DesignItemId=Header 10 New DesignItemId=Header 12
Change Component DesignItemId : Designator=PHC_Ch4 Old DesignItemId=Header 10 New DesignItemId=Header 12
Change Component DesignItemId : Designator=PHC_Ch5 Old DesignItemId=Header 10 New DesignItemId=Header 12
Change Component DesignItemId : Designator=PHC_Ch6 Old DesignItemId=Header 10 New DesignItemId=Header 12
Change Component DesignItemId : Designator=PHC_Ch7 Old DesignItemId=Header 10 New DesignItemId=Header 12
Change Component DesignItemId : Designator=PHC_Ch8 Old DesignItemId=Header 10 New DesignItemId=Header 12
Change Component DesignItemId : Designator=PHC_Ch9 Old DesignItemId=Header 10 New DesignItemId=Header 12
Change Component DesignItemId : Designator=PHC_Ch10 Old DesignItemId=Header 10 New DesignItemId=Header 12
Change Component Footprint: Designator=PHC_Ch1 Old Footprint=HDR1X10 New Footprint=HDR1X12
Change Component Footprint: Designator=PHC_Ch2 Old Footprint=HDR1X10 New Footprint=HDR1X12
Change Component Footprint: Designator=PHC_Ch3 Old Footprint=HDR1X10 New Footprint=HDR1X12
Change Component Footprint: Designator=PHC_Ch4 Old Footprint=HDR1X10 New Footprint=HDR1X12
Change Component Footprint: Designator=PHC_Ch5 Old Footprint=HDR1X10 New Footprint=HDR1X12
Change Component Footprint: Designator=PHC_Ch6 Old Footprint=HDR1X10 New Footprint=HDR1X12
Change Component Footprint: Designator=PHC_Ch7 Old Footprint=HDR1X10 New Footprint=HDR1X12
Change Component Footprint: Designator=PHC_Ch8 Old Footprint=HDR1X10 New Footprint=HDR1X12
Change Component Footprint: Designator=PHC_Ch9 Old Footprint=HDR1X10 New Footprint=HDR1X12
Change Component Footprint: Designator=PHC_Ch10 Old Footprint=HDR1X10 New Footprint=HDR1X12
Change Component Comment : Designator=PHC_Ch1 Old Comment=Header 10 New Comment=Header 12
Change Component Comment : Designator=PHC_Ch2 Old Comment=Header 10 New Comment=Header 12
Change Component Comment : Designator=PHC_Ch3 Old Comment=Header 10 New Comment=Header 12
Change Component Comment : Designator=PHC_Ch4 Old Comment=Header 10 New Comment=Header 12
Change Component Comment : Designator=PHC_Ch5 Old Comment=Header 10 New Comment=Header 12
Change Component Comment : Designator=PHC_Ch6 Old Comment=Header 10 New Comment=Header 12
Change Component Comment : Designator=PHC_Ch7 Old Comment=Header 10 New Comment=Header 12
Change Component Comment : Designator=PHC_Ch8 Old Comment=Header 10 New Comment=Header 12
Change Component Comment : Designator=PHC_Ch9 Old Comment=Header 10 New Comment=Header 12
Change Component Comment : Designator=PHC_Ch10 Old Comment=Header 10 New Comment=Header 12
Change Component Description : Designator=PHC_Ch1 Old Description=Header, 10-Pin New Description=Header, 12-Pin
Change Component Description : Designator=PHC_Ch2 Old Description=Header, 10-Pin New Description=Header, 12-Pin
Change Component Description : Designator=PHC_Ch3 Old Description=Header, 10-Pin New Description=Header, 12-Pin
Change Component Description : Designator=PHC_Ch4 Old Description=Header, 10-Pin New Description=Header, 12-Pin
Change Component Description : Designator=PHC_Ch5 Old Description=Header, 10-Pin New Description=Header, 12-Pin
Change Component Description : Designator=PHC_Ch6 Old Description=Header, 10-Pin New Description=Header, 12-Pin
Change Component Description : Designator=PHC_Ch7 Old Description=Header, 10-Pin New Description=Header, 12-Pin
Change Component Description : Designator=PHC_Ch8 Old Description=Header, 10-Pin New Description=Header, 12-Pin
Change Component Description : Designator=PHC_Ch9 Old Description=Header, 10-Pin New Description=Header, 12-Pin
Change Component Description : Designator=PHC_Ch10 Old Description=Header, 10-Pin New Description=Header, 12-Pin
Change Component Description : Designator=optSupAnd_Ch1 Old Description=ÇÑ ÔÇÑÑ æÑæÏí 12 æáÊ ÏÇÔÊå ÈÇÔÏ Çíä ÌÇãÑ 12 æáÊ ÈÇíÓÊí æÕá ÔæÏ New Description=ÇÑ ÔÇÑÑ æÑæÏí 12 æáÊ ÏÇÔÊå ÈÇÔÏ Çíä ÌÇãÑ 12 æáÊ ÈÇíÓÊí æÕá ÔæÏ
Change Component Description : Designator=optSupAnd_Ch2 Old Description=ÇÑ ÔÇÑÑ æÑæÏí 12 æáÊ ÏÇÔÊå ÈÇÔÏ Çíä ÌÇãÑ 12 æáÊ ÈÇíÓÊí æÕá ÔæÏ New Description=ÇÑ ÔÇÑÑ æÑæÏí 12 æáÊ ÏÇÔÊå ÈÇÔÏ Çíä ÌÇãÑ 12 æáÊ ÈÇíÓÊí æÕá ÔæÏ
Change Component Description : Designator=optSupAnd_Ch3 Old Description=ÇÑ ÔÇÑÑ æÑæÏí 12 æáÊ ÏÇÔÊå ÈÇÔÏ Çíä ÌÇãÑ 12 æáÊ ÈÇíÓÊí æÕá ÔæÏ New Description=ÇÑ ÔÇÑÑ æÑæÏí 12 æáÊ ÏÇÔÊå ÈÇÔÏ Çíä ÌÇãÑ 12 æáÊ ÈÇíÓÊí æÕá ÔæÏ
Change Component Description : Designator=optSupAnd_Ch4 Old Description=ÇÑ ÔÇÑÑ æÑæÏí 12 æáÊ ÏÇÔÊå ÈÇÔÏ Çíä ÌÇãÑ 12 æáÊ ÈÇíÓÊí æÕá ÔæÏ New Description=ÇÑ ÔÇÑÑ æÑæÏí 12 æáÊ ÏÇÔÊå ÈÇÔÏ Çíä ÌÇãÑ 12 æáÊ ÈÇíÓÊí æÕá ÔæÏ
Change Component Description : Designator=optSupAnd_Ch5 Old Description=ÇÑ ÔÇÑÑ æÑæÏí 12 æáÊ ÏÇÔÊå ÈÇÔÏ Çíä ÌÇãÑ 12 æáÊ ÈÇíÓÊí æÕá ÔæÏ New Description=ÇÑ ÔÇÑÑ æÑæÏí 12 æáÊ ÏÇÔÊå ÈÇÔÏ Çíä ÌÇãÑ 12 æáÊ ÈÇíÓÊí æÕá ÔæÏ
Change Component Description : Designator=optSupAnd_Ch6 Old Description=ÇÑ ÔÇÑÑ æÑæÏí 12 æáÊ ÏÇÔÊå ÈÇÔÏ Çíä ÌÇãÑ 12 æáÊ ÈÇíÓÊí æÕá ÔæÏ New Description=ÇÑ ÔÇÑÑ æÑæÏí 12 æáÊ ÏÇÔÊå ÈÇÔÏ Çíä ÌÇãÑ 12 æáÊ ÈÇíÓÊí æÕá ÔæÏ
Change Component Description : Designator=optSupAnd_Ch7 Old Description=ÇÑ ÔÇÑÑ æÑæÏí 12 æáÊ ÏÇÔÊå ÈÇÔÏ Çíä ÌÇãÑ 12 æáÊ ÈÇíÓÊí æÕá ÔæÏ New Description=ÇÑ ÔÇÑÑ æÑæÏí 12 æáÊ ÏÇÔÊå ÈÇÔÏ Çíä ÌÇãÑ 12 æáÊ ÈÇíÓÊí æÕá ÔæÏ
Change Component Description : Designator=optSupAnd_Ch8 Old Description=ÇÑ ÔÇÑÑ æÑæÏí 12 æáÊ ÏÇÔÊå ÈÇÔÏ Çíä ÌÇãÑ 12 æáÊ ÈÇíÓÊí æÕá ÔæÏ New Description=ÇÑ ÔÇÑÑ æÑæÏí 12 æáÊ ÏÇÔÊå ÈÇÔÏ Çíä ÌÇãÑ 12 æáÊ ÈÇíÓÊí æÕá ÔæÏ
Change Component Description : Designator=optSupAnd_Ch9 Old Description=ÇÑ ÔÇÑÑ æÑæÏí 12 æáÊ ÏÇÔÊå ÈÇÔÏ Çíä ÌÇãÑ 12 æáÊ ÈÇíÓÊí æÕá ÔæÏ New Description=ÇÑ ÔÇÑÑ æÑæÏí 12 æáÊ ÏÇÔÊå ÈÇÔÏ Çíä ÌÇãÑ 12 æáÊ ÈÇíÓÊí æÕá ÔæÏ
Change Component Description : Designator=optSupAnd_Ch10 Old Description=ÇÑ ÔÇÑÑ æÑæÏí 12 æáÊ ÏÇÔÊå ÈÇÔÏ Çíä ÌÇãÑ 12 æáÊ ÈÇíÓÊí æÕá ÔæÏ New Description=ÇÑ ÔÇÑÑ æÑæÏí 12 æáÊ ÏÇÔÊå ÈÇÔÏ Çíä ÌÇãÑ 12 æáÊ ÈÇíÓÊí æÕá ÔæÏ
Change Component Description : Designator=optSupIP_Ch1 Old Description=ÇÑ ÔÇÑÑ æÑæÏí 12 æáÊ ÏÇÔÊå ÈÇÔÏ Çíä ÌÇãÑ 12 æáÊ ÈÇíÓÊí æÕá ÔæÏ New Description=ÇÑ ÔÇÑÑ æÑæÏí 12 æáÊ ÏÇÔÊå ÈÇÔÏ Çíä ÌÇãÑ 12 æáÊ ÈÇíÓÊí æÕá ÔæÏ
Change Component Description : Designator=optSupIP_Ch2 Old Description=ÇÑ ÔÇÑÑ æÑæÏí 12 æáÊ ÏÇÔÊå ÈÇÔÏ Çíä ÌÇãÑ 12 æáÊ ÈÇíÓÊí æÕá ÔæÏ New Description=ÇÑ ÔÇÑÑ æÑæÏí 12 æáÊ ÏÇÔÊå ÈÇÔÏ Çíä ÌÇãÑ 12 æáÊ ÈÇíÓÊí æÕá ÔæÏ
Change Component Description : Designator=optSupIP_Ch3 Old Description=ÇÑ ÔÇÑÑ æÑæÏí 12 æáÊ ÏÇÔÊå ÈÇÔÏ Çíä ÌÇãÑ 12 æáÊ ÈÇíÓÊí æÕá ÔæÏ New Description=ÇÑ ÔÇÑÑ æÑæÏí 12 æáÊ ÏÇÔÊå ÈÇÔÏ Çíä ÌÇãÑ 12 æáÊ ÈÇíÓÊí æÕá ÔæÏ
Change Component Description : Designator=optSupIP_Ch4 Old Description=ÇÑ ÔÇÑÑ æÑæÏí 12 æáÊ ÏÇÔÊå ÈÇÔÏ Çíä ÌÇãÑ 12 æáÊ ÈÇíÓÊí æÕá ÔæÏ New Description=ÇÑ ÔÇÑÑ æÑæÏí 12 æáÊ ÏÇÔÊå ÈÇÔÏ Çíä ÌÇãÑ 12 æáÊ ÈÇíÓÊí æÕá ÔæÏ
Change Component Description : Designator=optSupIP_Ch5 Old Description=ÇÑ ÔÇÑÑ æÑæÏí 12 æáÊ ÏÇÔÊå ÈÇÔÏ Çíä ÌÇãÑ 12 æáÊ ÈÇíÓÊí æÕá ÔæÏ New Description=ÇÑ ÔÇÑÑ æÑæÏí 12 æáÊ ÏÇÔÊå ÈÇÔÏ Çíä ÌÇãÑ 12 æáÊ ÈÇíÓÊí æÕá ÔæÏ
Change Component Description : Designator=optSupIP_Ch6 Old Description=ÇÑ ÔÇÑÑ æÑæÏí 12 æáÊ ÏÇÔÊå ÈÇÔÏ Çíä ÌÇãÑ 12 æáÊ ÈÇíÓÊí æÕá ÔæÏ New Description=ÇÑ ÔÇÑÑ æÑæÏí 12 æáÊ ÏÇÔÊå ÈÇÔÏ Çíä ÌÇãÑ 12 æáÊ ÈÇíÓÊí æÕá ÔæÏ
Change Component Description : Designator=optSupIP_Ch7 Old Description=ÇÑ ÔÇÑÑ æÑæÏí 12 æáÊ ÏÇÔÊå ÈÇÔÏ Çíä ÌÇãÑ 12 æáÊ ÈÇíÓÊí æÕá ÔæÏ New Description=ÇÑ ÔÇÑÑ æÑæÏí 12 æáÊ ÏÇÔÊå ÈÇÔÏ Çíä ÌÇãÑ 12 æáÊ ÈÇíÓÊí æÕá ÔæÏ
Change Component Description : Designator=optSupIP_Ch8 Old Description=ÇÑ ÔÇÑÑ æÑæÏí 12 æáÊ ÏÇÔÊå ÈÇÔÏ Çíä ÌÇãÑ 12 æáÊ ÈÇíÓÊí æÕá ÔæÏ New Description=ÇÑ ÔÇÑÑ æÑæÏí 12 æáÊ ÏÇÔÊå ÈÇÔÏ Çíä ÌÇãÑ 12 æáÊ ÈÇíÓÊí æÕá ÔæÏ
Change Component Description : Designator=optSupIP_Ch9 Old Description=ÇÑ ÔÇÑÑ æÑæÏí 12 æáÊ ÏÇÔÊå ÈÇÔÏ Çíä ÌÇãÑ 12 æáÊ ÈÇíÓÊí æÕá ÔæÏ New Description=ÇÑ ÔÇÑÑ æÑæÏí 12 æáÊ ÏÇÔÊå ÈÇÔÏ Çíä ÌÇãÑ 12 æáÊ ÈÇíÓÊí æÕá ÔæÏ
Change Component Description : Designator=optSupIP_Ch10 Old Description=ÇÑ ÔÇÑÑ æÑæÏí 12 æáÊ ÏÇÔÊå ÈÇÔÏ Çíä ÌÇãÑ 12 æáÊ ÈÇíÓÊí æÕá ÔæÏ New Description=ÇÑ ÔÇÑÑ æÑæÏí 12 æáÊ ÏÇÔÊå ÈÇÔÏ Çíä ÌÇãÑ 12 æáÊ ÈÇíÓÊí æÕá ÔæÏ
Change Component Description : Designator=optSupTC_Ch1 Old Description=ÇÑ ÔÇÑÑ æÑæÏí 12 æáÊ ÏÇÔÊå ÈÇÔÏ Çíä ÌÇãÑ 12 æáÊ ÈÇíÓÊí æÕá ÔæÏ New Description=ÇÑ ÔÇÑÑ æÑæÏí 12 æáÊ ÏÇÔÊå ÈÇÔÏ Çíä ÌÇãÑ 12 æáÊ ÈÇíÓÊí æÕá ÔæÏ
Change Component Description : Designator=optSupTC_Ch2 Old Description=ÇÑ ÔÇÑÑ æÑæÏí 12 æáÊ ÏÇÔÊå ÈÇÔÏ Çíä ÌÇãÑ 12 æáÊ ÈÇíÓÊí æÕá ÔæÏ New Description=ÇÑ ÔÇÑÑ æÑæÏí 12 æáÊ ÏÇÔÊå ÈÇÔÏ Çíä ÌÇãÑ 12 æáÊ ÈÇíÓÊí æÕá ÔæÏ
Change Component Description : Designator=optSupTC_Ch3 Old Description=ÇÑ ÔÇÑÑ æÑæÏí 12 æáÊ ÏÇÔÊå ÈÇÔÏ Çíä ÌÇãÑ 12 æáÊ ÈÇíÓÊí æÕá ÔæÏ New Description=ÇÑ ÔÇÑÑ æÑæÏí 12 æáÊ ÏÇÔÊå ÈÇÔÏ Çíä ÌÇãÑ 12 æáÊ ÈÇíÓÊí æÕá ÔæÏ
Change Component Description : Designator=optSupTC_Ch4 Old Description=ÇÑ ÔÇÑÑ æÑæÏí 12 æáÊ ÏÇÔÊå ÈÇÔÏ Çíä ÌÇãÑ 12 æáÊ ÈÇíÓÊí æÕá ÔæÏ New Description=ÇÑ ÔÇÑÑ æÑæÏí 12 æáÊ ÏÇÔÊå ÈÇÔÏ Çíä ÌÇãÑ 12 æáÊ ÈÇíÓÊí æÕá ÔæÏ
Change Component Description : Designator=optSupTC_Ch5 Old Description=ÇÑ ÔÇÑÑ æÑæÏí 12 æáÊ ÏÇÔÊå ÈÇÔÏ Çíä ÌÇãÑ 12 æáÊ ÈÇíÓÊí æÕá ÔæÏ New Description=ÇÑ ÔÇÑÑ æÑæÏí 12 æáÊ ÏÇÔÊå ÈÇÔÏ Çíä ÌÇãÑ 12 æáÊ ÈÇíÓÊí æÕá ÔæÏ
Change Component Description : Designator=optSupTC_Ch6 Old Description=ÇÑ ÔÇÑÑ æÑæÏí 12 æáÊ ÏÇÔÊå ÈÇÔÏ Çíä ÌÇãÑ 12 æáÊ ÈÇíÓÊí æÕá ÔæÏ New Description=ÇÑ ÔÇÑÑ æÑæÏí 12 æáÊ ÏÇÔÊå ÈÇÔÏ Çíä ÌÇãÑ 12 æáÊ ÈÇíÓÊí æÕá ÔæÏ
Change Component Description : Designator=optSupTC_Ch7 Old Description=ÇÑ ÔÇÑÑ æÑæÏí 12 æáÊ ÏÇÔÊå ÈÇÔÏ Çíä ÌÇãÑ 12 æáÊ ÈÇíÓÊí æÕá ÔæÏ New Description=ÇÑ ÔÇÑÑ æÑæÏí 12 æáÊ ÏÇÔÊå ÈÇÔÏ Çíä ÌÇãÑ 12 æáÊ ÈÇíÓÊí æÕá ÔæÏ
Change Component Description : Designator=optSupTC_Ch8 Old Description=ÇÑ ÔÇÑÑ æÑæÏí 12 æáÊ ÏÇÔÊå ÈÇÔÏ Çíä ÌÇãÑ 12 æáÊ ÈÇíÓÊí æÕá ÔæÏ New Description=ÇÑ ÔÇÑÑ æÑæÏí 12 æáÊ ÏÇÔÊå ÈÇÔÏ Çíä ÌÇãÑ 12 æáÊ ÈÇíÓÊí æÕá ÔæÏ
Change Component Description : Designator=optSupTC_Ch9 Old Description=ÇÑ ÔÇÑÑ æÑæÏí 12 æáÊ ÏÇÔÊå ÈÇÔÏ Çíä ÌÇãÑ 12 æáÊ ÈÇíÓÊí æÕá ÔæÏ New Description=ÇÑ ÔÇÑÑ æÑæÏí 12 æáÊ ÏÇÔÊå ÈÇÔÏ Çíä ÌÇãÑ 12 æáÊ ÈÇíÓÊí æÕá ÔæÏ
Change Component Description : Designator=optSupTC_Ch10 Old Description=ÇÑ ÔÇÑÑ æÑæÏí 12 æáÊ ÏÇÔÊå ÈÇÔÏ Çíä ÌÇãÑ 12 æáÊ ÈÇíÓÊí æÕá ÔæÏ New Description=ÇÑ ÔÇÑÑ æÑæÏí 12 æáÊ ÏÇÔÊå ÈÇÔÏ Çíä ÌÇãÑ 12 æáÊ ÈÇíÓÊí æÕá ÔæÏ
Change Component Description : Designator=optSupUSB_Ch1 Old Description=ÇÑ ÔÇÑÑ æÑæÏí 12 æáÊ ÏÇÔÊå ÈÇÔÏ Çíä ÌÇãÑ 12 æáÊ ÈÇíÓÊí æÕá ÔæÏ New Description=ÇÑ ÔÇÑÑ æÑæÏí 12 æáÊ ÏÇÔÊå ÈÇÔÏ Çíä ÌÇãÑ 12 æáÊ ÈÇíÓÊí æÕá ÔæÏ
Change Component Description : Designator=optSupUSB_Ch2 Old Description=ÇÑ ÔÇÑÑ æÑæÏí 12 æáÊ ÏÇÔÊå ÈÇÔÏ Çíä ÌÇãÑ 12 æáÊ ÈÇíÓÊí æÕá ÔæÏ New Description=ÇÑ ÔÇÑÑ æÑæÏí 12 æáÊ ÏÇÔÊå ÈÇÔÏ Çíä ÌÇãÑ 12 æáÊ ÈÇíÓÊí æÕá ÔæÏ
Change Component Description : Designator=optSupUSB_Ch3 Old Description=ÇÑ ÔÇÑÑ æÑæÏí 12 æáÊ ÏÇÔÊå ÈÇÔÏ Çíä ÌÇãÑ 12 æáÊ ÈÇíÓÊí æÕá ÔæÏ New Description=ÇÑ ÔÇÑÑ æÑæÏí 12 æáÊ ÏÇÔÊå ÈÇÔÏ Çíä ÌÇãÑ 12 æáÊ ÈÇíÓÊí æÕá ÔæÏ
Change Component Description : Designator=optSupUSB_Ch4 Old Description=ÇÑ ÔÇÑÑ æÑæÏí 12 æáÊ ÏÇÔÊå ÈÇÔÏ Çíä ÌÇãÑ 12 æáÊ ÈÇíÓÊí æÕá ÔæÏ New Description=ÇÑ ÔÇÑÑ æÑæÏí 12 æáÊ ÏÇÔÊå ÈÇÔÏ Çíä ÌÇãÑ 12 æáÊ ÈÇíÓÊí æÕá ÔæÏ
Change Component Description : Designator=optSupUSB_Ch5 Old Description=ÇÑ ÔÇÑÑ æÑæÏí 12 æáÊ ÏÇÔÊå ÈÇÔÏ Çíä ÌÇãÑ 12 æáÊ ÈÇíÓÊí æÕá ÔæÏ New Description=ÇÑ ÔÇÑÑ æÑæÏí 12 æáÊ ÏÇÔÊå ÈÇÔÏ Çíä ÌÇãÑ 12 æáÊ ÈÇíÓÊí æÕá ÔæÏ
Change Component Description : Designator=optSupUSB_Ch6 Old Description=ÇÑ ÔÇÑÑ æÑæÏí 12 æáÊ ÏÇÔÊå ÈÇÔÏ Çíä ÌÇãÑ 12 æáÊ ÈÇíÓÊí æÕá ÔæÏ New Description=ÇÑ ÔÇÑÑ æÑæÏí 12 æáÊ ÏÇÔÊå ÈÇÔÏ Çíä ÌÇãÑ 12 æáÊ ÈÇíÓÊí æÕá ÔæÏ
Change Component Description : Designator=optSupUSB_Ch7 Old Description=ÇÑ ÔÇÑÑ æÑæÏí 12 æáÊ ÏÇÔÊå ÈÇÔÏ Çíä ÌÇãÑ 12 æáÊ ÈÇíÓÊí æÕá ÔæÏ New Description=ÇÑ ÔÇÑÑ æÑæÏí 12 æáÊ ÏÇÔÊå ÈÇÔÏ Çíä ÌÇãÑ 12 æáÊ ÈÇíÓÊí æÕá ÔæÏ
Change Component Description : Designator=optSupUSB_Ch8 Old Description=ÇÑ ÔÇÑÑ æÑæÏí 12 æáÊ ÏÇÔÊå ÈÇÔÏ Çíä ÌÇãÑ 12 æáÊ ÈÇíÓÊí æÕá ÔæÏ New Description=ÇÑ ÔÇÑÑ æÑæÏí 12 æáÊ ÏÇÔÊå ÈÇÔÏ Çíä ÌÇãÑ 12 æáÊ ÈÇíÓÊí æÕá ÔæÏ
Change Component Description : Designator=optSupUSB_Ch9 Old Description=ÇÑ ÔÇÑÑ æÑæÏí 12 æáÊ ÏÇÔÊå ÈÇÔÏ Çíä ÌÇãÑ 12 æáÊ ÈÇíÓÊí æÕá ÔæÏ New Description=ÇÑ ÔÇÑÑ æÑæÏí 12 æáÊ ÏÇÔÊå ÈÇÔÏ Çíä ÌÇãÑ 12 æáÊ ÈÇíÓÊí æÕá ÔæÏ
Change Component Description : Designator=optSupUSB_Ch10 Old Description=ÇÑ ÔÇÑÑ æÑæÏí 12 æáÊ ÏÇÔÊå ÈÇÔÏ Çíä ÌÇãÑ 12 æáÊ ÈÇíÓÊí æÕá ÔæÏ New Description=ÇÑ ÔÇÑÑ æÑæÏí 12 æáÊ ÏÇÔÊå ÈÇÔÏ Çíä ÌÇãÑ 12 æáÊ ÈÇíÓÊí æÕá ÔæÏ
Change Component Description : Designator=JAnd_Ch1 Old Description=ÌÇãÑ ÇäÊÎÇÈ Èíä 5 ËÇÈÊ ÎÑæÌí (ãäÈÚ ÊÛĞíå ËÇÈÊ) íÇ ÇäÊÎÇÈ ÎÑæÌí ÔÇÑÑ ÈÑÇí ŞİÓå New Description=ÌÇãÑ ÇäÊÎÇÈ Èíä 5 ËÇÈÊ ÎÑæÌí (ãäÈÚ ÊÛĞíå ËÇÈÊ) íÇ ÇäÊÎÇÈ ÎÑæÌí ÔÇÑÑ ÈÑÇí ŞİÓå
Change Component Description : Designator=JAnd_Ch2 Old Description=ÌÇãÑ ÇäÊÎÇÈ Èíä 5 ËÇÈÊ ÎÑæÌí (ãäÈÚ ÊÛĞíå ËÇÈÊ) íÇ ÇäÊÎÇÈ ÎÑæÌí ÔÇÑÑ ÈÑÇí ŞİÓå New Description=ÌÇãÑ ÇäÊÎÇÈ Èíä 5 ËÇÈÊ ÎÑæÌí (ãäÈÚ ÊÛĞíå ËÇÈÊ) íÇ ÇäÊÎÇÈ ÎÑæÌí ÔÇÑÑ ÈÑÇí ŞİÓå
Change Component Description : Designator=JAnd_Ch3 Old Description=ÌÇãÑ ÇäÊÎÇÈ Èíä 5 ËÇÈÊ ÎÑæÌí (ãäÈÚ ÊÛĞíå ËÇÈÊ) íÇ ÇäÊÎÇÈ ÎÑæÌí ÔÇÑÑ ÈÑÇí ŞİÓå New Description=ÌÇãÑ ÇäÊÎÇÈ Èíä 5 ËÇÈÊ ÎÑæÌí (ãäÈÚ ÊÛĞíå ËÇÈÊ) íÇ ÇäÊÎÇÈ ÎÑæÌí ÔÇÑÑ ÈÑÇí ŞİÓå
Change Component Description : Designator=JAnd_Ch4 Old Description=ÌÇãÑ ÇäÊÎÇÈ Èíä 5 ËÇÈÊ ÎÑæÌí (ãäÈÚ ÊÛĞíå ËÇÈÊ) íÇ ÇäÊÎÇÈ ÎÑæÌí ÔÇÑÑ ÈÑÇí ŞİÓå New Description=ÌÇãÑ ÇäÊÎÇÈ Èíä 5 ËÇÈÊ ÎÑæÌí (ãäÈÚ ÊÛĞíå ËÇÈÊ) íÇ ÇäÊÎÇÈ ÎÑæÌí ÔÇÑÑ ÈÑÇí ŞİÓå
Change Component Description : Designator=JAnd_Ch5 Old Description=ÌÇãÑ ÇäÊÎÇÈ Èíä 5 ËÇÈÊ ÎÑæÌí (ãäÈÚ ÊÛĞíå ËÇÈÊ) íÇ ÇäÊÎÇÈ ÎÑæÌí ÔÇÑÑ ÈÑÇí ŞİÓå New Description=ÌÇãÑ ÇäÊÎÇÈ Èíä 5 ËÇÈÊ ÎÑæÌí (ãäÈÚ ÊÛĞíå ËÇÈÊ) íÇ ÇäÊÎÇÈ ÎÑæÌí ÔÇÑÑ ÈÑÇí ŞİÓå
Change Component Description : Designator=JAnd_Ch6 Old Description=ÌÇãÑ ÇäÊÎÇÈ Èíä 5 ËÇÈÊ ÎÑæÌí (ãäÈÚ ÊÛĞíå ËÇÈÊ) íÇ ÇäÊÎÇÈ ÎÑæÌí ÔÇÑÑ ÈÑÇí ŞİÓå New Description=ÌÇãÑ ÇäÊÎÇÈ Èíä 5 ËÇÈÊ ÎÑæÌí (ãäÈÚ ÊÛĞíå ËÇÈÊ) íÇ ÇäÊÎÇÈ ÎÑæÌí ÔÇÑÑ ÈÑÇí ŞİÓå
Change Component Description : Designator=JAnd_Ch7 Old Description=ÌÇãÑ ÇäÊÎÇÈ Èíä 5 ËÇÈÊ ÎÑæÌí (ãäÈÚ ÊÛĞíå ËÇÈÊ) íÇ ÇäÊÎÇÈ ÎÑæÌí ÔÇÑÑ ÈÑÇí ŞİÓå New Description=ÌÇãÑ ÇäÊÎÇÈ Èíä 5 ËÇÈÊ ÎÑæÌí (ãäÈÚ ÊÛĞíå ËÇÈÊ) íÇ ÇäÊÎÇÈ ÎÑæÌí ÔÇÑÑ ÈÑÇí ŞİÓå
Change Component Description : Designator=JAnd_Ch8 Old Description=ÌÇãÑ ÇäÊÎÇÈ Èíä 5 ËÇÈÊ ÎÑæÌí (ãäÈÚ ÊÛĞíå ËÇÈÊ) íÇ ÇäÊÎÇÈ ÎÑæÌí ÔÇÑÑ ÈÑÇí ŞİÓå New Description=ÌÇãÑ ÇäÊÎÇÈ Èíä 5 ËÇÈÊ ÎÑæÌí (ãäÈÚ ÊÛĞíå ËÇÈÊ) íÇ ÇäÊÎÇÈ ÎÑæÌí ÔÇÑÑ ÈÑÇí ŞİÓå
Change Component Description : Designator=JAnd_Ch9 Old Description=ÌÇãÑ ÇäÊÎÇÈ Èíä 5 ËÇÈÊ ÎÑæÌí (ãäÈÚ ÊÛĞíå ËÇÈÊ) íÇ ÇäÊÎÇÈ ÎÑæÌí ÔÇÑÑ ÈÑÇí ŞİÓå New Description=ÌÇãÑ ÇäÊÎÇÈ Èíä 5 ËÇÈÊ ÎÑæÌí (ãäÈÚ ÊÛĞíå ËÇÈÊ) íÇ ÇäÊÎÇÈ ÎÑæÌí ÔÇÑÑ ÈÑÇí ŞİÓå
Change Component Description : Designator=JAnd_Ch10 Old Description=ÌÇãÑ ÇäÊÎÇÈ Èíä 5 ËÇÈÊ ÎÑæÌí (ãäÈÚ ÊÛĞíå ËÇÈÊ) íÇ ÇäÊÎÇÈ ÎÑæÌí ÔÇÑÑ ÈÑÇí ŞİÓå New Description=ÌÇãÑ ÇäÊÎÇÈ Èíä 5 ËÇÈÊ ÎÑæÌí (ãäÈÚ ÊÛĞíå ËÇÈÊ) íÇ ÇäÊÎÇÈ ÎÑæÌí ÔÇÑÑ ÈÑÇí ŞİÓå
Change Component Description : Designator=JIP_Ch1 Old Description=ÌÇãÑ ÇäÊÎÇÈ Èíä 5 ËÇÈÊ ÎÑæÌí (ãäÈÚ ÊÛĞíå ËÇÈÊ) íÇ ÇäÊÎÇÈ ÎÑæÌí ÔÇÑÑ ÈÑÇí ŞİÓå New Description=ÌÇãÑ ÇäÊÎÇÈ Èíä 5 ËÇÈÊ ÎÑæÌí (ãäÈÚ ÊÛĞíå ËÇÈÊ) íÇ ÇäÊÎÇÈ ÎÑæÌí ÔÇÑÑ ÈÑÇí ŞİÓå
Change Component Description : Designator=JIP_Ch2 Old Description=ÌÇãÑ ÇäÊÎÇÈ Èíä 5 ËÇÈÊ ÎÑæÌí (ãäÈÚ ÊÛĞíå ËÇÈÊ) íÇ ÇäÊÎÇÈ ÎÑæÌí ÔÇÑÑ ÈÑÇí ŞİÓå New Description=ÌÇãÑ ÇäÊÎÇÈ Èíä 5 ËÇÈÊ ÎÑæÌí (ãäÈÚ ÊÛĞíå ËÇÈÊ) íÇ ÇäÊÎÇÈ ÎÑæÌí ÔÇÑÑ ÈÑÇí ŞİÓå
Change Component Description : Designator=JIP_Ch3 Old Description=ÌÇãÑ ÇäÊÎÇÈ Èíä 5 ËÇÈÊ ÎÑæÌí (ãäÈÚ ÊÛĞíå ËÇÈÊ) íÇ ÇäÊÎÇÈ ÎÑæÌí ÔÇÑÑ ÈÑÇí ŞİÓå New Description=ÌÇãÑ ÇäÊÎÇÈ Èíä 5 ËÇÈÊ ÎÑæÌí (ãäÈÚ ÊÛĞíå ËÇÈÊ) íÇ ÇäÊÎÇÈ ÎÑæÌí ÔÇÑÑ ÈÑÇí ŞİÓå
Change Component Description : Designator=JIP_Ch4 Old Description=ÌÇãÑ ÇäÊÎÇÈ Èíä 5 ËÇÈÊ ÎÑæÌí (ãäÈÚ ÊÛĞíå ËÇÈÊ) íÇ ÇäÊÎÇÈ ÎÑæÌí ÔÇÑÑ ÈÑÇí ŞİÓå New Description=ÌÇãÑ ÇäÊÎÇÈ Èíä 5 ËÇÈÊ ÎÑæÌí (ãäÈÚ ÊÛĞíå ËÇÈÊ) íÇ ÇäÊÎÇÈ ÎÑæÌí ÔÇÑÑ ÈÑÇí ŞİÓå
Change Component Description : Designator=JIP_Ch5 Old Description=ÌÇãÑ ÇäÊÎÇÈ Èíä 5 ËÇÈÊ ÎÑæÌí (ãäÈÚ ÊÛĞíå ËÇÈÊ) íÇ ÇäÊÎÇÈ ÎÑæÌí ÔÇÑÑ ÈÑÇí ŞİÓå New Description=ÌÇãÑ ÇäÊÎÇÈ Èíä 5 ËÇÈÊ ÎÑæÌí (ãäÈÚ ÊÛĞíå ËÇÈÊ) íÇ ÇäÊÎÇÈ ÎÑæÌí ÔÇÑÑ ÈÑÇí ŞİÓå
Change Component Description : Designator=JIP_Ch6 Old Description=ÌÇãÑ ÇäÊÎÇÈ Èíä 5 ËÇÈÊ ÎÑæÌí (ãäÈÚ ÊÛĞíå ËÇÈÊ) íÇ ÇäÊÎÇÈ ÎÑæÌí ÔÇÑÑ ÈÑÇí ŞİÓå New Description=ÌÇãÑ ÇäÊÎÇÈ Èíä 5 ËÇÈÊ ÎÑæÌí (ãäÈÚ ÊÛĞíå ËÇÈÊ) íÇ ÇäÊÎÇÈ ÎÑæÌí ÔÇÑÑ ÈÑÇí ŞİÓå
Change Component Description : Designator=JIP_Ch7 Old Description=ÌÇãÑ ÇäÊÎÇÈ Èíä 5 ËÇÈÊ ÎÑæÌí (ãäÈÚ ÊÛĞíå ËÇÈÊ) íÇ ÇäÊÎÇÈ ÎÑæÌí ÔÇÑÑ ÈÑÇí ŞİÓå New Description=ÌÇãÑ ÇäÊÎÇÈ Èíä 5 ËÇÈÊ ÎÑæÌí (ãäÈÚ ÊÛĞíå ËÇÈÊ) íÇ ÇäÊÎÇÈ ÎÑæÌí ÔÇÑÑ ÈÑÇí ŞİÓå
Change Component Description : Designator=JIP_Ch8 Old Description=ÌÇãÑ ÇäÊÎÇÈ Èíä 5 ËÇÈÊ ÎÑæÌí (ãäÈÚ ÊÛĞíå ËÇÈÊ) íÇ ÇäÊÎÇÈ ÎÑæÌí ÔÇÑÑ ÈÑÇí ŞİÓå New Description=ÌÇãÑ ÇäÊÎÇÈ Èíä 5 ËÇÈÊ ÎÑæÌí (ãäÈÚ ÊÛĞíå ËÇÈÊ) íÇ ÇäÊÎÇÈ ÎÑæÌí ÔÇÑÑ ÈÑÇí ŞİÓå
Change Component Description : Designator=JIP_Ch9 Old Description=ÌÇãÑ ÇäÊÎÇÈ Èíä 5 ËÇÈÊ ÎÑæÌí (ãäÈÚ ÊÛĞíå ËÇÈÊ) íÇ ÇäÊÎÇÈ ÎÑæÌí ÔÇÑÑ ÈÑÇí ŞİÓå New Description=ÌÇãÑ ÇäÊÎÇÈ Èíä 5 ËÇÈÊ ÎÑæÌí (ãäÈÚ ÊÛĞíå ËÇÈÊ) íÇ ÇäÊÎÇÈ ÎÑæÌí ÔÇÑÑ ÈÑÇí ŞİÓå
Change Component Description : Designator=JIP_Ch10 Old Description=ÌÇãÑ ÇäÊÎÇÈ Èíä 5 ËÇÈÊ ÎÑæÌí (ãäÈÚ ÊÛĞíå ËÇÈÊ) íÇ ÇäÊÎÇÈ ÎÑæÌí ÔÇÑÑ ÈÑÇí ŞİÓå New Description=ÌÇãÑ ÇäÊÎÇÈ Èíä 5 ËÇÈÊ ÎÑæÌí (ãäÈÚ ÊÛĞíå ËÇÈÊ) íÇ ÇäÊÎÇÈ ÎÑæÌí ÔÇÑÑ ÈÑÇí ŞİÓå
Change Component Description : Designator=JTC_Ch1 Old Description=ÌÇãÑ ÇäÊÎÇÈ Èíä 5 ËÇÈÊ ÎÑæÌí (ãäÈÚ ÊÛĞíå ËÇÈÊ) íÇ ÇäÊÎÇÈ ÎÑæÌí ÔÇÑÑ ÈÑÇí ŞİÓå New Description=ÌÇãÑ ÇäÊÎÇÈ Èíä 5 ËÇÈÊ ÎÑæÌí (ãäÈÚ ÊÛĞíå ËÇÈÊ) íÇ ÇäÊÎÇÈ ÎÑæÌí ÔÇÑÑ ÈÑÇí ŞİÓå
Change Component Description : Designator=JTC_Ch2 Old Description=ÌÇãÑ ÇäÊÎÇÈ Èíä 5 ËÇÈÊ ÎÑæÌí (ãäÈÚ ÊÛĞíå ËÇÈÊ) íÇ ÇäÊÎÇÈ ÎÑæÌí ÔÇÑÑ ÈÑÇí ŞİÓå New Description=ÌÇãÑ ÇäÊÎÇÈ Èíä 5 ËÇÈÊ ÎÑæÌí (ãäÈÚ ÊÛĞíå ËÇÈÊ) íÇ ÇäÊÎÇÈ ÎÑæÌí ÔÇÑÑ ÈÑÇí ŞİÓå
Change Component Description : Designator=JTC_Ch3 Old Description=ÌÇãÑ ÇäÊÎÇÈ Èíä 5 ËÇÈÊ ÎÑæÌí (ãäÈÚ ÊÛĞíå ËÇÈÊ) íÇ ÇäÊÎÇÈ ÎÑæÌí ÔÇÑÑ ÈÑÇí ŞİÓå New Description=ÌÇãÑ ÇäÊÎÇÈ Èíä 5 ËÇÈÊ ÎÑæÌí (ãäÈÚ ÊÛĞíå ËÇÈÊ) íÇ ÇäÊÎÇÈ ÎÑæÌí ÔÇÑÑ ÈÑÇí ŞİÓå
Change Component Description : Designator=JTC_Ch4 Old Description=ÌÇãÑ ÇäÊÎÇÈ Èíä 5 ËÇÈÊ ÎÑæÌí (ãäÈÚ ÊÛĞíå ËÇÈÊ) íÇ ÇäÊÎÇÈ ÎÑæÌí ÔÇÑÑ ÈÑÇí ŞİÓå New Description=ÌÇãÑ ÇäÊÎÇÈ Èíä 5 ËÇÈÊ ÎÑæÌí (ãäÈÚ ÊÛĞíå ËÇÈÊ) íÇ ÇäÊÎÇÈ ÎÑæÌí ÔÇÑÑ ÈÑÇí ŞİÓå
Change Component Description : Designator=JTC_Ch5 Old Description=ÌÇãÑ ÇäÊÎÇÈ Èíä 5 ËÇÈÊ ÎÑæÌí (ãäÈÚ ÊÛĞíå ËÇÈÊ) íÇ ÇäÊÎÇÈ ÎÑæÌí ÔÇÑÑ ÈÑÇí ŞİÓå New Description=ÌÇãÑ ÇäÊÎÇÈ Èíä 5 ËÇÈÊ ÎÑæÌí (ãäÈÚ ÊÛĞíå ËÇÈÊ) íÇ ÇäÊÎÇÈ ÎÑæÌí ÔÇÑÑ ÈÑÇí ŞİÓå
Change Component Description : Designator=JTC_Ch6 Old Description=ÌÇãÑ ÇäÊÎÇÈ Èíä 5 ËÇÈÊ ÎÑæÌí (ãäÈÚ ÊÛĞíå ËÇÈÊ) íÇ ÇäÊÎÇÈ ÎÑæÌí ÔÇÑÑ ÈÑÇí ŞİÓå New Description=ÌÇãÑ ÇäÊÎÇÈ Èíä 5 ËÇÈÊ ÎÑæÌí (ãäÈÚ ÊÛĞíå ËÇÈÊ) íÇ ÇäÊÎÇÈ ÎÑæÌí ÔÇÑÑ ÈÑÇí ŞİÓå
Change Component Description : Designator=JTC_Ch7 Old Description=ÌÇãÑ ÇäÊÎÇÈ Èíä 5 ËÇÈÊ ÎÑæÌí (ãäÈÚ ÊÛĞíå ËÇÈÊ) íÇ ÇäÊÎÇÈ ÎÑæÌí ÔÇÑÑ ÈÑÇí ŞİÓå New Description=ÌÇãÑ ÇäÊÎÇÈ Èíä 5 ËÇÈÊ ÎÑæÌí (ãäÈÚ ÊÛĞíå ËÇÈÊ) íÇ ÇäÊÎÇÈ ÎÑæÌí ÔÇÑÑ ÈÑÇí ŞİÓå
Change Component Description : Designator=JTC_Ch8 Old Description=ÌÇãÑ ÇäÊÎÇÈ Èíä 5 ËÇÈÊ ÎÑæÌí (ãäÈÚ ÊÛĞíå ËÇÈÊ) íÇ ÇäÊÎÇÈ ÎÑæÌí ÔÇÑÑ ÈÑÇí ŞİÓå New Description=ÌÇãÑ ÇäÊÎÇÈ Èíä 5 ËÇÈÊ ÎÑæÌí (ãäÈÚ ÊÛĞíå ËÇÈÊ) íÇ ÇäÊÎÇÈ ÎÑæÌí ÔÇÑÑ ÈÑÇí ŞİÓå
Change Component Description : Designator=JTC_Ch9 Old Description=ÌÇãÑ ÇäÊÎÇÈ Èíä 5 ËÇÈÊ ÎÑæÌí (ãäÈÚ ÊÛĞíå ËÇÈÊ) íÇ ÇäÊÎÇÈ ÎÑæÌí ÔÇÑÑ ÈÑÇí ŞİÓå New Description=ÌÇãÑ ÇäÊÎÇÈ Èíä 5 ËÇÈÊ ÎÑæÌí (ãäÈÚ ÊÛĞíå ËÇÈÊ) íÇ ÇäÊÎÇÈ ÎÑæÌí ÔÇÑÑ ÈÑÇí ŞİÓå
Change Component Description : Designator=JTC_Ch10 Old Description=ÌÇãÑ ÇäÊÎÇÈ Èíä 5 ËÇÈÊ ÎÑæÌí (ãäÈÚ ÊÛĞíå ËÇÈÊ) íÇ ÇäÊÎÇÈ ÎÑæÌí ÔÇÑÑ ÈÑÇí ŞİÓå New Description=ÌÇãÑ ÇäÊÎÇÈ Èíä 5 ËÇÈÊ ÎÑæÌí (ãäÈÚ ÊÛĞíå ËÇÈÊ) íÇ ÇäÊÎÇÈ ÎÑæÌí ÔÇÑÑ ÈÑÇí ŞİÓå
Change Component Description : Designator=JUSB_Ch1 Old Description=ÌÇãÑ ÇäÊÎÇÈ Èíä 5 ËÇÈÊ ÎÑæÌí (ãäÈÚ ÊÛĞíå ËÇÈÊ) íÇ ÇäÊÎÇÈ ÎÑæÌí ÔÇÑÑ ÈÑÇí ŞİÓå New Description=ÌÇãÑ ÇäÊÎÇÈ Èíä 5 ËÇÈÊ ÎÑæÌí (ãäÈÚ ÊÛĞíå ËÇÈÊ) íÇ ÇäÊÎÇÈ ÎÑæÌí ÔÇÑÑ ÈÑÇí ŞİÓå
Change Component Description : Designator=JUSB_Ch2 Old Description=ÌÇãÑ ÇäÊÎÇÈ Èíä 5 ËÇÈÊ ÎÑæÌí (ãäÈÚ ÊÛĞíå ËÇÈÊ) íÇ ÇäÊÎÇÈ ÎÑæÌí ÔÇÑÑ ÈÑÇí ŞİÓå New Description=ÌÇãÑ ÇäÊÎÇÈ Èíä 5 ËÇÈÊ ÎÑæÌí (ãäÈÚ ÊÛĞíå ËÇÈÊ) íÇ ÇäÊÎÇÈ ÎÑæÌí ÔÇÑÑ ÈÑÇí ŞİÓå
Change Component Description : Designator=JUSB_Ch3 Old Description=ÌÇãÑ ÇäÊÎÇÈ Èíä 5 ËÇÈÊ ÎÑæÌí (ãäÈÚ ÊÛĞíå ËÇÈÊ) íÇ ÇäÊÎÇÈ ÎÑæÌí ÔÇÑÑ ÈÑÇí ŞİÓå New Description=ÌÇãÑ ÇäÊÎÇÈ Èíä 5 ËÇÈÊ ÎÑæÌí (ãäÈÚ ÊÛĞíå ËÇÈÊ) íÇ ÇäÊÎÇÈ ÎÑæÌí ÔÇÑÑ ÈÑÇí ŞİÓå
Change Component Description : Designator=JUSB_Ch4 Old Description=ÌÇãÑ ÇäÊÎÇÈ Èíä 5 ËÇÈÊ ÎÑæÌí (ãäÈÚ ÊÛĞíå ËÇÈÊ) íÇ ÇäÊÎÇÈ ÎÑæÌí ÔÇÑÑ ÈÑÇí ŞİÓå New Description=ÌÇãÑ ÇäÊÎÇÈ Èíä 5 ËÇÈÊ ÎÑæÌí (ãäÈÚ ÊÛĞíå ËÇÈÊ) íÇ ÇäÊÎÇÈ ÎÑæÌí ÔÇÑÑ ÈÑÇí ŞİÓå
Change Component Description : Designator=JUSB_Ch5 Old Description=ÌÇãÑ ÇäÊÎÇÈ Èíä 5 ËÇÈÊ ÎÑæÌí (ãäÈÚ ÊÛĞíå ËÇÈÊ) íÇ ÇäÊÎÇÈ ÎÑæÌí ÔÇÑÑ ÈÑÇí ŞİÓå New Description=ÌÇãÑ ÇäÊÎÇÈ Èíä 5 ËÇÈÊ ÎÑæÌí (ãäÈÚ ÊÛĞíå ËÇÈÊ) íÇ ÇäÊÎÇÈ ÎÑæÌí ÔÇÑÑ ÈÑÇí ŞİÓå
Change Component Description : Designator=JUSB_Ch6 Old Description=ÌÇãÑ ÇäÊÎÇÈ Èíä 5 ËÇÈÊ ÎÑæÌí (ãäÈÚ ÊÛĞíå ËÇÈÊ) íÇ ÇäÊÎÇÈ ÎÑæÌí ÔÇÑÑ ÈÑÇí ŞİÓå New Description=ÌÇãÑ ÇäÊÎÇÈ Èíä 5 ËÇÈÊ ÎÑæÌí (ãäÈÚ ÊÛĞíå ËÇÈÊ) íÇ ÇäÊÎÇÈ ÎÑæÌí ÔÇÑÑ ÈÑÇí ŞİÓå
Change Component Description : Designator=JUSB_Ch7 Old Description=ÌÇãÑ ÇäÊÎÇÈ Èíä 5 ËÇÈÊ ÎÑæÌí (ãäÈÚ ÊÛĞíå ËÇÈÊ) íÇ ÇäÊÎÇÈ ÎÑæÌí ÔÇÑÑ ÈÑÇí ŞİÓå New Description=ÌÇãÑ ÇäÊÎÇÈ Èíä 5 ËÇÈÊ ÎÑæÌí (ãäÈÚ ÊÛĞíå ËÇÈÊ) íÇ ÇäÊÎÇÈ ÎÑæÌí ÔÇÑÑ ÈÑÇí ŞİÓå
Change Component Description : Designator=JUSB_Ch8 Old Description=ÌÇãÑ ÇäÊÎÇÈ Èíä 5 ËÇÈÊ ÎÑæÌí (ãäÈÚ ÊÛĞíå ËÇÈÊ) íÇ ÇäÊÎÇÈ ÎÑæÌí ÔÇÑÑ ÈÑÇí ŞİÓå New Description=ÌÇãÑ ÇäÊÎÇÈ Èíä 5 ËÇÈÊ ÎÑæÌí (ãäÈÚ ÊÛĞíå ËÇÈÊ) íÇ ÇäÊÎÇÈ ÎÑæÌí ÔÇÑÑ ÈÑÇí ŞİÓå
Change Component Description : Designator=JUSB_Ch9 Old Description=ÌÇãÑ ÇäÊÎÇÈ Èíä 5 ËÇÈÊ ÎÑæÌí (ãäÈÚ ÊÛĞíå ËÇÈÊ) íÇ ÇäÊÎÇÈ ÎÑæÌí ÔÇÑÑ ÈÑÇí ŞİÓå New Description=ÌÇãÑ ÇäÊÎÇÈ Èíä 5 ËÇÈÊ ÎÑæÌí (ãäÈÚ ÊÛĞíå ËÇÈÊ) íÇ ÇäÊÎÇÈ ÎÑæÌí ÔÇÑÑ ÈÑÇí ŞİÓå
Change Component Description : Designator=JUSB_Ch10 Old Description=ÌÇãÑ ÇäÊÎÇÈ Èíä 5 ËÇÈÊ ÎÑæÌí (ãäÈÚ ÊÛĞíå ËÇÈÊ) íÇ ÇäÊÎÇÈ ÎÑæÌí ÔÇÑÑ ÈÑÇí ŞİÓå New Description=ÌÇãÑ ÇäÊÎÇÈ Èíä 5 ËÇÈÊ ÎÑæÌí (ãäÈÚ ÊÛĞíå ËÇÈÊ) íÇ ÇäÊÎÇÈ ÎÑæÌí ÔÇÑÑ ÈÑÇí ŞİÓå
Change Component Description : Designator=ChAnd_Ch1 Old Description=æÑæÏí ÇÒ ÔÇÑÑ ÇäÏÑæííÏ New Description=æÑæÏí ÇÒ ÔÇÑÑ ÇäÏÑæííÏ
Change Component Description : Designator=ChAnd_Ch2 Old Description=æÑæÏí ÇÒ ÔÇÑÑ ÇäÏÑæííÏ New Description=æÑæÏí ÇÒ ÔÇÑÑ ÇäÏÑæííÏ
Change Component Description : Designator=ChAnd_Ch3 Old Description=æÑæÏí ÇÒ ÔÇÑÑ ÇäÏÑæííÏ New Description=æÑæÏí ÇÒ ÔÇÑÑ ÇäÏÑæííÏ
Change Component Description : Designator=ChAnd_Ch4 Old Description=æÑæÏí ÇÒ ÔÇÑÑ ÇäÏÑæííÏ New Description=æÑæÏí ÇÒ ÔÇÑÑ ÇäÏÑæííÏ
Change Component Description : Designator=ChAnd_Ch5 Old Description=æÑæÏí ÇÒ ÔÇÑÑ ÇäÏÑæííÏ New Description=æÑæÏí ÇÒ ÔÇÑÑ ÇäÏÑæííÏ
Change Component Description : Designator=ChAnd_Ch6 Old Description=æÑæÏí ÇÒ ÔÇÑÑ ÇäÏÑæííÏ New Description=æÑæÏí ÇÒ ÔÇÑÑ ÇäÏÑæííÏ
Change Component Description : Designator=ChAnd_Ch7 Old Description=æÑæÏí ÇÒ ÔÇÑÑ ÇäÏÑæííÏ New Description=æÑæÏí ÇÒ ÔÇÑÑ ÇäÏÑæííÏ
Change Component Description : Designator=ChAnd_Ch8 Old Description=æÑæÏí ÇÒ ÔÇÑÑ ÇäÏÑæííÏ New Description=æÑæÏí ÇÒ ÔÇÑÑ ÇäÏÑæííÏ
Change Component Description : Designator=ChAnd_Ch9 Old Description=æÑæÏí ÇÒ ÔÇÑÑ ÇäÏÑæííÏ New Description=æÑæÏí ÇÒ ÔÇÑÑ ÇäÏÑæííÏ
Change Component Description : Designator=ChAnd_Ch10 Old Description=æÑæÏí ÇÒ ÔÇÑÑ ÇäÏÑæííÏ New Description=æÑæÏí ÇÒ ÔÇÑÑ ÇäÏÑæííÏ
Change Component Description : Designator=ChIP_Ch1 Old Description=æÑæÏí ÇÒ ÔÇÑÑ ÇäÏÑæííÏ New Description=æÑæÏí ÇÒ ÔÇÑÑ ÇäÏÑæííÏ
Change Component Description : Designator=ChIP_Ch2 Old Description=æÑæÏí ÇÒ ÔÇÑÑ ÇäÏÑæííÏ New Description=æÑæÏí ÇÒ ÔÇÑÑ ÇäÏÑæííÏ
Change Component Description : Designator=ChIP_Ch3 Old Description=æÑæÏí ÇÒ ÔÇÑÑ ÇäÏÑæííÏ New Description=æÑæÏí ÇÒ ÔÇÑÑ ÇäÏÑæííÏ
Change Component Description : Designator=ChIP_Ch4 Old Description=æÑæÏí ÇÒ ÔÇÑÑ ÇäÏÑæííÏ New Description=æÑæÏí ÇÒ ÔÇÑÑ ÇäÏÑæííÏ
Change Component Description : Designator=ChIP_Ch5 Old Description=æÑæÏí ÇÒ ÔÇÑÑ ÇäÏÑæííÏ New Description=æÑæÏí ÇÒ ÔÇÑÑ ÇäÏÑæííÏ
Change Component Description : Designator=ChIP_Ch6 Old Description=æÑæÏí ÇÒ ÔÇÑÑ ÇäÏÑæííÏ New Description=æÑæÏí ÇÒ ÔÇÑÑ ÇäÏÑæííÏ
Change Component Description : Designator=ChIP_Ch7 Old Description=æÑæÏí ÇÒ ÔÇÑÑ ÇäÏÑæííÏ New Description=æÑæÏí ÇÒ ÔÇÑÑ ÇäÏÑæííÏ
Change Component Description : Designator=ChIP_Ch8 Old Description=æÑæÏí ÇÒ ÔÇÑÑ ÇäÏÑæííÏ New Description=æÑæÏí ÇÒ ÔÇÑÑ ÇäÏÑæííÏ
Change Component Description : Designator=ChIP_Ch9 Old Description=æÑæÏí ÇÒ ÔÇÑÑ ÇäÏÑæííÏ New Description=æÑæÏí ÇÒ ÔÇÑÑ ÇäÏÑæííÏ
Change Component Description : Designator=ChIP_Ch10 Old Description=æÑæÏí ÇÒ ÔÇÑÑ ÇäÏÑæííÏ New Description=æÑæÏí ÇÒ ÔÇÑÑ ÇäÏÑæííÏ
Change Component Description : Designator=ChTC_Ch1 Old Description=æÑæÏí ÇÒ ÔÇÑÑ ÇäÏÑæííÏ New Description=æÑæÏí ÇÒ ÔÇÑÑ ÇäÏÑæííÏ
Change Component Description : Designator=ChTC_Ch2 Old Description=æÑæÏí ÇÒ ÔÇÑÑ ÇäÏÑæííÏ New Description=æÑæÏí ÇÒ ÔÇÑÑ ÇäÏÑæííÏ
Change Component Description : Designator=ChTC_Ch3 Old Description=æÑæÏí ÇÒ ÔÇÑÑ ÇäÏÑæííÏ New Description=æÑæÏí ÇÒ ÔÇÑÑ ÇäÏÑæííÏ
Change Component Description : Designator=ChTC_Ch4 Old Description=æÑæÏí ÇÒ ÔÇÑÑ ÇäÏÑæííÏ New Description=æÑæÏí ÇÒ ÔÇÑÑ ÇäÏÑæííÏ
Change Component Description : Designator=ChTC_Ch5 Old Description=æÑæÏí ÇÒ ÔÇÑÑ ÇäÏÑæííÏ New Description=æÑæÏí ÇÒ ÔÇÑÑ ÇäÏÑæííÏ
Change Component Description : Designator=ChTC_Ch6 Old Description=æÑæÏí ÇÒ ÔÇÑÑ ÇäÏÑæííÏ New Description=æÑæÏí ÇÒ ÔÇÑÑ ÇäÏÑæííÏ
Change Component Description : Designator=ChTC_Ch7 Old Description=æÑæÏí ÇÒ ÔÇÑÑ ÇäÏÑæííÏ New Description=æÑæÏí ÇÒ ÔÇÑÑ ÇäÏÑæííÏ
Change Component Description : Designator=ChTC_Ch8 Old Description=æÑæÏí ÇÒ ÔÇÑÑ ÇäÏÑæííÏ New Description=æÑæÏí ÇÒ ÔÇÑÑ ÇäÏÑæííÏ
Change Component Description : Designator=ChTC_Ch9 Old Description=æÑæÏí ÇÒ ÔÇÑÑ ÇäÏÑæííÏ New Description=æÑæÏí ÇÒ ÔÇÑÑ ÇäÏÑæííÏ
Change Component Description : Designator=ChTC_Ch10 Old Description=æÑæÏí ÇÒ ÔÇÑÑ ÇäÏÑæííÏ New Description=æÑæÏí ÇÒ ÔÇÑÑ ÇäÏÑæííÏ
Change Component Description : Designator=ChUSB_Ch1 Old Description=æÑæÏí ÇÒ ÔÇÑÑ ÇäÏÑæííÏ New Description=æÑæÏí ÇÒ ÔÇÑÑ ÇäÏÑæííÏ
Change Component Description : Designator=ChUSB_Ch2 Old Description=æÑæÏí ÇÒ ÔÇÑÑ ÇäÏÑæííÏ New Description=æÑæÏí ÇÒ ÔÇÑÑ ÇäÏÑæííÏ
Change Component Description : Designator=ChUSB_Ch3 Old Description=æÑæÏí ÇÒ ÔÇÑÑ ÇäÏÑæííÏ New Description=æÑæÏí ÇÒ ÔÇÑÑ ÇäÏÑæííÏ
Change Component Description : Designator=ChUSB_Ch4 Old Description=æÑæÏí ÇÒ ÔÇÑÑ ÇäÏÑæííÏ New Description=æÑæÏí ÇÒ ÔÇÑÑ ÇäÏÑæííÏ
Change Component Description : Designator=ChUSB_Ch5 Old Description=æÑæÏí ÇÒ ÔÇÑÑ ÇäÏÑæííÏ New Description=æÑæÏí ÇÒ ÔÇÑÑ ÇäÏÑæííÏ
Change Component Description : Designator=ChUSB_Ch6 Old Description=æÑæÏí ÇÒ ÔÇÑÑ ÇäÏÑæííÏ New Description=æÑæÏí ÇÒ ÔÇÑÑ ÇäÏÑæííÏ
Change Component Description : Designator=ChUSB_Ch7 Old Description=æÑæÏí ÇÒ ÔÇÑÑ ÇäÏÑæííÏ New Description=æÑæÏí ÇÒ ÔÇÑÑ ÇäÏÑæííÏ
Change Component Description : Designator=ChUSB_Ch8 Old Description=æÑæÏí ÇÒ ÔÇÑÑ ÇäÏÑæííÏ New Description=æÑæÏí ÇÒ ÔÇÑÑ ÇäÏÑæííÏ
Change Component Description : Designator=ChUSB_Ch9 Old Description=æÑæÏí ÇÒ ÔÇÑÑ ÇäÏÑæííÏ New Description=æÑæÏí ÇÒ ÔÇÑÑ ÇäÏÑæííÏ
Change Component Description : Designator=ChUSB_Ch10 Old Description=æÑæÏí ÇÒ ÔÇÑÑ ÇäÏÑæííÏ New Description=æÑæÏí ÇÒ ÔÇÑÑ ÇäÏÑæííÏ
Added Pin To Net: NetName=AndGND_Ch1 Pin=D1_Ch1-A
Added Pin To Net: NetName=AndGND_Ch2 Pin=D1_Ch2-A
Added Pin To Net: NetName=AndGND_Ch3 Pin=D1_Ch3-A
Added Pin To Net: NetName=AndGND_Ch4 Pin=D1_Ch4-A
Added Pin To Net: NetName=AndGND_Ch5 Pin=D1_Ch5-A
Added Pin To Net: NetName=AndGND_Ch6 Pin=D1_Ch6-A
Added Pin To Net: NetName=AndGND_Ch7 Pin=D1_Ch7-A
Added Pin To Net: NetName=AndGND_Ch8 Pin=D1_Ch8-A
Added Pin To Net: NetName=AndGND_Ch9 Pin=D1_Ch9-A
Added Pin To Net: NetName=AndGND_Ch10 Pin=D1_Ch10-A
Added Pin To Net: NetName=IPGND_Ch1 Pin=D2_Ch1-A
Added Pin To Net: NetName=IPGND_Ch2 Pin=D2_Ch2-A
Added Pin To Net: NetName=IPGND_Ch3 Pin=D2_Ch3-A
Added Pin To Net: NetName=IPGND_Ch4 Pin=D2_Ch4-A
Added Pin To Net: NetName=IPGND_Ch5 Pin=D2_Ch5-A
Added Pin To Net: NetName=IPGND_Ch6 Pin=D2_Ch6-A
Added Pin To Net: NetName=IPGND_Ch7 Pin=D2_Ch7-A
Added Pin To Net: NetName=IPGND_Ch8 Pin=D2_Ch8-A
Added Pin To Net: NetName=IPGND_Ch9 Pin=D2_Ch9-A
Added Pin To Net: NetName=IPGND_Ch10 Pin=D2_Ch10-A
Added Pin To Net: NetName=AndGND_Ch1 Pin=D3_Ch1-A
Added Pin To Net: NetName=AndGND_Ch2 Pin=D3_Ch2-A
Added Pin To Net: NetName=AndGND_Ch3 Pin=D3_Ch3-A
Added Pin To Net: NetName=AndGND_Ch4 Pin=D3_Ch4-A
Added Pin To Net: NetName=AndGND_Ch5 Pin=D3_Ch5-A
Added Pin To Net: NetName=AndGND_Ch6 Pin=D3_Ch6-A
Added Pin To Net: NetName=AndGND_Ch7 Pin=D3_Ch7-A
Added Pin To Net: NetName=AndGND_Ch8 Pin=D3_Ch8-A
Added Pin To Net: NetName=AndGND_Ch9 Pin=D3_Ch9-A
Added Pin To Net: NetName=AndGND_Ch10 Pin=D3_Ch10-A
Added Pin To Net: NetName=IPGND_Ch1 Pin=D4_Ch1-A
Added Pin To Net: NetName=IPGND_Ch2 Pin=D4_Ch2-A
Added Pin To Net: NetName=IPGND_Ch3 Pin=D4_Ch3-A
Added Pin To Net: NetName=IPGND_Ch4 Pin=D4_Ch4-A
Added Pin To Net: NetName=IPGND_Ch5 Pin=D4_Ch5-A
Added Pin To Net: NetName=IPGND_Ch6 Pin=D4_Ch6-A
Added Pin To Net: NetName=IPGND_Ch7 Pin=D4_Ch7-A
Added Pin To Net: NetName=IPGND_Ch8 Pin=D4_Ch8-A
Added Pin To Net: NetName=IPGND_Ch9 Pin=D4_Ch9-A
Added Pin To Net: NetName=IPGND_Ch10 Pin=D4_Ch10-A
Added Pin To Net: NetName=TCGND_Ch1 Pin=D5_Ch1-A
Added Pin To Net: NetName=TCGND_Ch2 Pin=D5_Ch2-A
Added Pin To Net: NetName=TCGND_Ch3 Pin=D5_Ch3-A
Added Pin To Net: NetName=TCGND_Ch4 Pin=D5_Ch4-A
Added Pin To Net: NetName=TCGND_Ch5 Pin=D5_Ch5-A
Added Pin To Net: NetName=TCGND_Ch6 Pin=D5_Ch6-A
Added Pin To Net: NetName=TCGND_Ch7 Pin=D5_Ch7-A
Added Pin To Net: NetName=TCGND_Ch8 Pin=D5_Ch8-A
Added Pin To Net: NetName=TCGND_Ch9 Pin=D5_Ch9-A
Added Pin To Net: NetName=TCGND_Ch10 Pin=D5_Ch10-A
Added Pin To Net: NetName=NetD6_Ch1_2 Pin=D6_Ch1-A
Added Pin To Net: NetName=NetD6_Ch2_2 Pin=D6_Ch2-A
Added Pin To Net: NetName=NetD6_Ch3_2 Pin=D6_Ch3-A
Added Pin To Net: NetName=NetD6_Ch4_2 Pin=D6_Ch4-A
Added Pin To Net: NetName=NetD6_Ch5_2 Pin=D6_Ch5-A
Added Pin To Net: NetName=NetD6_Ch6_2 Pin=D6_Ch6-A
Added Pin To Net: NetName=NetD6_Ch7_2 Pin=D6_Ch7-A
Added Pin To Net: NetName=NetD6_Ch8_2 Pin=D6_Ch8-A
Added Pin To Net: NetName=NetD6_Ch9_2 Pin=D6_Ch9-A
Added Pin To Net: NetName=NetD6_Ch10_2 Pin=D6_Ch10-A
Added Pin To Net: NetName=TCGND_Ch1 Pin=D7_Ch1-A
Added Pin To Net: NetName=TCGND_Ch2 Pin=D7_Ch2-A
Added Pin To Net: NetName=TCGND_Ch3 Pin=D7_Ch3-A
Added Pin To Net: NetName=TCGND_Ch4 Pin=D7_Ch4-A
Added Pin To Net: NetName=TCGND_Ch5 Pin=D7_Ch5-A
Added Pin To Net: NetName=TCGND_Ch6 Pin=D7_Ch6-A
Added Pin To Net: NetName=TCGND_Ch7 Pin=D7_Ch7-A
Added Pin To Net: NetName=TCGND_Ch8 Pin=D7_Ch8-A
Added Pin To Net: NetName=TCGND_Ch9 Pin=D7_Ch9-A
Added Pin To Net: NetName=TCGND_Ch10 Pin=D7_Ch10-A
Added Pin To Net: NetName=NetD8_Ch1_2 Pin=D8_Ch1-A
Added Pin To Net: NetName=NetD8_Ch2_2 Pin=D8_Ch2-A
Added Pin To Net: NetName=NetD8_Ch3_2 Pin=D8_Ch3-A
Added Pin To Net: NetName=NetD8_Ch4_2 Pin=D8_Ch4-A
Added Pin To Net: NetName=NetD8_Ch5_2 Pin=D8_Ch5-A
Added Pin To Net: NetName=NetD8_Ch6_2 Pin=D8_Ch6-A
Added Pin To Net: NetName=NetD8_Ch7_2 Pin=D8_Ch7-A
Added Pin To Net: NetName=NetD8_Ch8_2 Pin=D8_Ch8-A
Added Pin To Net: NetName=NetD8_Ch9_2 Pin=D8_Ch9-A
Added Pin To Net: NetName=NetD8_Ch10_2 Pin=D8_Ch10-A
Added Pin To Net: NetName=GNDYL5 Pin=D11_HCFetG1-A
Added Pin To Net: NetName=GNDYL4 Pin=D11_HCFetG2-A
Added Pin To Net: NetName=GNDYL3 Pin=D11_HCFetG3-A
Added Pin To Net: NetName=GNDYL2 Pin=D11_HCFetG4-A
Added Pin To Net: NetName=GNDYL1 Pin=D11_HCFetG5-A
Added Pin To Net: NetName=GNDY5 Pin=D11_HCFetG6-A
Added Pin To Net: NetName=GNDY4 Pin=D11_HCFetG7-A
Added Pin To Net: NetName=GNDY3 Pin=D11_HCFetG8-A
Added Pin To Net: NetName=GNDY2 Pin=D11_HCFetG9-A
Added Pin To Net: NetName=GNDY1 Pin=D11_HCFetG10-A
Added Pin To Net: NetName=LR2-2V Pin=D12_HCFetV1-A
Added Pin To Net: NetName=LY2-2V Pin=D12_HCFetV2-A
Added Pin To Net: NetName=LG2-2V Pin=D12_HCFetV3-A
Added Pin To Net: NetName=F2-12V Pin=D12_HCFetV4-A
Added Pin To Net: NetName=Lock2-12V Pin=D12_HCFetV5-A
Added Pin To Net: NetName=LR1-2V Pin=D12_HCFetV6-A
Added Pin To Net: NetName=LY1-2V Pin=D12_HCFetV7-A
Added Pin To Net: NetName=LG1-2V Pin=D12_HCFetV8-A
Added Pin To Net: NetName=F1-12V Pin=D12_HCFetV9-A
Added Pin To Net: NetName=Lock1-12V Pin=D12_HCFetV10-A
Added Pin To Net: NetName=MSWSen10 Pin=D14_SenIn1-A
Added Pin To Net: NetName=MSWSen9 Pin=D14_SenIn2-A
Added Pin To Net: NetName=MSWSen8 Pin=D14_SenIn3-A
Added Pin To Net: NetName=MSWSen7 Pin=D14_SenIn4-A
Added Pin To Net: NetName=MSWSen6 Pin=D14_SenIn5-A
Added Pin To Net: NetName=MSWSen5 Pin=D14_SenIn6-A
Added Pin To Net: NetName=MSWSen4 Pin=D14_SenIn7-A
Added Pin To Net: NetName=MSWSen3 Pin=D14_SenIn8-A
Added Pin To Net: NetName=MSWSen2 Pin=D14_SenIn9-A
Added Pin To Net: NetName=MSWSen1 Pin=D14_SenIn10-A
Added Pin To Net: NetName=SCL10 Pin=D15_SenIn1-A
Added Pin To Net: NetName=SCL9 Pin=D15_SenIn2-A
Added Pin To Net: NetName=SCL8 Pin=D15_SenIn3-A
Added Pin To Net: NetName=SCL7 Pin=D15_SenIn4-A
Added Pin To Net: NetName=SCL6 Pin=D15_SenIn5-A
Added Pin To Net: NetName=SCL5 Pin=D15_SenIn6-A
Added Pin To Net: NetName=SCL4 Pin=D15_SenIn7-A
Added Pin To Net: NetName=SCL3 Pin=D15_SenIn8-A
Added Pin To Net: NetName=SCL2 Pin=D15_SenIn9-A
Added Pin To Net: NetName=SCL1 Pin=D15_SenIn10-A
Added Pin To Net: NetName=SDA10 Pin=D16_SenIn1-A
Added Pin To Net: NetName=SDA9 Pin=D16_SenIn2-A
Added Pin To Net: NetName=SDA8 Pin=D16_SenIn3-A
Added Pin To Net: NetName=SDA7 Pin=D16_SenIn4-A
Added Pin To Net: NetName=SDA6 Pin=D16_SenIn5-A
Added Pin To Net: NetName=SDA5 Pin=D16_SenIn6-A
Added Pin To Net: NetName=SDA4 Pin=D16_SenIn7-A
Added Pin To Net: NetName=SDA3 Pin=D16_SenIn8-A
Added Pin To Net: NetName=SDA2 Pin=D16_SenIn9-A
Added Pin To Net: NetName=SDA1 Pin=D16_SenIn10-A
Added Pin To Net: NetName=PhSen10 Pin=D17_SenIn1-A
Added Pin To Net: NetName=PhSen9 Pin=D17_SenIn2-A
Added Pin To Net: NetName=PhSen8 Pin=D17_SenIn3-A
Added Pin To Net: NetName=PhSen7 Pin=D17_SenIn4-A
Added Pin To Net: NetName=PhSen6 Pin=D17_SenIn5-A
Added Pin To Net: NetName=PhSen5 Pin=D17_SenIn6-A
Added Pin To Net: NetName=PhSen4 Pin=D17_SenIn7-A
Added Pin To Net: NetName=PhSen3 Pin=D17_SenIn8-A
Added Pin To Net: NetName=PhSen2 Pin=D17_SenIn9-A
Added Pin To Net: NetName=PhSen1 Pin=D17_SenIn10-A
Added Pin To Net: NetName=MoX1VCC Pin=PHC_Ch1-9
Added Pin To Net: NetName=MoY1VCC Pin=PHC_Ch1-10
Added Pin To Net: NetName=GNDY1 Pin=PHC_Ch1-11
Added Pin To Net: NetName=Lock1-12V Pin=PHC_Ch1-12
Added Pin To Net: NetName=MoX1VCC Pin=PHC_Ch2-9
Added Pin To Net: NetName=MoY2VCC Pin=PHC_Ch2-10
Added Pin To Net: NetName=GNDY2 Pin=PHC_Ch2-11
Added Pin To Net: NetName=Lock1-12V Pin=PHC_Ch2-12
Added Pin To Net: NetName=MoX1VCC Pin=PHC_Ch3-9
Added Pin To Net: NetName=MoY3VCC Pin=PHC_Ch3-10
Added Pin To Net: NetName=GNDY3 Pin=PHC_Ch3-11
Added Pin To Net: NetName=Lock1-12V Pin=PHC_Ch3-12
Added Pin To Net: NetName=MoX1VCC Pin=PHC_Ch4-9
Added Pin To Net: NetName=MoY4VCC Pin=PHC_Ch4-10
Added Pin To Net: NetName=GNDY4 Pin=PHC_Ch4-11
Added Pin To Net: NetName=Lock1-12V Pin=PHC_Ch4-12
Added Pin To Net: NetName=MoX1VCC Pin=PHC_Ch5-9
Added Pin To Net: NetName=MoY5VCC Pin=PHC_Ch5-10
Added Pin To Net: NetName=GNDY5 Pin=PHC_Ch5-11
Added Pin To Net: NetName=Lock1-12V Pin=PHC_Ch5-12
Added Pin To Net: NetName=MoX2VCC Pin=PHC_Ch6-9
Added Pin To Net: NetName=MoY1VCC Pin=PHC_Ch6-10
Added Pin To Net: NetName=GNDY1 Pin=PHC_Ch6-11
Added Pin To Net: NetName=Lock2-12V Pin=PHC_Ch6-12
Added Pin To Net: NetName=MoX2VCC Pin=PHC_Ch7-9
Added Pin To Net: NetName=MoY2VCC Pin=PHC_Ch7-10
Added Pin To Net: NetName=GNDY2 Pin=PHC_Ch7-11
Added Pin To Net: NetName=Lock2-12V Pin=PHC_Ch7-12
Added Pin To Net: NetName=MoX2VCC Pin=PHC_Ch8-9
Added Pin To Net: NetName=MoY3VCC Pin=PHC_Ch8-10
Added Pin To Net: NetName=GNDY3 Pin=PHC_Ch8-11
Added Pin To Net: NetName=Lock2-12V Pin=PHC_Ch8-12
Added Pin To Net: NetName=MoX2VCC Pin=PHC_Ch9-9
Added Pin To Net: NetName=MoY4VCC Pin=PHC_Ch9-10
Added Pin To Net: NetName=GNDY4 Pin=PHC_Ch9-11
Added Pin To Net: NetName=Lock2-12V Pin=PHC_Ch9-12
Added Pin To Net: NetName=MoX2VCC Pin=PHC_Ch10-9
Added Pin To Net: NetName=MoY5VCC Pin=PHC_Ch10-10
Added Pin To Net: NetName=GNDY5 Pin=PHC_Ch10-11
Added Pin To Net: NetName=Lock2-12V Pin=PHC_Ch10-12
Added Pin To Net: NetName=GRAnd_Ch1 Pin=R2_Ch1-1
Added Pin To Net: NetName=GRAnd_Ch2 Pin=R2_Ch2-1
Added Pin To Net: NetName=GRAnd_Ch3 Pin=R2_Ch3-1
Added Pin To Net: NetName=GRAnd_Ch4 Pin=R2_Ch4-1
Added Pin To Net: NetName=GRAnd_Ch5 Pin=R2_Ch5-1
Added Pin To Net: NetName=GRAnd_Ch6 Pin=R2_Ch6-1
Added Pin To Net: NetName=GRAnd_Ch7 Pin=R2_Ch7-1
Added Pin To Net: NetName=GRAnd_Ch8 Pin=R2_Ch8-1
Added Pin To Net: NetName=GRAnd_Ch9 Pin=R2_Ch9-1
Added Pin To Net: NetName=GRAnd_Ch10 Pin=R2_Ch10-1
Added Pin To Net: NetName=GMAnd_Ch1 Pin=R6_Ch1-1
Added Pin To Net: NetName=GMAnd_Ch2 Pin=R6_Ch2-1
Added Pin To Net: NetName=GMAnd_Ch3 Pin=R6_Ch3-1
Added Pin To Net: NetName=GMAnd_Ch4 Pin=R6_Ch4-1
Added Pin To Net: NetName=GMAnd_Ch5 Pin=R6_Ch5-1
Added Pin To Net: NetName=GMAnd_Ch6 Pin=R6_Ch6-1
Added Pin To Net: NetName=GMAnd_Ch7 Pin=R6_Ch7-1
Added Pin To Net: NetName=GMAnd_Ch8 Pin=R6_Ch8-1
Added Pin To Net: NetName=GMAnd_Ch9 Pin=R6_Ch9-1
Added Pin To Net: NetName=GMAnd_Ch10 Pin=R6_Ch10-1
Change Net Name : Old Net Name=MoX1VCC New Net Name=MoX1
Change Net Name : Old Net Name=MoX2VCC New Net Name=MoX2
Change Net Name : Old Net Name=MoY1VCC New Net Name=MoY1
Change Net Name : Old Net Name=MoY2VCC New Net Name=MoY2
Change Net Name : Old Net Name=MoY3VCC New Net Name=MoY3
Change Net Name : Old Net Name=MoY4VCC New Net Name=MoY4
Change Net Name : Old Net Name=MoY5VCC New Net Name=MoY5
