Added Pin To Net: NetName=AndGND_Ch1 Pin=D1_Ch1-A
Added Pin To Net: NetName=AndGND_Ch2 Pin=D1_Ch2-A
Added Pin To Net: NetName=AndGND_Ch3 Pin=D1_Ch3-A
Added Pin To Net: NetName=AndGND_Ch4 Pin=D1_Ch4-A
Added Pin To Net: NetName=AndGND_Ch5 Pin=D1_Ch5-A
Added Pin To Net: NetName=AndGND_Ch6 Pin=D1_Ch6-A
Added Pin To Net: NetName=AndGND_Ch7 Pin=D1_Ch7-A
Added Pin To Net: NetName=AndGND_Ch8 Pin=D1_Ch8-A
Added Pin To Net: NetName=AndGND_Ch9 Pin=D1_Ch9-A
Added Pin To Net: NetName=AndGND_Ch10 Pin=D1_Ch10-A
Added Pin To Net: NetName=IPGND_Ch1 Pin=D2_Ch1-A
Added Pin To Net: NetName=IPGND_Ch2 Pin=D2_Ch2-A
Added Pin To Net: NetName=IPGND_Ch3 Pin=D2_Ch3-A
Added Pin To Net: NetName=IPGND_Ch4 Pin=D2_Ch4-A
Added Pin To Net: NetName=IPGND_Ch5 Pin=D2_Ch5-A
Added Pin To Net: NetName=IPGND_Ch6 Pin=D2_Ch6-A
Added Pin To Net: NetName=IPGND_Ch7 Pin=D2_Ch7-A
Added Pin To Net: NetName=IPGND_Ch8 Pin=D2_Ch8-A
Added Pin To Net: NetName=IPGND_Ch9 Pin=D2_Ch9-A
Added Pin To Net: NetName=IPGND_Ch10 Pin=D2_Ch10-A
Added Pin To Net: NetName=AndGND_Ch1 Pin=D3_Ch1-A
Added Pin To Net: NetName=AndGND_Ch2 Pin=D3_Ch2-A
Added Pin To Net: NetName=AndGND_Ch3 Pin=D3_Ch3-A
Added Pin To Net: NetName=AndGND_Ch4 Pin=D3_Ch4-A
Added Pin To Net: NetName=AndGND_Ch5 Pin=D3_Ch5-A
Added Pin To Net: NetName=AndGND_Ch6 Pin=D3_Ch6-A
Added Pin To Net: NetName=AndGND_Ch7 Pin=D3_Ch7-A
Added Pin To Net: NetName=AndGND_Ch8 Pin=D3_Ch8-A
Added Pin To Net: NetName=AndGND_Ch9 Pin=D3_Ch9-A
Added Pin To Net: NetName=AndGND_Ch10 Pin=D3_Ch10-A
Added Pin To Net: NetName=IPGND_Ch1 Pin=D4_Ch1-A
Added Pin To Net: NetName=IPGND_Ch2 Pin=D4_Ch2-A
Added Pin To Net: NetName=IPGND_Ch3 Pin=D4_Ch3-A
Added Pin To Net: NetName=IPGND_Ch4 Pin=D4_Ch4-A
Added Pin To Net: NetName=IPGND_Ch5 Pin=D4_Ch5-A
Added Pin To Net: NetName=IPGND_Ch6 Pin=D4_Ch6-A
Added Pin To Net: NetName=IPGND_Ch7 Pin=D4_Ch7-A
Added Pin To Net: NetName=IPGND_Ch8 Pin=D4_Ch8-A
Added Pin To Net: NetName=IPGND_Ch9 Pin=D4_Ch9-A
Added Pin To Net: NetName=IPGND_Ch10 Pin=D4_Ch10-A
Added Pin To Net: NetName=TCGND_Ch1 Pin=D5_Ch1-A
Added Pin To Net: NetName=TCGND_Ch2 Pin=D5_Ch2-A
Added Pin To Net: NetName=TCGND_Ch3 Pin=D5_Ch3-A
Added Pin To Net: NetName=TCGND_Ch4 Pin=D5_Ch4-A
Added Pin To Net: NetName=TCGND_Ch5 Pin=D5_Ch5-A
Added Pin To Net: NetName=TCGND_Ch6 Pin=D5_Ch6-A
Added Pin To Net: NetName=TCGND_Ch7 Pin=D5_Ch7-A
Added Pin To Net: NetName=TCGND_Ch8 Pin=D5_Ch8-A
Added Pin To Net: NetName=TCGND_Ch9 Pin=D5_Ch9-A
Added Pin To Net: NetName=TCGND_Ch10 Pin=D5_Ch10-A
Added Pin To Net: NetName=NetD6_Ch1_2 Pin=D6_Ch1-A
Added Pin To Net: NetName=NetD6_Ch2_2 Pin=D6_Ch2-A
Added Pin To Net: NetName=NetD6_Ch3_2 Pin=D6_Ch3-A
Added Pin To Net: NetName=NetD6_Ch4_2 Pin=D6_Ch4-A
Added Pin To Net: NetName=NetD6_Ch5_2 Pin=D6_Ch5-A
Added Pin To Net: NetName=NetD6_Ch6_2 Pin=D6_Ch6-A
Added Pin To Net: NetName=NetD6_Ch7_2 Pin=D6_Ch7-A
Added Pin To Net: NetName=NetD6_Ch8_2 Pin=D6_Ch8-A
Added Pin To Net: NetName=NetD6_Ch9_2 Pin=D6_Ch9-A
Added Pin To Net: NetName=NetD6_Ch10_2 Pin=D6_Ch10-A
Added Pin To Net: NetName=TCGND_Ch1 Pin=D7_Ch1-A
Added Pin To Net: NetName=TCGND_Ch2 Pin=D7_Ch2-A
Added Pin To Net: NetName=TCGND_Ch3 Pin=D7_Ch3-A
Added Pin To Net: NetName=TCGND_Ch4 Pin=D7_Ch4-A
Added Pin To Net: NetName=TCGND_Ch5 Pin=D7_Ch5-A
Added Pin To Net: NetName=TCGND_Ch6 Pin=D7_Ch6-A
Added Pin To Net: NetName=TCGND_Ch7 Pin=D7_Ch7-A
Added Pin To Net: NetName=TCGND_Ch8 Pin=D7_Ch8-A
Added Pin To Net: NetName=TCGND_Ch9 Pin=D7_Ch9-A
Added Pin To Net: NetName=TCGND_Ch10 Pin=D7_Ch10-A
Added Pin To Net: NetName=NetD8_Ch1_2 Pin=D8_Ch1-A
Added Pin To Net: NetName=NetD8_Ch2_2 Pin=D8_Ch2-A
Added Pin To Net: NetName=NetD8_Ch3_2 Pin=D8_Ch3-A
Added Pin To Net: NetName=NetD8_Ch4_2 Pin=D8_Ch4-A
Added Pin To Net: NetName=NetD8_Ch5_2 Pin=D8_Ch5-A
Added Pin To Net: NetName=NetD8_Ch6_2 Pin=D8_Ch6-A
Added Pin To Net: NetName=NetD8_Ch7_2 Pin=D8_Ch7-A
Added Pin To Net: NetName=NetD8_Ch8_2 Pin=D8_Ch8-A
Added Pin To Net: NetName=NetD8_Ch9_2 Pin=D8_Ch9-A
Added Pin To Net: NetName=NetD8_Ch10_2 Pin=D8_Ch10-A
Added Pin To Net: NetName=GNDYL5 Pin=D11_HCFetG1-A
Added Pin To Net: NetName=GNDYL4 Pin=D11_HCFetG2-A
Added Pin To Net: NetName=GNDYL3 Pin=D11_HCFetG3-A
Added Pin To Net: NetName=GNDYL2 Pin=D11_HCFetG4-A
Added Pin To Net: NetName=GNDYL1 Pin=D11_HCFetG5-A
Added Pin To Net: NetName=GNDY5 Pin=D11_HCFetG6-A
Added Pin To Net: NetName=GNDY4 Pin=D11_HCFetG7-A
Added Pin To Net: NetName=GNDY3 Pin=D11_HCFetG8-A
Added Pin To Net: NetName=GNDY2 Pin=D11_HCFetG9-A
Added Pin To Net: NetName=GNDY1 Pin=D11_HCFetG10-A
Added Pin To Net: NetName=LR2-2V Pin=D12_HCFetV1-A
Added Pin To Net: NetName=LY2-2V Pin=D12_HCFetV2-A
Added Pin To Net: NetName=LG2-2V Pin=D12_HCFetV3-A
Added Pin To Net: NetName=F2-12V Pin=D12_HCFetV4-A
Added Pin To Net: NetName=Lock2-12V Pin=D12_HCFetV5-A
Added Pin To Net: NetName=LR1-2V Pin=D12_HCFetV6-A
Added Pin To Net: NetName=LY1-2V Pin=D12_HCFetV7-A
Added Pin To Net: NetName=LG1-2V Pin=D12_HCFetV8-A
Added Pin To Net: NetName=F1-12V Pin=D12_HCFetV9-A
Added Pin To Net: NetName=Lock1-12V Pin=D12_HCFetV10-A
Added Pin To Net: NetName=MSWSen10 Pin=D14_SenIn1-A
Added Pin To Net: NetName=MSWSen9 Pin=D14_SenIn2-A
Added Pin To Net: NetName=MSWSen8 Pin=D14_SenIn3-A
Added Pin To Net: NetName=MSWSen7 Pin=D14_SenIn4-A
Added Pin To Net: NetName=MSWSen6 Pin=D14_SenIn5-A
Added Pin To Net: NetName=MSWSen5 Pin=D14_SenIn6-A
Added Pin To Net: NetName=MSWSen4 Pin=D14_SenIn7-A
Added Pin To Net: NetName=MSWSen3 Pin=D14_SenIn8-A
Added Pin To Net: NetName=MSWSen2 Pin=D14_SenIn9-A
Added Pin To Net: NetName=MSWSen1 Pin=D14_SenIn10-A
Added Pin To Net: NetName=SCL10 Pin=D15_SenIn1-A
Added Pin To Net: NetName=SCL9 Pin=D15_SenIn2-A
Added Pin To Net: NetName=SCL8 Pin=D15_SenIn3-A
Added Pin To Net: NetName=SCL7 Pin=D15_SenIn4-A
Added Pin To Net: NetName=SCL6 Pin=D15_SenIn5-A
Added Pin To Net: NetName=SCL5 Pin=D15_SenIn6-A
Added Pin To Net: NetName=SCL4 Pin=D15_SenIn7-A
Added Pin To Net: NetName=SCL3 Pin=D15_SenIn8-A
Added Pin To Net: NetName=SCL2 Pin=D15_SenIn9-A
Added Pin To Net: NetName=SCL1 Pin=D15_SenIn10-A
Added Pin To Net: NetName=SDA10 Pin=D16_SenIn1-A
Added Pin To Net: NetName=SDA9 Pin=D16_SenIn2-A
Added Pin To Net: NetName=SDA8 Pin=D16_SenIn3-A
Added Pin To Net: NetName=SDA7 Pin=D16_SenIn4-A
Added Pin To Net: NetName=SDA6 Pin=D16_SenIn5-A
Added Pin To Net: NetName=SDA5 Pin=D16_SenIn6-A
Added Pin To Net: NetName=SDA4 Pin=D16_SenIn7-A
Added Pin To Net: NetName=SDA3 Pin=D16_SenIn8-A
Added Pin To Net: NetName=SDA2 Pin=D16_SenIn9-A
Added Pin To Net: NetName=SDA1 Pin=D16_SenIn10-A
Added Pin To Net: NetName=PhSen10 Pin=D17_SenIn1-A
Added Pin To Net: NetName=PhSen9 Pin=D17_SenIn2-A
Added Pin To Net: NetName=PhSen8 Pin=D17_SenIn3-A
Added Pin To Net: NetName=PhSen7 Pin=D17_SenIn4-A
Added Pin To Net: NetName=PhSen6 Pin=D17_SenIn5-A
Added Pin To Net: NetName=PhSen5 Pin=D17_SenIn6-A
Added Pin To Net: NetName=PhSen4 Pin=D17_SenIn7-A
Added Pin To Net: NetName=PhSen3 Pin=D17_SenIn8-A
Added Pin To Net: NetName=PhSen2 Pin=D17_SenIn9-A
Added Pin To Net: NetName=PhSen1 Pin=D17_SenIn10-A
